{"meta": {"format": 3, "version": "7.14.3", "timestamp": "2026-06-26T13:04:10.126660", "branch_coverage": false, "show_contexts": false}, "files": {"/opt/hostedtoolcache/Python/3.13.14/x64/lib/python3.13/site-packages/stablebear/__init__.py": {"executed_lines": [1, 3, 4, 5, 6, 7, 8, 9, 10, 11, 12, 13, 14, 15, 23, 24, 47, 48, 53], "summary": {"covered_lines": 19, "num_statements": 19, "percent_covered": 100.0, "percent_covered_display": "100", "missing_lines": 0, "excluded_lines": 0, "percent_statements_covered": 100.0, "percent_statements_covered_display": "100"}, "missing_lines": [], "excluded_lines": [], "functions": {"": {"executed_lines": [1, 3, 4, 5, 6, 7, 8, 9, 10, 11, 12, 13, 14, 15, 23, 24, 47, 48, 53], "summary": {"covered_lines": 19, "num_statements": 19, "percent_covered": 100.0, "percent_covered_display": "100", "missing_lines": 0, "excluded_lines": 0, "percent_statements_covered": 100.0, "percent_statements_covered_display": "100"}, "missing_lines": [], "excluded_lines": [], "start_line": 1}}, "classes": {"": {"executed_lines": [1, 3, 4, 5, 6, 7, 8, 9, 10, 11, 12, 13, 14, 15, 23, 24, 47, 48, 53], "summary": {"covered_lines": 19, "num_statements": 19, "percent_covered": 100.0, "percent_covered_display": "100", "missing_lines": 0, "excluded_lines": 0, "percent_statements_covered": 100.0, "percent_statements_covered_display": "100"}, "missing_lines": [], "excluded_lines": [], "start_line": 1}}}, "/opt/hostedtoolcache/Python/3.13.14/x64/lib/python3.13/site-packages/stablebear/_build_info.py": {"executed_lines": [2], "summary": {"covered_lines": 1, "num_statements": 1, "percent_covered": 100.0, "percent_covered_display": "100", "missing_lines": 0, "excluded_lines": 0, "percent_statements_covered": 100.0, "percent_statements_covered_display": "100"}, "missing_lines": [], "excluded_lines": [], "functions": {"": {"executed_lines": [2], "summary": {"covered_lines": 1, "num_statements": 1, "percent_covered": 100.0, "percent_covered_display": "100", "missing_lines": 0, "excluded_lines": 0, "percent_statements_covered": 100.0, "percent_statements_covered_display": "100"}, "missing_lines": [], "excluded_lines": [], "start_line": 1}}, "classes": {"": {"executed_lines": [2], "summary": {"covered_lines": 1, "num_statements": 1, "percent_covered": 100.0, "percent_covered_display": "100", "missing_lines": 0, "excluded_lines": 0, "percent_statements_covered": 100.0, "percent_statements_covered_display": "100"}, "missing_lines": [], "excluded_lines": [], "start_line": 1}}}, "/opt/hostedtoolcache/Python/3.13.14/x64/lib/python3.13/site-packages/stablebear/_cudart_preload.py": {"executed_lines": [], "summary": {"covered_lines": 0, "num_statements": 30, "percent_covered": 0.0, "percent_covered_display": "0", "missing_lines": 30, "excluded_lines": 0, "percent_statements_covered": 0.0, "percent_statements_covered_display": "0"}, "missing_lines": [3, 4, 5, 6, 7, 8, 11, 20, 21, 22, 23, 24, 27, 30, 32, 33, 34, 35, 37, 38, 39, 40, 41, 42, 43, 44, 45, 46, 47, 48], "excluded_lines": [], "functions": {"_add_delvewheel_libs_dir": {"executed_lines": [], "summary": {"covered_lines": 0, "num_statements": 5, "percent_covered": 0.0, "percent_covered_display": "0", "missing_lines": 5, "excluded_lines": 0, "percent_statements_covered": 0.0, "percent_statements_covered_display": "0"}, "missing_lines": [20, 21, 22, 23, 24], "excluded_lines": [], "start_line": 11}, "_preload_cudart": {"executed_lines": [], "summary": {"covered_lines": 0, "num_statements": 17, "percent_covered": 0.0, "percent_covered_display": "0", "missing_lines": 17, "excluded_lines": 0, "percent_statements_covered": 0.0, "percent_statements_covered_display": "0"}, "missing_lines": [30, 32, 33, 34, 35, 37, 38, 39, 40, 41, 42, 43, 44, 45, 46, 47, 48], "excluded_lines": [], "start_line": 27}, "": {"executed_lines": [], "summary": {"covered_lines": 0, "num_statements": 8, "percent_covered": 0.0, "percent_covered_display": "0", "missing_lines": 8, "excluded_lines": 0, "percent_statements_covered": 0.0, "percent_statements_covered_display": "0"}, "missing_lines": [3, 4, 5, 6, 7, 8, 11, 27], "excluded_lines": [], "start_line": 1}}, "classes": {"": {"executed_lines": [], "summary": {"covered_lines": 0, "num_statements": 30, "percent_covered": 0.0, "percent_covered_display": "0", "missing_lines": 30, "excluded_lines": 0, "percent_statements_covered": 0.0, "percent_statements_covered_display": "0"}, "missing_lines": [3, 4, 5, 6, 7, 8, 11, 20, 21, 22, 23, 24, 27, 30, 32, 33, 34, 35, 37, 38, 39, 40, 41, 42, 43, 44, 45, 46, 47, 48], "excluded_lines": [], "start_line": 1}}}, "/opt/hostedtoolcache/Python/3.13.14/x64/lib/python3.13/site-packages/stablebear/_sb_cpp.py": {"executed_lines": [4, 5, 6, 7, 8, 9, 10, 11, 12, 13, 15, 17, 18, 25, 31, 37, 38, 39, 40, 41, 42, 86, 96, 99, 100, 104, 105, 108, 109, 113, 114, 115, 129, 153, 171, 173, 175, 192, 193, 196, 197, 198, 201, 202], "summary": {"covered_lines": 44, "num_statements": 125, "percent_covered": 35.2, "percent_covered_display": "35", "missing_lines": 81, "excluded_lines": 0, "percent_statements_covered": 35.2, "percent_statements_covered_display": "35"}, "missing_lines": [19, 21, 43, 44, 45, 47, 48, 50, 51, 52, 53, 56, 57, 58, 59, 61, 62, 63, 65, 66, 67, 68, 69, 70, 71, 72, 73, 74, 76, 77, 78, 79, 80, 81, 83, 97, 102, 106, 111, 117, 132, 134, 135, 136, 137, 139, 140, 141, 142, 143, 144, 145, 146, 147, 148, 149, 150, 154, 155, 156, 157, 158, 159, 160, 161, 162, 163, 164, 165, 166, 167, 168, 176, 177, 178, 179, 180, 181, 182, 183, 185], "excluded_lines": [], "functions": {"_detect_x86_cpu_flags": {"executed_lines": [37, 38, 39, 40, 41, 42], "summary": {"covered_lines": 6, "num_statements": 39, "percent_covered": 15.384615384615385, "percent_covered_display": "15", "missing_lines": 33, "excluded_lines": 0, "percent_statements_covered": 15.384615384615385, "percent_statements_covered_display": "15"}, "missing_lines": [43, 44, 45, 47, 48, 50, 51, 52, 53, 56, 57, 58, 59, 61, 62, 63, 65, 66, 67, 68, 69, 70, 71, 72, 73, 74, 76, 77, 78, 79, 80, 81, 83], "excluded_lines": [], "start_line": 31}, "_check_x86_64_baseline": {"executed_lines": [96, 99, 100, 104, 105, 108, 109, 113, 114, 115], "summary": {"covered_lines": 10, "num_statements": 15, "percent_covered": 66.66666666666667, "percent_covered_display": "67", "missing_lines": 5, "excluded_lines": 0, "percent_statements_covered": 66.66666666666667, "percent_statements_covered_display": "67"}, "missing_lines": [97, 102, 106, 111, 117], "excluded_lines": [], "start_line": 86}, "_preload_cudart": {"executed_lines": [], "summary": {"covered_lines": 0, "num_statements": 17, "percent_covered": 0.0, "percent_covered_display": "0", "missing_lines": 17, "excluded_lines": 0, "percent_statements_covered": 0.0, "percent_statements_covered_display": "0"}, "missing_lines": [132, 134, 135, 136, 137, 139, 140, 141, 142, 143, 144, 145, 146, 147, 148, 149, 150], "excluded_lines": [], "start_line": 129}, "_find_cuda_backend_name": {"executed_lines": [], "summary": {"covered_lines": 0, "num_statements": 15, "percent_covered": 0.0, "percent_covered_display": "0", "missing_lines": 15, "excluded_lines": 0, "percent_statements_covered": 0.0, "percent_statements_covered_display": "0"}, "missing_lines": [154, 155, 156, 157, 158, 159, 160, 161, 162, 163, 164, 165, 166, 167, 168], "excluded_lines": [], "start_line": 153}, "": {"executed_lines": [4, 5, 6, 7, 8, 9, 10, 11, 12, 13, 15, 17, 18, 25, 31, 86, 129, 153, 171, 173, 175, 192, 193, 196, 197, 198, 201, 202], "summary": {"covered_lines": 28, "num_statements": 39, "percent_covered": 71.7948717948718, "percent_covered_display": "72", "missing_lines": 11, "excluded_lines": 0, "percent_statements_covered": 71.7948717948718, "percent_statements_covered_display": "72"}, "missing_lines": [19, 21, 176, 177, 178, 179, 180, 181, 182, 183, 185], "excluded_lines": [], "start_line": 1}}, "classes": {"": {"executed_lines": [4, 5, 6, 7, 8, 9, 10, 11, 12, 13, 15, 17, 18, 25, 31, 37, 38, 39, 40, 41, 42, 86, 96, 99, 100, 104, 105, 108, 109, 113, 114, 115, 129, 153, 171, 173, 175, 192, 193, 196, 197, 198, 201, 202], "summary": {"covered_lines": 44, "num_statements": 125, "percent_covered": 35.2, "percent_covered_display": "35", "missing_lines": 81, "excluded_lines": 0, "percent_statements_covered": 35.2, "percent_statements_covered_display": "35"}, "missing_lines": [19, 21, 43, 44, 45, 47, 48, 50, 51, 52, 53, 56, 57, 58, 59, 61, 62, 63, 65, 66, 67, 68, 69, 70, 71, 72, 73, 74, 76, 77, 78, 79, 80, 81, 83, 97, 102, 106, 111, 117, 132, 134, 135, 136, 137, 139, 140, 141, 142, 143, 144, 145, 146, 147, 148, 149, 150, 154, 155, 156, 157, 158, 159, 160, 161, 162, 163, 164, 165, 166, 167, 168, 176, 177, 178, 179, 180, 181, 182, 183, 185], "excluded_lines": [], "start_line": 1}}}, "/opt/hostedtoolcache/Python/3.13.14/x64/lib/python3.13/site-packages/stablebear/_tensor_base.py": {"executed_lines": [1, 3, 4, 5, 7, 9, 11, 14, 15, 16, 17, 19, 36, 42, 44, 45, 46, 47, 48, 53, 54, 56, 58, 60, 61, 62, 64, 65, 67, 68, 71, 78, 79, 80, 81, 82, 83, 84, 86, 87, 88, 89, 90, 91, 94, 96, 99, 101, 102, 105, 111, 113, 114, 115, 116, 119, 121, 124, 126, 127, 128, 129, 130, 131, 133, 136, 137, 138, 139, 140, 143, 146, 147, 149, 151, 152, 158, 159, 166, 167, 168, 169, 170, 171, 172, 173, 174, 177, 189, 190, 192, 194, 197, 198, 199, 200, 201, 202, 203, 204, 205, 206, 207, 208, 209, 210, 211, 212, 213, 214, 216, 217, 218, 220, 225, 226, 228, 229, 230, 231, 232, 233, 234, 236, 238, 239, 244, 245, 246, 247, 249, 252, 253, 256, 257, 258, 259, 260, 261, 262, 263, 264, 265, 266, 267, 268, 270, 271, 272, 274, 276, 277, 278, 279, 281, 283, 324, 325, 326, 327, 328, 329, 330, 332, 333, 335, 336, 337, 339, 341, 343, 348, 351, 353, 354, 358, 360, 361, 362, 363, 364, 365, 367, 368, 370, 372, 374, 375, 377, 378, 379, 380, 382, 383, 385, 387, 388, 390, 391, 393, 394, 396, 397, 398, 399, 400, 402, 406, 408, 409, 411, 412, 413, 414, 415, 416, 419, 420, 423, 424, 425, 426, 428, 429, 432, 433, 434, 435, 439, 445, 446, 448, 449, 451, 462, 463, 464, 469, 499, 500, 502, 504, 505, 507, 509, 512, 513, 514, 516, 517, 519, 522, 523, 524, 526, 528, 530, 531, 532, 533, 534, 535, 537, 538, 540, 541, 542, 543, 544, 546, 548, 549, 551, 553, 554, 555, 557, 559, 561, 562, 564, 566, 567, 568, 570, 571, 572, 573, 575, 577, 587, 588, 589, 590, 591, 596, 597, 598, 599, 601, 602, 604, 605, 607, 608, 610, 611, 613, 614, 616, 617, 619, 626, 627, 628, 629, 630, 631, 632, 633, 637, 639, 640, 642, 643, 645, 646, 648, 649, 651, 664, 666, 667, 668, 669, 670, 671, 673, 674, 676, 677, 679, 680, 687, 688, 699, 700, 707, 736, 738, 739, 741, 742, 744, 745, 746, 747, 748, 750, 751, 752, 754, 755, 756, 757, 759, 760, 761, 762, 764, 765, 766, 775, 781, 782, 783, 784, 785, 786, 787, 788, 791, 792, 793, 795, 797, 798, 799, 801, 802, 803, 805, 806, 807, 808, 809, 810, 811, 813, 814, 815, 816, 818, 819, 820, 822, 823, 826, 827, 834, 843, 860, 862, 863, 864, 865, 866, 867, 871, 884, 885, 886, 887, 888, 892, 893, 894, 896, 897, 899, 900, 902, 903, 904, 905, 907, 908, 910, 911, 913, 914, 915, 916, 918, 919, 921, 922, 924, 925, 926, 927, 929, 930, 932, 933, 935, 936, 938, 939, 940, 941, 943, 960, 962, 974, 975, 976], "summary": {"covered_lines": 467, "num_statements": 486, "percent_covered": 96.09053497942386, "percent_covered_display": "96", "missing_lines": 19, "excluded_lines": 0, "percent_statements_covered": 96.09053497942386, "percent_statements_covered_display": "96"}, "missing_lines": [49, 50, 85, 112, 132, 430, 503, 593, 603, 609, 615, 685, 697, 705, 789, 824, 828, 829, 868], "excluded_lines": [], "functions": {"_unpickle_tensor": {"executed_lines": [15, 16, 17], "summary": {"covered_lines": 3, "num_statements": 3, "percent_covered": 100.0, "percent_covered_display": "100", "missing_lines": 0, "excluded_lines": 0, "percent_statements_covered": 100.0, "percent_statements_covered_display": "100"}, "missing_lines": [], "excluded_lines": [], "start_line": 14}, "_infer_shape_and_flatten": {"executed_lines": [42, 44, 56, 58, 60, 67, 68], "summary": {"covered_lines": 7, "num_statements": 7, "percent_covered": 100.0, "percent_covered_display": "100", "missing_lines": 0, "excluded_lines": 0, "percent_statements_covered": 100.0, "percent_statements_covered_display": "100"}, "missing_lines": [], "excluded_lines": [], "start_line": 36}, "_infer_shape_and_flatten._probe": {"executed_lines": [45, 46, 47, 48, 53, 54], "summary": {"covered_lines": 6, "num_statements": 8, "percent_covered": 75.0, "percent_covered_display": "75", "missing_lines": 2, "excluded_lines": 0, "percent_statements_covered": 75.0, "percent_statements_covered_display": "75"}, "missing_lines": [49, 50], "excluded_lines": [], "start_line": 44}, "_infer_shape_and_flatten._collect": {"executed_lines": [61, 62, 64, 65], "summary": {"covered_lines": 4, "num_statements": 4, "percent_covered": 100.0, "percent_covered_display": "100", "missing_lines": 0, "excluded_lines": 0, "percent_statements_covered": 100.0, "percent_statements_covered_display": "100"}, "missing_lines": [], "excluded_lines": [], "start_line": 60}, "_tensor_from_nested": {"executed_lines": [78, 79, 80, 81, 82, 83, 84, 86, 87, 88, 89, 90, 91], "summary": {"covered_lines": 13, "num_statements": 14, "percent_covered": 92.85714285714286, "percent_covered_display": "93", "missing_lines": 1, "excluded_lines": 0, "percent_statements_covered": 92.85714285714286, "percent_statements_covered_display": "93"}, "missing_lines": [85], "excluded_lines": [], "start_line": 71}, "_slice_to_cpp": {"executed_lines": [96], "summary": {"covered_lines": 1, "num_statements": 1, "percent_covered": 100.0, "percent_covered_display": "100", "missing_lines": 0, "excluded_lines": 0, "percent_statements_covered": 100.0, "percent_statements_covered_display": "100"}, "missing_lines": [], "excluded_lines": [], "start_line": 94}, "_is_bool_scalar": {"executed_lines": [101, 102], "summary": {"covered_lines": 2, "num_statements": 2, "percent_covered": 100.0, "percent_covered_display": "100", "missing_lines": 0, "excluded_lines": 0, "percent_statements_covered": 100.0, "percent_statements_covered_display": "100"}, "missing_lines": [], "excluded_lines": [], "start_line": 99}, "_as_int_index": {"executed_lines": [111, 113, 114, 115, 116], "summary": {"covered_lines": 5, "num_statements": 6, "percent_covered": 83.33333333333333, "percent_covered_display": "83", "missing_lines": 1, "excluded_lines": 0, "percent_statements_covered": 83.33333333333333, "percent_statements_covered_display": "83"}, "missing_lines": [112], "excluded_lines": [], "start_line": 105}, "_is_full_slice": {"executed_lines": [121], "summary": {"covered_lines": 1, "num_statements": 1, "percent_covered": 100.0, "percent_covered_display": "100", "missing_lines": 0, "excluded_lines": 0, "percent_statements_covered": 100.0, "percent_statements_covered_display": "100"}, "missing_lines": [], "excluded_lines": [], "start_line": 119}, "_resolve_negative_indices": {"executed_lines": [126, 127, 128, 129, 130, 131, 133], "summary": {"covered_lines": 7, "num_statements": 8, "percent_covered": 87.5, "percent_covered_display": "88", "missing_lines": 1, "excluded_lines": 0, "percent_statements_covered": 87.5, "percent_statements_covered_display": "88"}, "missing_lines": [132], "excluded_lines": [], "start_line": 124}, "_resolve_axis": {"executed_lines": [137, 138, 139, 140, 143], "summary": {"covered_lines": 5, "num_statements": 5, "percent_covered": 100.0, "percent_covered_display": "100", "missing_lines": 0, "excluded_lines": 0, "percent_statements_covered": 100.0, "percent_statements_covered_display": "100"}, "missing_lines": [], "excluded_lines": [], "start_line": 136}, "Tensor.__array__": {"executed_lines": [152], "summary": {"covered_lines": 1, "num_statements": 1, "percent_covered": 100.0, "percent_covered_display": "100", "missing_lines": 0, "excluded_lines": 0, "percent_statements_covered": 100.0, "percent_statements_covered_display": "100"}, "missing_lines": [], "excluded_lines": [], "start_line": 151}, "Tensor._coerce_ndarray_index": {"executed_lines": [166, 167, 168, 169, 170, 171, 172, 173, 174], "summary": {"covered_lines": 9, "num_statements": 9, "percent_covered": 100.0, "percent_covered_display": "100", "missing_lines": 0, "excluded_lines": 0, "percent_statements_covered": 100.0, "percent_statements_covered_display": "100"}, "missing_lines": [], "excluded_lines": [], "start_line": 159}, "Tensor._normalize_index": {"executed_lines": [189, 190, 192, 194, 197, 198, 199, 200, 201, 202, 203, 204, 205, 206, 207, 208, 209, 210, 211, 212, 213, 214, 216, 217, 218, 220, 225, 226, 228, 236, 238, 239, 244, 245, 246, 247, 249, 252, 253, 256, 257, 258, 259, 260, 261, 262, 263, 264, 265, 266, 267, 268, 270, 271, 272], "summary": {"covered_lines": 55, "num_statements": 55, "percent_covered": 100.0, "percent_covered_display": "100", "missing_lines": 0, "excluded_lines": 0, "percent_statements_covered": 100.0, "percent_statements_covered_display": "100"}, "missing_lines": [], "excluded_lines": [], "start_line": 177}, "Tensor._normalize_index._consumes": {"executed_lines": [229, 230, 231, 232, 233, 234], "summary": {"covered_lines": 6, "num_statements": 6, "percent_covered": 100.0, "percent_covered_display": "100", "missing_lines": 0, "excluded_lines": 0, "percent_statements_covered": 100.0, "percent_statements_covered_display": "100"}, "missing_lines": [], "excluded_lines": [], "start_line": 228}, "Tensor._resolve_axis_int": {"executed_lines": [276, 277, 278, 279, 281], "summary": {"covered_lines": 5, "num_statements": 5, "percent_covered": 100.0, "percent_covered_display": "100", "missing_lines": 0, "excluded_lines": 0, "percent_statements_covered": 100.0, "percent_statements_covered_display": "100"}, "missing_lines": [], "excluded_lines": [], "start_line": 274}, "Tensor.__getitem__": {"executed_lines": [324, 325, 326, 327, 328, 329, 330], "summary": {"covered_lines": 7, "num_statements": 7, "percent_covered": 100.0, "percent_covered_display": "100", "missing_lines": 0, "excluded_lines": 0, "percent_statements_covered": 100.0, "percent_statements_covered_display": "100"}, "missing_lines": [], "excluded_lines": [], "start_line": 283}, "Tensor._zero_len_axis": {"executed_lines": [335, 336, 337], "summary": {"covered_lines": 3, "num_statements": 3, "percent_covered": 100.0, "percent_covered_display": "100", "missing_lines": 0, "excluded_lines": 0, "percent_statements_covered": 100.0, "percent_statements_covered_display": "100"}, "missing_lines": [], "excluded_lines": [], "start_line": 333}, "Tensor._getitem_entries": {"executed_lines": [341, 343, 348, 351, 353, 354, 358, 360, 361, 362, 363, 364, 365, 367, 368], "summary": {"covered_lines": 15, "num_statements": 15, "percent_covered": 100.0, "percent_covered_display": "100", "missing_lines": 0, "excluded_lines": 0, "percent_statements_covered": 100.0, "percent_statements_covered_display": "100"}, "missing_lines": [], "excluded_lines": [], "start_line": 339}, "Tensor._basic_getitem": {"executed_lines": [372, 374, 375, 377, 378, 379, 380, 382, 383], "summary": {"covered_lines": 9, "num_statements": 9, "percent_covered": 100.0, "percent_covered_display": "100", "missing_lines": 0, "excluded_lines": 0, "percent_statements_covered": 100.0, "percent_statements_covered_display": "100"}, "missing_lines": [], "excluded_lines": [], "start_line": 370}, "Tensor._bool_mask_getitem": {"executed_lines": [387, 388, 390, 391, 393, 394, 396, 397, 398, 399, 400, 402], "summary": {"covered_lines": 12, "num_statements": 12, "percent_covered": 100.0, "percent_covered_display": "100", "missing_lines": 0, "excluded_lines": 0, "percent_statements_covered": 100.0, "percent_statements_covered_display": "100"}, "missing_lines": [], "excluded_lines": [], "start_line": 385}, "Tensor._index_select_nd": {"executed_lines": [408, 409, 411, 412, 413, 414, 415, 416, 419, 420, 423, 424, 425, 426], "summary": {"covered_lines": 14, "num_statements": 14, "percent_covered": 100.0, "percent_covered_display": "100", "missing_lines": 0, "excluded_lines": 0, "percent_statements_covered": 100.0, "percent_statements_covered_display": "100"}, "missing_lines": [], "excluded_lines": [], "start_line": 406}, "Tensor._get_valid_setitem_dtypes": {"executed_lines": [], "summary": {"covered_lines": 0, "num_statements": 1, "percent_covered": 0.0, "percent_covered_display": "0", "missing_lines": 1, "excluded_lines": 0, "percent_statements_covered": 0.0, "percent_statements_covered_display": "0"}, "missing_lines": [430], "excluded_lines": [], "start_line": 429}, "Tensor._validate_setitem_dtype": {"executed_lines": [433, 434, 435], "summary": {"covered_lines": 3, "num_statements": 3, "percent_covered": 100.0, "percent_covered_display": "100", "missing_lines": 0, "excluded_lines": 0, "percent_statements_covered": 100.0, "percent_statements_covered_display": "100"}, "missing_lines": [], "excluded_lines": [], "start_line": 432}, "Tensor._coerce_rhs": {"executed_lines": [445, 446, 448, 449], "summary": {"covered_lines": 4, "num_statements": 4, "percent_covered": 100.0, "percent_covered_display": "100", "missing_lines": 0, "excluded_lines": 0, "percent_statements_covered": 100.0, "percent_statements_covered_display": "100"}, "missing_lines": [], "excluded_lines": [], "start_line": 439}, "Tensor._ensure_writeable": {"executed_lines": [462, 463, 464], "summary": {"covered_lines": 3, "num_statements": 3, "percent_covered": 100.0, "percent_covered_display": "100", "missing_lines": 0, "excluded_lines": 0, "percent_statements_covered": 100.0, "percent_statements_covered_display": "100"}, "missing_lines": [], "excluded_lines": [], "start_line": 451}, "Tensor.__setitem__": {"executed_lines": [499, 500, 502, 504, 505], "summary": {"covered_lines": 5, "num_statements": 6, "percent_covered": 83.33333333333333, "percent_covered_display": "83", "missing_lines": 1, "excluded_lines": 0, "percent_statements_covered": 83.33333333333333, "percent_statements_covered_display": "83"}, "missing_lines": [503], "excluded_lines": [], "start_line": 469}, "Tensor._setitem_entries": {"executed_lines": [509, 512, 513, 514, 516, 517, 519, 522, 523, 524, 526, 528, 530, 531, 532, 533, 534, 535, 537, 538, 540, 541, 542, 543, 544, 546, 548, 549, 551, 553, 554, 555, 557], "summary": {"covered_lines": 33, "num_statements": 33, "percent_covered": 100.0, "percent_covered_display": "100", "missing_lines": 0, "excluded_lines": 0, "percent_statements_covered": 100.0, "percent_statements_covered_display": "100"}, "missing_lines": [], "excluded_lines": [], "start_line": 507}, "Tensor._basic_setitem": {"executed_lines": [561, 562, 564, 566, 567, 568, 570, 571, 572, 573, 575, 577, 587, 588, 589, 590, 591, 596, 597, 598, 599], "summary": {"covered_lines": 21, "num_statements": 22, "percent_covered": 95.45454545454545, "percent_covered_display": "95", "missing_lines": 1, "excluded_lines": 0, "percent_statements_covered": 95.45454545454545, "percent_statements_covered_display": "95"}, "missing_lines": [593], "excluded_lines": [], "start_line": 559}, "Tensor.__iter__": {"executed_lines": [602, 604, 605], "summary": {"covered_lines": 3, "num_statements": 4, "percent_covered": 75.0, "percent_covered_display": "75", "missing_lines": 1, "excluded_lines": 0, "percent_statements_covered": 75.0, "percent_statements_covered_display": "75"}, "missing_lines": [603], "excluded_lines": [], "start_line": 601}, "Tensor.__eq__": {"executed_lines": [608, 610, 611], "summary": {"covered_lines": 3, "num_statements": 4, "percent_covered": 75.0, "percent_covered_display": "75", "missing_lines": 1, "excluded_lines": 0, "percent_statements_covered": 75.0, "percent_statements_covered_display": "75"}, "missing_lines": [609], "excluded_lines": [], "start_line": 607}, "Tensor.__ne__": {"executed_lines": [614, 616, 617], "summary": {"covered_lines": 3, "num_statements": 4, "percent_covered": 75.0, "percent_covered_display": "75", "missing_lines": 1, "excluded_lines": 0, "percent_statements_covered": 75.0, "percent_statements_covered_display": "75"}, "missing_lines": [615], "excluded_lines": [], "start_line": 613}, "Tensor._compare": {"executed_lines": [626, 627, 628, 629, 630, 631, 632, 633, 637], "summary": {"covered_lines": 9, "num_statements": 9, "percent_covered": 100.0, "percent_covered_display": "100", "missing_lines": 0, "excluded_lines": 0, "percent_statements_covered": 100.0, "percent_statements_covered_display": "100"}, "missing_lines": [], "excluded_lines": [], "start_line": 619}, "Tensor.__lt__": {"executed_lines": [640], "summary": {"covered_lines": 1, "num_statements": 1, "percent_covered": 100.0, "percent_covered_display": "100", "missing_lines": 0, "excluded_lines": 0, "percent_statements_covered": 100.0, "percent_statements_covered_display": "100"}, "missing_lines": [], "excluded_lines": [], "start_line": 639}, "Tensor.__le__": {"executed_lines": [643], "summary": {"covered_lines": 1, "num_statements": 1, "percent_covered": 100.0, "percent_covered_display": "100", "missing_lines": 0, "excluded_lines": 0, "percent_statements_covered": 100.0, "percent_statements_covered_display": "100"}, "missing_lines": [], "excluded_lines": [], "start_line": 642}, "Tensor.__gt__": {"executed_lines": [646], "summary": {"covered_lines": 1, "num_statements": 1, "percent_covered": 100.0, "percent_covered_display": "100", "missing_lines": 0, "excluded_lines": 0, "percent_statements_covered": 100.0, "percent_statements_covered_display": "100"}, "missing_lines": [], "excluded_lines": [], "start_line": 645}, "Tensor.__ge__": {"executed_lines": [649], "summary": {"covered_lines": 1, "num_statements": 1, "percent_covered": 100.0, "percent_covered_display": "100", "missing_lines": 0, "excluded_lines": 0, "percent_statements_covered": 100.0, "percent_statements_covered_display": "100"}, "missing_lines": [], "excluded_lines": [], "start_line": 648}, "Tensor.array_equal": {"executed_lines": [664], "summary": {"covered_lines": 1, "num_statements": 1, "percent_covered": 100.0, "percent_covered_display": "100", "missing_lines": 0, "excluded_lines": 0, "percent_statements_covered": 100.0, "percent_statements_covered_display": "100"}, "missing_lines": [], "excluded_lines": [], "start_line": 651}, "Tensor.__reduce__": {"executed_lines": [667, 668, 669, 670, 671], "summary": {"covered_lines": 5, "num_statements": 5, "percent_covered": 100.0, "percent_covered_display": "100", "missing_lines": 0, "excluded_lines": 0, "percent_statements_covered": 100.0, "percent_statements_covered_display": "100"}, "missing_lines": [], "excluded_lines": [], "start_line": 666}, "Tensor.__deepcopy__": {"executed_lines": [674], "summary": {"covered_lines": 1, "num_statements": 1, "percent_covered": 100.0, "percent_covered_display": "100", "missing_lines": 0, "excluded_lines": 0, "percent_statements_covered": 100.0, "percent_statements_covered_display": "100"}, "missing_lines": [], "excluded_lines": [], "start_line": 673}, "Tensor.copy": {"executed_lines": [677], "summary": {"covered_lines": 1, "num_statements": 1, "percent_covered": 100.0, "percent_covered_display": "100", "missing_lines": 0, "excluded_lines": 0, "percent_statements_covered": 100.0, "percent_statements_covered_display": "100"}, "missing_lines": [], "excluded_lines": [], "start_line": 676}, "Tensor._to_py_tensor": {"executed_lines": [], "summary": {"covered_lines": 0, "num_statements": 1, "percent_covered": 0.0, "percent_covered_display": "0", "missing_lines": 1, "excluded_lines": 0, "percent_statements_covered": 0.0, "percent_statements_covered_display": "0"}, "missing_lines": [685], "excluded_lines": [], "start_line": 680}, "Tensor._decay_value": {"executed_lines": [], "summary": {"covered_lines": 0, "num_statements": 1, "percent_covered": 0.0, "percent_covered_display": "0", "missing_lines": 1, "excluded_lines": 0, "percent_statements_covered": 0.0, "percent_statements_covered_display": "0"}, "missing_lines": [697], "excluded_lines": [], "start_line": 688}, "Tensor._represent_element": {"executed_lines": [], "summary": {"covered_lines": 0, "num_statements": 1, "percent_covered": 0.0, "percent_covered_display": "0", "missing_lines": 1, "excluded_lines": 0, "percent_statements_covered": 0.0, "percent_statements_covered_display": "0"}, "missing_lines": [705], "excluded_lines": [], "start_line": 700}, "Tensor.broadcast_to": {"executed_lines": [736], "summary": {"covered_lines": 1, "num_statements": 1, "percent_covered": 100.0, "percent_covered_display": "100", "missing_lines": 0, "excluded_lines": 0, "percent_statements_covered": 100.0, "percent_statements_covered_display": "100"}, "missing_lines": [], "excluded_lines": [], "start_line": 707}, "Tensor.flatten": {"executed_lines": [739], "summary": {"covered_lines": 1, "num_statements": 1, "percent_covered": 100.0, "percent_covered_display": "100", "missing_lines": 0, "excluded_lines": 0, "percent_statements_covered": 100.0, "percent_statements_covered_display": "100"}, "missing_lines": [], "excluded_lines": [], "start_line": 738}, "Tensor.reshape": {"executed_lines": [742], "summary": {"covered_lines": 1, "num_statements": 1, "percent_covered": 100.0, "percent_covered_display": "100", "missing_lines": 0, "excluded_lines": 0, "percent_statements_covered": 100.0, "percent_statements_covered_display": "100"}, "missing_lines": [], "excluded_lines": [], "start_line": 741}, "Tensor.transpose": {"executed_lines": [745, 746, 747, 748], "summary": {"covered_lines": 4, "num_statements": 4, "percent_covered": 100.0, "percent_covered_display": "100", "missing_lines": 0, "excluded_lines": 0, "percent_statements_covered": 100.0, "percent_statements_covered_display": "100"}, "missing_lines": [], "excluded_lines": [], "start_line": 744}, "Tensor.T": {"executed_lines": [752], "summary": {"covered_lines": 1, "num_statements": 1, "percent_covered": 100.0, "percent_covered_display": "100", "missing_lines": 0, "excluded_lines": 0, "percent_statements_covered": 100.0, "percent_statements_covered_display": "100"}, "missing_lines": [], "excluded_lines": [], "start_line": 751}, "Tensor.swapaxes": {"executed_lines": [755, 756, 757], "summary": {"covered_lines": 3, "num_statements": 3, "percent_covered": 100.0, "percent_covered_display": "100", "missing_lines": 0, "excluded_lines": 0, "percent_statements_covered": 100.0, "percent_statements_covered_display": "100"}, "missing_lines": [], "excluded_lines": [], "start_line": 754}, "Tensor.squeeze": {"executed_lines": [760, 761, 762], "summary": {"covered_lines": 3, "num_statements": 3, "percent_covered": 100.0, "percent_covered_display": "100", "missing_lines": 0, "excluded_lines": 0, "percent_statements_covered": 100.0, "percent_statements_covered_display": "100"}, "missing_lines": [], "excluded_lines": [], "start_line": 759}, "Tensor.expand_dims": {"executed_lines": [765, 766], "summary": {"covered_lines": 2, "num_statements": 2, "percent_covered": 100.0, "percent_covered_display": "100", "missing_lines": 0, "excluded_lines": 0, "percent_statements_covered": 100.0, "percent_statements_covered_display": "100"}, "missing_lines": [], "excluded_lines": [], "start_line": 764}, "Tensor.astype": {"executed_lines": [781, 782, 783, 784, 785, 786, 787, 788, 791, 792, 793, 795], "summary": {"covered_lines": 12, "num_statements": 13, "percent_covered": 92.3076923076923, "percent_covered_display": "92", "missing_lines": 1, "excluded_lines": 0, "percent_statements_covered": 92.3076923076923, "percent_statements_covered_display": "92"}, "missing_lines": [789], "excluded_lines": [], "start_line": 775}, "Tensor.shape": {"executed_lines": [799], "summary": {"covered_lines": 1, "num_statements": 1, "percent_covered": 100.0, "percent_covered_display": "100", "missing_lines": 0, "excluded_lines": 0, "percent_statements_covered": 100.0, "percent_statements_covered_display": "100"}, "missing_lines": [], "excluded_lines": [], "start_line": 798}, "Tensor.ndim": {"executed_lines": [803], "summary": {"covered_lines": 1, "num_statements": 1, "percent_covered": 100.0, "percent_covered_display": "100", "missing_lines": 0, "excluded_lines": 0, "percent_statements_covered": 100.0, "percent_statements_covered_display": "100"}, "missing_lines": [], "excluded_lines": [], "start_line": 802}, "Tensor.size": {"executed_lines": [807, 808, 809, 810, 811], "summary": {"covered_lines": 5, "num_statements": 5, "percent_covered": 100.0, "percent_covered_display": "100", "missing_lines": 0, "excluded_lines": 0, "percent_statements_covered": 100.0, "percent_statements_covered_display": "100"}, "missing_lines": [], "excluded_lines": [], "start_line": 806}, "Tensor.__len__": {"executed_lines": [814, 815, 816], "summary": {"covered_lines": 3, "num_statements": 3, "percent_covered": 100.0, "percent_covered_display": "100", "missing_lines": 0, "excluded_lines": 0, "percent_statements_covered": 100.0, "percent_statements_covered_display": "100"}, "missing_lines": [], "excluded_lines": [], "start_line": 813}, "Tensor.strides": {"executed_lines": [820], "summary": {"covered_lines": 1, "num_statements": 1, "percent_covered": 100.0, "percent_covered_display": "100", "missing_lines": 0, "excluded_lines": 0, "percent_statements_covered": 100.0, "percent_statements_covered_display": "100"}, "missing_lines": [], "excluded_lines": [], "start_line": 819}, "Tensor.offset": {"executed_lines": [], "summary": {"covered_lines": 0, "num_statements": 1, "percent_covered": 0.0, "percent_covered_display": "0", "missing_lines": 1, "excluded_lines": 0, "percent_statements_covered": 0.0, "percent_statements_covered_display": "0"}, "missing_lines": [824], "excluded_lines": [], "start_line": 823}, "Tensor._validate_constructor_arg": {"executed_lines": [], "summary": {"covered_lines": 0, "num_statements": 2, "percent_covered": 0.0, "percent_covered_display": "0", "missing_lines": 2, "excluded_lines": 0, "percent_statements_covered": 0.0, "percent_statements_covered_display": "0"}, "missing_lines": [828, 829], "excluded_lines": [], "start_line": 827}, "FunctionTensorMixin.__call__": {"executed_lines": [860, 862, 863, 864, 865, 866, 867], "summary": {"covered_lines": 7, "num_statements": 8, "percent_covered": 87.5, "percent_covered_display": "88", "missing_lines": 1, "excluded_lines": 0, "percent_statements_covered": 87.5, "percent_statements_covered_display": "88"}, "missing_lines": [868], "excluded_lines": [], "start_line": 843}, "ArithmeticTensorMixin._decay_operand": {"executed_lines": [885, 886, 887, 888, 892, 893, 894], "summary": {"covered_lines": 7, "num_statements": 7, "percent_covered": 100.0, "percent_covered_display": "100", "missing_lines": 0, "excluded_lines": 0, "percent_statements_covered": 100.0, "percent_statements_covered_display": "100"}, "missing_lines": [], "excluded_lines": [], "start_line": 884}, "ArithmeticTensorMixin.__add__": {"executed_lines": [897], "summary": {"covered_lines": 1, "num_statements": 1, "percent_covered": 100.0, "percent_covered_display": "100", "missing_lines": 0, "excluded_lines": 0, "percent_statements_covered": 100.0, "percent_statements_covered_display": "100"}, "missing_lines": [], "excluded_lines": [], "start_line": 896}, "ArithmeticTensorMixin.__radd__": {"executed_lines": [900], "summary": {"covered_lines": 1, "num_statements": 1, "percent_covered": 100.0, "percent_covered_display": "100", "missing_lines": 0, "excluded_lines": 0, "percent_statements_covered": 100.0, "percent_statements_covered_display": "100"}, "missing_lines": [], "excluded_lines": [], "start_line": 899}, "ArithmeticTensorMixin.__iadd__": {"executed_lines": [903, 904, 905], "summary": {"covered_lines": 3, "num_statements": 3, "percent_covered": 100.0, "percent_covered_display": "100", "missing_lines": 0, "excluded_lines": 0, "percent_statements_covered": 100.0, "percent_statements_covered_display": "100"}, "missing_lines": [], "excluded_lines": [], "start_line": 902}, "ArithmeticTensorMixin.__sub__": {"executed_lines": [908], "summary": {"covered_lines": 1, "num_statements": 1, "percent_covered": 100.0, "percent_covered_display": "100", "missing_lines": 0, "excluded_lines": 0, "percent_statements_covered": 100.0, "percent_statements_covered_display": "100"}, "missing_lines": [], "excluded_lines": [], "start_line": 907}, "ArithmeticTensorMixin.__rsub__": {"executed_lines": [911], "summary": {"covered_lines": 1, "num_statements": 1, "percent_covered": 100.0, "percent_covered_display": "100", "missing_lines": 0, "excluded_lines": 0, "percent_statements_covered": 100.0, "percent_statements_covered_display": "100"}, "missing_lines": [], "excluded_lines": [], "start_line": 910}, "ArithmeticTensorMixin.__isub__": {"executed_lines": [914, 915, 916], "summary": {"covered_lines": 3, "num_statements": 3, "percent_covered": 100.0, "percent_covered_display": "100", "missing_lines": 0, "excluded_lines": 0, "percent_statements_covered": 100.0, "percent_statements_covered_display": "100"}, "missing_lines": [], "excluded_lines": [], "start_line": 913}, "ArithmeticTensorMixin.__mul__": {"executed_lines": [919], "summary": {"covered_lines": 1, "num_statements": 1, "percent_covered": 100.0, "percent_covered_display": "100", "missing_lines": 0, "excluded_lines": 0, "percent_statements_covered": 100.0, "percent_statements_covered_display": "100"}, "missing_lines": [], "excluded_lines": [], "start_line": 918}, "ArithmeticTensorMixin.__rmul__": {"executed_lines": [922], "summary": {"covered_lines": 1, "num_statements": 1, "percent_covered": 100.0, "percent_covered_display": "100", "missing_lines": 0, "excluded_lines": 0, "percent_statements_covered": 100.0, "percent_statements_covered_display": "100"}, "missing_lines": [], "excluded_lines": [], "start_line": 921}, "ArithmeticTensorMixin.__imul__": {"executed_lines": [925, 926, 927], "summary": {"covered_lines": 3, "num_statements": 3, "percent_covered": 100.0, "percent_covered_display": "100", "missing_lines": 0, "excluded_lines": 0, "percent_statements_covered": 100.0, "percent_statements_covered_display": "100"}, "missing_lines": [], "excluded_lines": [], "start_line": 924}, "ArithmeticTensorMixin.__neg__": {"executed_lines": [930], "summary": {"covered_lines": 1, "num_statements": 1, "percent_covered": 100.0, "percent_covered_display": "100", "missing_lines": 0, "excluded_lines": 0, "percent_statements_covered": 100.0, "percent_statements_covered_display": "100"}, "missing_lines": [], "excluded_lines": [], "start_line": 929}, "ArithmeticTensorMixin.__truediv__": {"executed_lines": [933], "summary": {"covered_lines": 1, "num_statements": 1, "percent_covered": 100.0, "percent_covered_display": "100", "missing_lines": 0, "excluded_lines": 0, "percent_statements_covered": 100.0, "percent_statements_covered_display": "100"}, "missing_lines": [], "excluded_lines": [], "start_line": 932}, "ArithmeticTensorMixin.__rtruediv__": {"executed_lines": [936], "summary": {"covered_lines": 1, "num_statements": 1, "percent_covered": 100.0, "percent_covered_display": "100", "missing_lines": 0, "excluded_lines": 0, "percent_statements_covered": 100.0, "percent_statements_covered_display": "100"}, "missing_lines": [], "excluded_lines": [], "start_line": 935}, "ArithmeticTensorMixin.__itruediv__": {"executed_lines": [939, 940, 941], "summary": {"covered_lines": 3, "num_statements": 3, "percent_covered": 100.0, "percent_covered_display": "100", "missing_lines": 0, "excluded_lines": 0, "percent_statements_covered": 100.0, "percent_statements_covered_display": "100"}, "missing_lines": [], "excluded_lines": [], "start_line": 938}, "ArithmeticTensorMixin.__pow__": {"executed_lines": [960], "summary": {"covered_lines": 1, "num_statements": 1, "percent_covered": 100.0, "percent_covered_display": "100", "missing_lines": 0, "excluded_lines": 0, "percent_statements_covered": 100.0, "percent_statements_covered_display": "100"}, "missing_lines": [], "excluded_lines": [], "start_line": 943}, "ArithmeticTensorMixin.__ipow__": {"executed_lines": [974, 975, 976], "summary": {"covered_lines": 3, "num_statements": 3, "percent_covered": 100.0, "percent_covered_display": "100", "missing_lines": 0, "excluded_lines": 0, "percent_statements_covered": 100.0, "percent_statements_covered_display": "100"}, "missing_lines": [], "excluded_lines": [], "start_line": 962}, "": {"executed_lines": [1, 3, 4, 5, 7, 9, 11, 14, 19, 36, 71, 94, 99, 105, 119, 124, 136, 146, 147, 149, 151, 158, 159, 177, 274, 283, 332, 333, 339, 370, 385, 406, 428, 429, 432, 439, 451, 469, 507, 559, 601, 607, 613, 619, 639, 642, 645, 648, 651, 666, 673, 676, 679, 680, 687, 688, 699, 700, 707, 738, 741, 744, 750, 751, 754, 759, 764, 775, 797, 798, 801, 802, 805, 806, 813, 818, 819, 822, 823, 826, 827, 834, 843, 871, 884, 896, 899, 902, 907, 910, 913, 918, 921, 924, 929, 932, 935, 938, 943, 962], "summary": {"covered_lines": 100, "num_statements": 100, "percent_covered": 100.0, "percent_covered_display": "100", "missing_lines": 0, "excluded_lines": 0, "percent_statements_covered": 100.0, "percent_statements_covered_display": "100"}, "missing_lines": [], "excluded_lines": [], "start_line": 1}}, "classes": {"Tensor": {"executed_lines": [152, 166, 167, 168, 169, 170, 171, 172, 173, 174, 189, 190, 192, 194, 197, 198, 199, 200, 201, 202, 203, 204, 205, 206, 207, 208, 209, 210, 211, 212, 213, 214, 216, 217, 218, 220, 225, 226, 228, 229, 230, 231, 232, 233, 234, 236, 238, 239, 244, 245, 246, 247, 249, 252, 253, 256, 257, 258, 259, 260, 261, 262, 263, 264, 265, 266, 267, 268, 270, 271, 272, 276, 277, 278, 279, 281, 324, 325, 326, 327, 328, 329, 330, 335, 336, 337, 341, 343, 348, 351, 353, 354, 358, 360, 361, 362, 363, 364, 365, 367, 368, 372, 374, 375, 377, 378, 379, 380, 382, 383, 387, 388, 390, 391, 393, 394, 396, 397, 398, 399, 400, 402, 408, 409, 411, 412, 413, 414, 415, 416, 419, 420, 423, 424, 425, 426, 433, 434, 435, 445, 446, 448, 449, 462, 463, 464, 499, 500, 502, 504, 505, 509, 512, 513, 514, 516, 517, 519, 522, 523, 524, 526, 528, 530, 531, 532, 533, 534, 535, 537, 538, 540, 541, 542, 543, 544, 546, 548, 549, 551, 553, 554, 555, 557, 561, 562, 564, 566, 567, 568, 570, 571, 572, 573, 575, 577, 587, 588, 589, 590, 591, 596, 597, 598, 599, 602, 604, 605, 608, 610, 611, 614, 616, 617, 626, 627, 628, 629, 630, 631, 632, 633, 637, 640, 643, 646, 649, 664, 667, 668, 669, 670, 671, 674, 677, 736, 739, 742, 745, 746, 747, 748, 752, 755, 756, 757, 760, 761, 762, 765, 766, 781, 782, 783, 784, 785, 786, 787, 788, 791, 792, 793, 795, 799, 803, 807, 808, 809, 810, 811, 814, 815, 816, 820], "summary": {"covered_lines": 274, "num_statements": 287, "percent_covered": 95.47038327526133, "percent_covered_display": "95", "missing_lines": 13, "excluded_lines": 0, "percent_statements_covered": 95.47038327526133, "percent_statements_covered_display": "95"}, "missing_lines": [430, 503, 593, 603, 609, 615, 685, 697, 705, 789, 824, 828, 829], "excluded_lines": [], "start_line": 146}, "FunctionTensorMixin": {"executed_lines": [860, 862, 863, 864, 865, 866, 867], "summary": {"covered_lines": 7, "num_statements": 8, "percent_covered": 87.5, "percent_covered_display": "88", "missing_lines": 1, "excluded_lines": 0, "percent_statements_covered": 87.5, "percent_statements_covered_display": "88"}, "missing_lines": [868], "excluded_lines": [], "start_line": 834}, "ArithmeticTensorMixin": {"executed_lines": [885, 886, 887, 888, 892, 893, 894, 897, 900, 903, 904, 905, 908, 911, 914, 915, 916, 919, 922, 925, 926, 927, 930, 933, 936, 939, 940, 941, 960, 974, 975, 976], "summary": {"covered_lines": 32, "num_statements": 32, "percent_covered": 100.0, "percent_covered_display": "100", "missing_lines": 0, "excluded_lines": 0, "percent_statements_covered": 100.0, "percent_statements_covered_display": "100"}, "missing_lines": [], "excluded_lines": [], "start_line": 871}, "": {"executed_lines": [1, 3, 4, 5, 7, 9, 11, 14, 15, 16, 17, 19, 36, 42, 44, 45, 46, 47, 48, 53, 54, 56, 58, 60, 61, 62, 64, 65, 67, 68, 71, 78, 79, 80, 81, 82, 83, 84, 86, 87, 88, 89, 90, 91, 94, 96, 99, 101, 102, 105, 111, 113, 114, 115, 116, 119, 121, 124, 126, 127, 128, 129, 130, 131, 133, 136, 137, 138, 139, 140, 143, 146, 147, 149, 151, 158, 159, 177, 274, 283, 332, 333, 339, 370, 385, 406, 428, 429, 432, 439, 451, 469, 507, 559, 601, 607, 613, 619, 639, 642, 645, 648, 651, 666, 673, 676, 679, 680, 687, 688, 699, 700, 707, 738, 741, 744, 750, 751, 754, 759, 764, 775, 797, 798, 801, 802, 805, 806, 813, 818, 819, 822, 823, 826, 827, 834, 843, 871, 884, 896, 899, 902, 907, 910, 913, 918, 921, 924, 929, 932, 935, 938, 943, 962], "summary": {"covered_lines": 154, "num_statements": 159, "percent_covered": 96.85534591194968, "percent_covered_display": "97", "missing_lines": 5, "excluded_lines": 0, "percent_statements_covered": 96.85534591194968, "percent_statements_covered_display": "97"}, "missing_lines": [49, 50, 85, 112, 132], "excluded_lines": [], "start_line": 1}}}, "/opt/hostedtoolcache/Python/3.13.14/x64/lib/python3.13/site-packages/stablebear/async_task.py": {"executed_lines": [1, 4, 5, 14, 18, 19, 28, 32, 33, 34, 39, 40, 42, 43, 44, 48, 49, 50], "summary": {"covered_lines": 18, "num_statements": 30, "percent_covered": 60.0, "percent_covered_display": "60", "missing_lines": 12, "excluded_lines": 0, "percent_statements_covered": 60.0, "percent_statements_covered_display": "60"}, "missing_lines": [6, 12, 15, 16, 20, 21, 22, 23, 24, 25, 26, 29], "excluded_lines": [], "functions": {"_wait_for_task": {"executed_lines": [5, 14, 18, 19, 28], "summary": {"covered_lines": 5, "num_statements": 15, "percent_covered": 33.333333333333336, "percent_covered_display": "33", "missing_lines": 10, "excluded_lines": 0, "percent_statements_covered": 33.333333333333336, "percent_statements_covered_display": "33"}, "missing_lines": [15, 16, 20, 21, 22, 23, 24, 25, 26, 29], "excluded_lines": [], "start_line": 4}, "_wait_for_task.init_progress": {"executed_lines": [], "summary": {"covered_lines": 0, "num_statements": 2, "percent_covered": 0.0, "percent_covered_display": "0", "missing_lines": 2, "excluded_lines": 0, "percent_statements_covered": 0.0, "percent_statements_covered_display": "0"}, "missing_lines": [6, 12], "excluded_lines": [], "start_line": 5}, "_run_task": {"executed_lines": [33, 34, 39, 40, 42, 43, 44, 48, 49, 50], "summary": {"covered_lines": 10, "num_statements": 10, "percent_covered": 100.0, "percent_covered_display": "100", "missing_lines": 0, "excluded_lines": 0, "percent_statements_covered": 100.0, "percent_statements_covered_display": "100"}, "missing_lines": [], "excluded_lines": [], "start_line": 32}, "": {"executed_lines": [1, 4, 32], "summary": {"covered_lines": 3, "num_statements": 3, "percent_covered": 100.0, "percent_covered_display": "100", "missing_lines": 0, "excluded_lines": 0, "percent_statements_covered": 100.0, "percent_statements_covered_display": "100"}, "missing_lines": [], "excluded_lines": [], "start_line": 1}}, "classes": {"": {"executed_lines": [1, 4, 5, 14, 18, 19, 28, 32, 33, 34, 39, 40, 42, 43, 44, 48, 49, 50], "summary": {"covered_lines": 18, "num_statements": 30, "percent_covered": 60.0, "percent_covered_display": "60", "missing_lines": 12, "excluded_lines": 0, "percent_statements_covered": 60.0, "percent_statements_covered_display": "60"}, "missing_lines": [6, 12, 15, 16, 20, 21, 22, 23, 24, 25, 26, 29], "excluded_lines": [], "start_line": 1}}}, "/opt/hostedtoolcache/Python/3.13.14/x64/lib/python3.13/site-packages/stablebear/base_tensor.py": {"executed_lines": [1, 3, 5, 6, 7, 8, 26, 31, 36, 41, 46, 49, 50, 51, 53, 54, 55, 59, 60, 62, 63, 65, 66, 68, 69, 71, 72, 74, 75, 77, 79, 81, 83, 84, 86, 88, 89, 90, 91, 93, 94, 95, 97, 98, 100, 101, 102, 103, 104, 107, 108, 109, 110, 111, 113, 114, 115, 116, 117, 118, 120, 121, 122, 124, 125, 128, 129, 131, 132, 134, 137, 141, 149, 150, 151, 152, 155, 156, 157, 158, 159, 160, 166, 167, 168, 170, 171, 173, 174, 176, 178, 180, 181, 182, 183, 185, 186, 188, 190, 196, 197, 198, 199, 201, 202, 204, 208, 209, 210, 212, 213, 215, 216, 218, 219, 222, 223, 224, 225, 226, 227, 228, 232, 234, 235, 237, 238, 241, 242, 243, 244, 246, 247, 251, 253, 254, 256, 257, 260, 261, 262, 263, 265, 266, 269, 276, 277, 278, 280, 283, 284, 285, 286, 287, 288, 289, 290, 293, 299, 300, 301, 302, 305, 306, 307, 308, 312, 313, 317, 318, 321, 337, 338, 339, 341, 342, 343, 344, 345, 347, 348, 350, 351, 353, 354, 356, 358, 360, 372, 373, 374, 376, 377, 378, 379, 381, 382, 385, 388, 389, 390, 393, 395, 396, 397, 399, 400, 402, 403, 405, 406, 408, 411, 412, 414, 415, 416, 417, 418, 419, 420, 421, 426, 427, 428, 429, 431, 434, 437, 438, 441, 444, 445, 446, 447, 448, 449, 451, 456, 457, 458, 460, 461, 465, 466, 468, 469, 470, 471, 472, 473, 477, 479, 482, 493, 494, 495, 497, 498, 499, 500, 502], "summary": {"covered_lines": 262, "num_statements": 290, "percent_covered": 90.34482758620689, "percent_covered_display": "90", "missing_lines": 28, "excluded_lines": 0, "percent_statements_covered": 90.34482758620689, "percent_statements_covered_display": "90"}, "missing_lines": [80, 85, 126, 135, 138, 153, 187, 191, 205, 233, 245, 252, 279, 281, 340, 346, 391, 394, 398, 409, 430, 439, 442, 450, 453, 462, 467, 474], "excluded_lines": [], "functions": {"NumericTensor.__init__": {"executed_lines": [51], "summary": {"covered_lines": 1, "num_statements": 1, "percent_covered": 100.0, "percent_covered_display": "100", "missing_lines": 0, "excluded_lines": 0, "percent_statements_covered": 100.0, "percent_statements_covered_display": "100"}, "missing_lines": [], "excluded_lines": [], "start_line": 50}, "NumericTensor.__float__": {"executed_lines": [54, 55, 59, 60], "summary": {"covered_lines": 4, "num_statements": 4, "percent_covered": 100.0, "percent_covered_display": "100", "missing_lines": 0, "excluded_lines": 0, "percent_statements_covered": 100.0, "percent_statements_covered_display": "100"}, "missing_lines": [], "excluded_lines": [], "start_line": 53}, "NumericTensor.__int__": {"executed_lines": [63], "summary": {"covered_lines": 1, "num_statements": 1, "percent_covered": 100.0, "percent_covered_display": "100", "missing_lines": 0, "excluded_lines": 0, "percent_statements_covered": 100.0, "percent_statements_covered_display": "100"}, "missing_lines": [], "excluded_lines": [], "start_line": 62}, "NumericTensor._get_valid_setitem_dtypes": {"executed_lines": [66], "summary": {"covered_lines": 1, "num_statements": 1, "percent_covered": 100.0, "percent_covered_display": "100", "missing_lines": 0, "excluded_lines": 0, "percent_statements_covered": 100.0, "percent_statements_covered_display": "100"}, "missing_lines": [], "excluded_lines": [], "start_line": 65}, "NumericTensor._decay_value": {"executed_lines": [69], "summary": {"covered_lines": 1, "num_statements": 1, "percent_covered": 100.0, "percent_covered_display": "100", "missing_lines": 0, "excluded_lines": 0, "percent_statements_covered": 100.0, "percent_statements_covered_display": "100"}, "missing_lines": [], "excluded_lines": [], "start_line": 68}, "NumericTensor._represent_element": {"executed_lines": [72], "summary": {"covered_lines": 1, "num_statements": 1, "percent_covered": 100.0, "percent_covered_display": "100", "missing_lines": 0, "excluded_lines": 0, "percent_statements_covered": 100.0, "percent_statements_covered_display": "100"}, "missing_lines": [], "excluded_lines": [], "start_line": 71}, "NumericTensor.__array__": {"executed_lines": [75, 77, 79, 81], "summary": {"covered_lines": 4, "num_statements": 5, "percent_covered": 80.0, "percent_covered_display": "80", "missing_lines": 1, "excluded_lines": 0, "percent_statements_covered": 80.0, "percent_statements_covered_display": "80"}, "missing_lines": [80], "excluded_lines": [], "start_line": 74}, "NumericTensor.__eq__": {"executed_lines": [84, 86], "summary": {"covered_lines": 2, "num_statements": 3, "percent_covered": 66.66666666666667, "percent_covered_display": "67", "missing_lines": 1, "excluded_lines": 0, "percent_statements_covered": 66.66666666666667, "percent_statements_covered_display": "67"}, "missing_lines": [85], "excluded_lines": [], "start_line": 83}, "NumericTensor.array_equal": {"executed_lines": [89, 90, 91], "summary": {"covered_lines": 3, "num_statements": 3, "percent_covered": 100.0, "percent_covered_display": "100", "missing_lines": 0, "excluded_lines": 0, "percent_statements_covered": 100.0, "percent_statements_covered_display": "100"}, "missing_lines": [], "excluded_lines": [], "start_line": 88}, "NumericTensor.__floordiv__": {"executed_lines": [94, 95], "summary": {"covered_lines": 2, "num_statements": 2, "percent_covered": 100.0, "percent_covered_display": "100", "missing_lines": 0, "excluded_lines": 0, "percent_statements_covered": 100.0, "percent_statements_covered_display": "100"}, "missing_lines": [], "excluded_lines": [], "start_line": 93}, "NumericTensor.__rfloordiv__": {"executed_lines": [98], "summary": {"covered_lines": 1, "num_statements": 1, "percent_covered": 100.0, "percent_covered_display": "100", "missing_lines": 0, "excluded_lines": 0, "percent_statements_covered": 100.0, "percent_statements_covered_display": "100"}, "missing_lines": [], "excluded_lines": [], "start_line": 97}, "NumericTensor.__ifloordiv__": {"executed_lines": [101, 102, 103, 104], "summary": {"covered_lines": 4, "num_statements": 4, "percent_covered": 100.0, "percent_covered_display": "100", "missing_lines": 0, "excluded_lines": 0, "percent_statements_covered": 100.0, "percent_statements_covered_display": "100"}, "missing_lines": [], "excluded_lines": [], "start_line": 100}, "FloatTensor.__init__": {"executed_lines": [109, 110, 111, 113, 114, 115, 116, 117, 118, 120, 121, 122, 124, 125, 128, 129], "summary": {"covered_lines": 16, "num_statements": 17, "percent_covered": 94.11764705882354, "percent_covered_display": "94", "missing_lines": 1, "excluded_lines": 0, "percent_statements_covered": 94.11764705882354, "percent_statements_covered_display": "94"}, "missing_lines": [126], "excluded_lines": [], "start_line": 108}, "FloatTensor._to_py_tensor": {"executed_lines": [132], "summary": {"covered_lines": 1, "num_statements": 1, "percent_covered": 100.0, "percent_covered_display": "100", "missing_lines": 0, "excluded_lines": 0, "percent_statements_covered": 100.0, "percent_statements_covered_display": "100"}, "missing_lines": [], "excluded_lines": [], "start_line": 131}, "FloatTensor.__repr__": {"executed_lines": [], "summary": {"covered_lines": 0, "num_statements": 1, "percent_covered": 0.0, "percent_covered_display": "0", "missing_lines": 1, "excluded_lines": 0, "percent_statements_covered": 0.0, "percent_statements_covered_display": "0"}, "missing_lines": [135], "excluded_lines": [], "start_line": 134}, "FloatTensor.__str__": {"executed_lines": [], "summary": {"covered_lines": 0, "num_statements": 1, "percent_covered": 0.0, "percent_covered_display": "0", "missing_lines": 1, "excluded_lines": 0, "percent_statements_covered": 0.0, "percent_statements_covered_display": "0"}, "missing_lines": [138], "excluded_lines": [], "start_line": 137}, "IntTensor.__init__": {"executed_lines": [151, 152, 155, 156, 157, 158, 159, 160, 166, 167, 168, 170, 171], "summary": {"covered_lines": 13, "num_statements": 14, "percent_covered": 92.85714285714286, "percent_covered_display": "93", "missing_lines": 1, "excluded_lines": 0, "percent_statements_covered": 92.85714285714286, "percent_statements_covered_display": "93"}, "missing_lines": [153], "excluded_lines": [], "start_line": 150}, "IntTensor._to_py_tensor": {"executed_lines": [174], "summary": {"covered_lines": 1, "num_statements": 1, "percent_covered": 100.0, "percent_covered_display": "100", "missing_lines": 0, "excluded_lines": 0, "percent_statements_covered": 100.0, "percent_statements_covered_display": "100"}, "missing_lines": [], "excluded_lines": [], "start_line": 173}, "IntTensor._as_float64": {"executed_lines": [178], "summary": {"covered_lines": 1, "num_statements": 1, "percent_covered": 100.0, "percent_covered_display": "100", "missing_lines": 0, "excluded_lines": 0, "percent_statements_covered": 100.0, "percent_statements_covered_display": "100"}, "missing_lines": [], "excluded_lines": [], "start_line": 176}, "IntTensor.__truediv__": {"executed_lines": [181, 182, 183], "summary": {"covered_lines": 3, "num_statements": 3, "percent_covered": 100.0, "percent_covered_display": "100", "missing_lines": 0, "excluded_lines": 0, "percent_statements_covered": 100.0, "percent_statements_covered_display": "100"}, "missing_lines": [], "excluded_lines": [], "start_line": 180}, "IntTensor.__rtruediv__": {"executed_lines": [186, 188], "summary": {"covered_lines": 2, "num_statements": 3, "percent_covered": 66.66666666666667, "percent_covered_display": "67", "missing_lines": 1, "excluded_lines": 0, "percent_statements_covered": 66.66666666666667, "percent_statements_covered_display": "67"}, "missing_lines": [187], "excluded_lines": [], "start_line": 185}, "IntTensor.__itruediv__": {"executed_lines": [], "summary": {"covered_lines": 0, "num_statements": 1, "percent_covered": 0.0, "percent_covered_display": "0", "missing_lines": 1, "excluded_lines": 0, "percent_statements_covered": 0.0, "percent_statements_covered_display": "0"}, "missing_lines": [191], "excluded_lines": [], "start_line": 190}, "IntTensor.__neg__": {"executed_lines": [197, 198, 199], "summary": {"covered_lines": 3, "num_statements": 3, "percent_covered": 100.0, "percent_covered_display": "100", "missing_lines": 0, "excluded_lines": 0, "percent_statements_covered": 100.0, "percent_statements_covered_display": "100"}, "missing_lines": [], "excluded_lines": [], "start_line": 196}, "IntTensor.__repr__": {"executed_lines": [202], "summary": {"covered_lines": 1, "num_statements": 1, "percent_covered": 100.0, "percent_covered_display": "100", "missing_lines": 0, "excluded_lines": 0, "percent_statements_covered": 100.0, "percent_statements_covered_display": "100"}, "missing_lines": [], "excluded_lines": [], "start_line": 201}, "IntTensor.__str__": {"executed_lines": [], "summary": {"covered_lines": 0, "num_statements": 1, "percent_covered": 0.0, "percent_covered_display": "0", "missing_lines": 1, "excluded_lines": 0, "percent_statements_covered": 0.0, "percent_statements_covered_display": "0"}, "missing_lines": [205], "excluded_lines": [], "start_line": 204}, "_PcfTensorBase.__init__": {"executed_lines": [210], "summary": {"covered_lines": 1, "num_statements": 1, "percent_covered": 100.0, "percent_covered_display": "100", "missing_lines": 0, "excluded_lines": 0, "percent_statements_covered": 100.0, "percent_statements_covered_display": "100"}, "missing_lines": [], "excluded_lines": [], "start_line": 209}, "_PcfTensorBase._get_valid_setitem_dtypes": {"executed_lines": [213], "summary": {"covered_lines": 1, "num_statements": 1, "percent_covered": 100.0, "percent_covered_display": "100", "missing_lines": 0, "excluded_lines": 0, "percent_statements_covered": 100.0, "percent_statements_covered_display": "100"}, "missing_lines": [], "excluded_lines": [], "start_line": 212}, "_PcfTensorBase._decay_value": {"executed_lines": [216], "summary": {"covered_lines": 1, "num_statements": 1, "percent_covered": 100.0, "percent_covered_display": "100", "missing_lines": 0, "excluded_lines": 0, "percent_statements_covered": 100.0, "percent_statements_covered_display": "100"}, "missing_lines": [], "excluded_lines": [], "start_line": 215}, "_PcfTensorBase._represent_element": {"executed_lines": [219], "summary": {"covered_lines": 1, "num_statements": 1, "percent_covered": 100.0, "percent_covered_display": "100", "missing_lines": 0, "excluded_lines": 0, "percent_statements_covered": 100.0, "percent_statements_covered_display": "100"}, "missing_lines": [], "excluded_lines": [], "start_line": 218}, "PcfTensor.__init__": {"executed_lines": [224, 225, 226, 227, 228, 232, 234, 235], "summary": {"covered_lines": 8, "num_statements": 9, "percent_covered": 88.88888888888889, "percent_covered_display": "89", "missing_lines": 1, "excluded_lines": 0, "percent_statements_covered": 88.88888888888889, "percent_statements_covered_display": "89"}, "missing_lines": [233], "excluded_lines": [], "start_line": 223}, "PcfTensor._to_py_tensor": {"executed_lines": [238], "summary": {"covered_lines": 1, "num_statements": 1, "percent_covered": 100.0, "percent_covered_display": "100", "missing_lines": 0, "excluded_lines": 0, "percent_statements_covered": 100.0, "percent_statements_covered_display": "100"}, "missing_lines": [], "excluded_lines": [], "start_line": 237}, "IntPcfTensor.__init__": {"executed_lines": [243, 244, 246, 247, 251, 253, 254], "summary": {"covered_lines": 7, "num_statements": 9, "percent_covered": 77.77777777777777, "percent_covered_display": "78", "missing_lines": 2, "excluded_lines": 0, "percent_statements_covered": 77.77777777777777, "percent_statements_covered_display": "78"}, "missing_lines": [245, 252], "excluded_lines": [], "start_line": 242}, "IntPcfTensor._to_py_tensor": {"executed_lines": [257], "summary": {"covered_lines": 1, "num_statements": 1, "percent_covered": 100.0, "percent_covered_display": "100", "missing_lines": 0, "excluded_lines": 0, "percent_statements_covered": 100.0, "percent_statements_covered_display": "100"}, "missing_lines": [], "excluded_lines": [], "start_line": 256}, "_pcloud_dtype_for": {"executed_lines": [261, 262, 263, 265, 266], "summary": {"covered_lines": 5, "num_statements": 5, "percent_covered": 100.0, "percent_covered_display": "100", "missing_lines": 0, "excluded_lines": 0, "percent_statements_covered": 100.0, "percent_statements_covered_display": "100"}, "missing_lines": [], "excluded_lines": [], "start_line": 260}, "_pointcloud_cpp_from_array": {"executed_lines": [276, 277, 278, 280, 283, 284, 285, 286, 287, 288, 289, 290], "summary": {"covered_lines": 12, "num_statements": 14, "percent_covered": 85.71428571428571, "percent_covered_display": "86", "missing_lines": 2, "excluded_lines": 0, "percent_statements_covered": 85.71428571428571, "percent_statements_covered_display": "86"}, "missing_lines": [279, 281], "excluded_lines": [], "start_line": 269}, "_pointcloud_cpp_from_list": {"executed_lines": [299, 300, 301, 302, 305, 306, 307, 308, 312, 313, 317, 318], "summary": {"covered_lines": 12, "num_statements": 12, "percent_covered": 100.0, "percent_covered_display": "100", "missing_lines": 0, "excluded_lines": 0, "percent_statements_covered": 100.0, "percent_statements_covered_display": "100"}, "missing_lines": [], "excluded_lines": [], "start_line": 293}, "PointCloudTensor.__init__": {"executed_lines": [338, 339, 341, 342, 343, 344, 345, 347, 348], "summary": {"covered_lines": 9, "num_statements": 11, "percent_covered": 81.81818181818181, "percent_covered_display": "82", "missing_lines": 2, "excluded_lines": 0, "percent_statements_covered": 81.81818181818181, "percent_statements_covered_display": "82"}, "missing_lines": [340, 346], "excluded_lines": [], "start_line": 337}, "PointCloudTensor._to_py_tensor": {"executed_lines": [351], "summary": {"covered_lines": 1, "num_statements": 1, "percent_covered": 100.0, "percent_covered_display": "100", "missing_lines": 0, "excluded_lines": 0, "percent_statements_covered": 100.0, "percent_statements_covered_display": "100"}, "missing_lines": [], "excluded_lines": [], "start_line": 350}, "PointCloudTensor._represent_element": {"executed_lines": [354], "summary": {"covered_lines": 1, "num_statements": 1, "percent_covered": 100.0, "percent_covered_display": "100", "missing_lines": 0, "excluded_lines": 0, "percent_statements_covered": 100.0, "percent_statements_covered_display": "100"}, "missing_lines": [], "excluded_lines": [], "start_line": 353}, "PointCloudTensor._single_cloud": {"executed_lines": [358], "summary": {"covered_lines": 1, "num_statements": 1, "percent_covered": 100.0, "percent_covered_display": "100", "missing_lines": 0, "excluded_lines": 0, "percent_statements_covered": 100.0, "percent_statements_covered_display": "100"}, "missing_lines": [], "excluded_lines": [], "start_line": 356}, "PointCloudTensor.__getitem__": {"executed_lines": [372, 373, 374], "summary": {"covered_lines": 3, "num_statements": 3, "percent_covered": 100.0, "percent_covered_display": "100", "missing_lines": 0, "excluded_lines": 0, "percent_statements_covered": 100.0, "percent_statements_covered_display": "100"}, "missing_lines": [], "excluded_lines": [], "start_line": 360}, "PointCloudTensor._decay_value": {"executed_lines": [377, 378, 379], "summary": {"covered_lines": 3, "num_statements": 3, "percent_covered": 100.0, "percent_covered_display": "100", "missing_lines": 0, "excluded_lines": 0, "percent_statements_covered": 100.0, "percent_statements_covered_display": "100"}, "missing_lines": [], "excluded_lines": [], "start_line": 376}, "PointCloudTensor._get_valid_setitem_dtypes": {"executed_lines": [382], "summary": {"covered_lines": 1, "num_statements": 1, "percent_covered": 100.0, "percent_covered_display": "100", "missing_lines": 0, "excluded_lines": 0, "percent_statements_covered": 100.0, "percent_statements_covered_display": "100"}, "missing_lines": [], "excluded_lines": [], "start_line": 381}, "BoolTensor.__init__": {"executed_lines": [389, 390, 393, 395, 396, 397, 399, 400], "summary": {"covered_lines": 8, "num_statements": 11, "percent_covered": 72.72727272727273, "percent_covered_display": "73", "missing_lines": 3, "excluded_lines": 0, "percent_statements_covered": 72.72727272727273, "percent_statements_covered_display": "73"}, "missing_lines": [391, 394, 398], "excluded_lines": [], "start_line": 388}, "BoolTensor._to_py_tensor": {"executed_lines": [403], "summary": {"covered_lines": 1, "num_statements": 1, "percent_covered": 100.0, "percent_covered_display": "100", "missing_lines": 0, "excluded_lines": 0, "percent_statements_covered": 100.0, "percent_statements_covered_display": "100"}, "missing_lines": [], "excluded_lines": [], "start_line": 402}, "BoolTensor._decay_value": {"executed_lines": [406], "summary": {"covered_lines": 1, "num_statements": 1, "percent_covered": 100.0, "percent_covered_display": "100", "missing_lines": 0, "excluded_lines": 0, "percent_statements_covered": 100.0, "percent_statements_covered_display": "100"}, "missing_lines": [], "excluded_lines": [], "start_line": 405}, "BoolTensor._represent_element": {"executed_lines": [], "summary": {"covered_lines": 0, "num_statements": 1, "percent_covered": 0.0, "percent_covered_display": "0", "missing_lines": 1, "excluded_lines": 0, "percent_statements_covered": 0.0, "percent_statements_covered_display": "0"}, "missing_lines": [409], "excluded_lines": [], "start_line": 408}, "BoolTensor._get_valid_setitem_dtypes": {"executed_lines": [412], "summary": {"covered_lines": 1, "num_statements": 1, "percent_covered": 100.0, "percent_covered_display": "100", "missing_lines": 0, "excluded_lines": 0, "percent_statements_covered": 100.0, "percent_statements_covered_display": "100"}, "missing_lines": [], "excluded_lines": [], "start_line": 411}, "BoolTensor.__bool__": {"executed_lines": [415, 416, 417, 418, 419, 420, 421], "summary": {"covered_lines": 7, "num_statements": 7, "percent_covered": 100.0, "percent_covered_display": "100", "missing_lines": 0, "excluded_lines": 0, "percent_statements_covered": 100.0, "percent_statements_covered_display": "100"}, "missing_lines": [], "excluded_lines": [], "start_line": 414}, "BoolTensor.__array__": {"executed_lines": [427, 428, 429, 431], "summary": {"covered_lines": 4, "num_statements": 5, "percent_covered": 80.0, "percent_covered_display": "80", "missing_lines": 1, "excluded_lines": 0, "percent_statements_covered": 80.0, "percent_statements_covered_display": "80"}, "missing_lines": [430], "excluded_lines": [], "start_line": 426}, "_to_tensor_pcf": {"executed_lines": [438, 441, 444, 445, 446, 447, 448, 449, 451], "summary": {"covered_lines": 9, "num_statements": 13, "percent_covered": 69.23076923076923, "percent_covered_display": "69", "missing_lines": 4, "excluded_lines": 0, "percent_statements_covered": 69.23076923076923, "percent_statements_covered_display": "69"}, "missing_lines": [439, 442, 450, 453], "excluded_lines": [], "start_line": 437}, "_get_backend": {"executed_lines": [457, 458, 460, 461, 465, 466, 468, 469, 470, 471, 472, 473, 477, 479], "summary": {"covered_lines": 14, "num_statements": 17, "percent_covered": 82.3529411764706, "percent_covered_display": "82", "missing_lines": 3, "excluded_lines": 0, "percent_statements_covered": 82.3529411764706, "percent_statements_covered_display": "82"}, "missing_lines": [462, 467, 474], "excluded_lines": [], "start_line": 456}, "_resolve_pcf_inputs": {"executed_lines": [493, 494, 495, 497, 498, 499, 500, 502], "summary": {"covered_lines": 8, "num_statements": 8, "percent_covered": 100.0, "percent_covered_display": "100", "missing_lines": 0, "excluded_lines": 0, "percent_statements_covered": 100.0, "percent_statements_covered_display": "100"}, "missing_lines": [], "excluded_lines": [], "start_line": 482}, "": {"executed_lines": [1, 3, 5, 6, 7, 8, 26, 31, 36, 41, 46, 49, 50, 53, 62, 65, 68, 71, 74, 83, 88, 93, 97, 100, 107, 108, 131, 134, 137, 141, 149, 150, 173, 176, 180, 185, 190, 196, 201, 204, 208, 209, 212, 215, 218, 222, 223, 237, 241, 242, 256, 260, 269, 293, 321, 337, 350, 353, 356, 360, 376, 381, 385, 388, 402, 405, 408, 411, 414, 426, 434, 437, 456, 482], "summary": {"covered_lines": 74, "num_statements": 74, "percent_covered": 100.0, "percent_covered_display": "100", "missing_lines": 0, "excluded_lines": 0, "percent_statements_covered": 100.0, "percent_statements_covered_display": "100"}, "missing_lines": [], "excluded_lines": [], "start_line": 1}}, "classes": {"NumericTensor": {"executed_lines": [51, 54, 55, 59, 60, 63, 66, 69, 72, 75, 77, 79, 81, 84, 86, 89, 90, 91, 94, 95, 98, 101, 102, 103, 104], "summary": {"covered_lines": 25, "num_statements": 27, "percent_covered": 92.5925925925926, "percent_covered_display": "93", "missing_lines": 2, "excluded_lines": 0, "percent_statements_covered": 92.5925925925926, "percent_statements_covered_display": "93"}, "missing_lines": [80, 85], "excluded_lines": [], "start_line": 49}, "FloatTensor": {"executed_lines": [109, 110, 111, 113, 114, 115, 116, 117, 118, 120, 121, 122, 124, 125, 128, 129, 132], "summary": {"covered_lines": 17, "num_statements": 20, "percent_covered": 85.0, "percent_covered_display": "85", "missing_lines": 3, "excluded_lines": 0, "percent_statements_covered": 85.0, "percent_statements_covered_display": "85"}, "missing_lines": [126, 135, 138], "excluded_lines": [], "start_line": 107}, "IntTensor": {"executed_lines": [151, 152, 155, 156, 157, 158, 159, 160, 166, 167, 168, 170, 171, 174, 178, 181, 182, 183, 186, 188, 197, 198, 199, 202], "summary": {"covered_lines": 24, "num_statements": 28, "percent_covered": 85.71428571428571, "percent_covered_display": "86", "missing_lines": 4, "excluded_lines": 0, "percent_statements_covered": 85.71428571428571, "percent_statements_covered_display": "86"}, "missing_lines": [153, 187, 191, 205], "excluded_lines": [], "start_line": 149}, "_PcfTensorBase": {"executed_lines": [210, 213, 216, 219], "summary": {"covered_lines": 4, "num_statements": 4, "percent_covered": 100.0, "percent_covered_display": "100", "missing_lines": 0, "excluded_lines": 0, "percent_statements_covered": 100.0, "percent_statements_covered_display": "100"}, "missing_lines": [], "excluded_lines": [], "start_line": 208}, "PcfTensor": {"executed_lines": [224, 225, 226, 227, 228, 232, 234, 235, 238], "summary": {"covered_lines": 9, "num_statements": 10, "percent_covered": 90.0, "percent_covered_display": "90", "missing_lines": 1, "excluded_lines": 0, "percent_statements_covered": 90.0, "percent_statements_covered_display": "90"}, "missing_lines": [233], "excluded_lines": [], "start_line": 222}, "IntPcfTensor": {"executed_lines": [243, 244, 246, 247, 251, 253, 254, 257], "summary": {"covered_lines": 8, "num_statements": 10, "percent_covered": 80.0, "percent_covered_display": "80", "missing_lines": 2, "excluded_lines": 0, "percent_statements_covered": 80.0, "percent_statements_covered_display": "80"}, "missing_lines": [245, 252], "excluded_lines": [], "start_line": 241}, "PointCloudTensor": {"executed_lines": [338, 339, 341, 342, 343, 344, 345, 347, 348, 351, 354, 358, 372, 373, 374, 377, 378, 379, 382], "summary": {"covered_lines": 19, "num_statements": 21, "percent_covered": 90.47619047619048, "percent_covered_display": "90", "missing_lines": 2, "excluded_lines": 0, "percent_statements_covered": 90.47619047619048, "percent_statements_covered_display": "90"}, "missing_lines": [340, 346], "excluded_lines": [], "start_line": 321}, "BoolTensor": {"executed_lines": [389, 390, 393, 395, 396, 397, 399, 400, 403, 406, 412, 415, 416, 417, 418, 419, 420, 421, 427, 428, 429, 431], "summary": {"covered_lines": 22, "num_statements": 27, "percent_covered": 81.48148148148148, "percent_covered_display": "81", "missing_lines": 5, "excluded_lines": 0, "percent_statements_covered": 81.48148148148148, "percent_statements_covered_display": "81"}, "missing_lines": [391, 394, 398, 409, 430], "excluded_lines": [], "start_line": 385}, "": {"executed_lines": [1, 3, 5, 6, 7, 8, 26, 31, 36, 41, 46, 49, 50, 53, 62, 65, 68, 71, 74, 83, 88, 93, 97, 100, 107, 108, 131, 134, 137, 141, 149, 150, 173, 176, 180, 185, 190, 196, 201, 204, 208, 209, 212, 215, 218, 222, 223, 237, 241, 242, 256, 260, 261, 262, 263, 265, 266, 269, 276, 277, 278, 280, 283, 284, 285, 286, 287, 288, 289, 290, 293, 299, 300, 301, 302, 305, 306, 307, 308, 312, 313, 317, 318, 321, 337, 350, 353, 356, 360, 376, 381, 385, 388, 402, 405, 408, 411, 414, 426, 434, 437, 438, 441, 444, 445, 446, 447, 448, 449, 451, 456, 457, 458, 460, 461, 465, 466, 468, 469, 470, 471, 472, 473, 477, 479, 482, 493, 494, 495, 497, 498, 499, 500, 502], "summary": {"covered_lines": 134, "num_statements": 143, "percent_covered": 93.7062937062937, "percent_covered_display": "94", "missing_lines": 9, "excluded_lines": 0, "percent_statements_covered": 93.7062937062937, "percent_statements_covered_display": "94"}, "missing_lines": [279, 281, 439, 442, 450, 453, 462, 467, 474], "excluded_lines": [], "start_line": 1}}}, "/opt/hostedtoolcache/Python/3.13.14/x64/lib/python3.13/site-packages/stablebear/comparison.py": {"executed_lines": [1, 3, 4, 5, 8, 38, 39, 40, 41, 42, 43, 45], "summary": {"covered_lines": 12, "num_statements": 12, "percent_covered": 100.0, "percent_covered_display": "100", "missing_lines": 0, "excluded_lines": 0, "percent_statements_covered": 100.0, "percent_statements_covered_display": "100"}, "missing_lines": [], "excluded_lines": [], "functions": {"allclose": {"executed_lines": [38, 39, 40, 41, 42, 43, 45], "summary": {"covered_lines": 7, "num_statements": 7, "percent_covered": 100.0, "percent_covered_display": "100", "missing_lines": 0, "excluded_lines": 0, "percent_statements_covered": 100.0, "percent_statements_covered_display": "100"}, "missing_lines": [], "excluded_lines": [], "start_line": 8}, "": {"executed_lines": [1, 3, 4, 5, 8], "summary": {"covered_lines": 5, "num_statements": 5, "percent_covered": 100.0, "percent_covered_display": "100", "missing_lines": 0, "excluded_lines": 0, "percent_statements_covered": 100.0, "percent_statements_covered_display": "100"}, "missing_lines": [], "excluded_lines": [], "start_line": 1}}, "classes": {"": {"executed_lines": [1, 3, 4, 5, 8, 38, 39, 40, 41, 42, 43, 45], "summary": {"covered_lines": 12, "num_statements": 12, "percent_covered": 100.0, "percent_covered_display": "100", "missing_lines": 0, "excluded_lines": 0, "percent_statements_covered": 100.0, "percent_statements_covered_display": "100"}, "missing_lines": [], "excluded_lines": [], "start_line": 1}}}, "/opt/hostedtoolcache/Python/3.13.14/x64/lib/python3.13/site-packages/stablebear/distance.py": {"executed_lines": [1, 2, 3, 4, 5, 6, 9, 11, 17, 46, 47, 49, 50, 52, 53, 55, 56, 57, 61, 62, 64, 67, 96, 97, 99, 101, 102, 104, 105, 107, 109, 111, 114, 142, 143, 145, 147, 148, 150, 152, 154], "summary": {"covered_lines": 41, "num_statements": 41, "percent_covered": 100.0, "percent_covered_display": "100", "missing_lines": 0, "excluded_lines": 0, "percent_statements_covered": 100.0, "percent_statements_covered_display": "100"}, "missing_lines": [], "excluded_lines": [], "functions": {"lp_distance": {"executed_lines": [46, 47, 49, 50, 52, 53, 55, 56, 57, 61, 62, 64], "summary": {"covered_lines": 12, "num_statements": 12, "percent_covered": 100.0, "percent_covered_display": "100", "missing_lines": 0, "excluded_lines": 0, "percent_statements_covered": 100.0, "percent_statements_covered_display": "100"}, "missing_lines": [], "excluded_lines": [], "start_line": 17}, "pdist": {"executed_lines": [96, 97, 99, 101, 102, 104, 105, 107, 109, 111], "summary": {"covered_lines": 10, "num_statements": 10, "percent_covered": 100.0, "percent_covered_display": "100", "missing_lines": 0, "excluded_lines": 0, "percent_statements_covered": 100.0, "percent_statements_covered_display": "100"}, "missing_lines": [], "excluded_lines": [], "start_line": 67}, "cdist": {"executed_lines": [142, 143, 145, 147, 148, 150, 152, 154], "summary": {"covered_lines": 8, "num_statements": 8, "percent_covered": 100.0, "percent_covered_display": "100", "missing_lines": 0, "excluded_lines": 0, "percent_statements_covered": 100.0, "percent_statements_covered_display": "100"}, "missing_lines": [], "excluded_lines": [], "start_line": 114}, "": {"executed_lines": [1, 2, 3, 4, 5, 6, 9, 11, 17, 67, 114], "summary": {"covered_lines": 11, "num_statements": 11, "percent_covered": 100.0, "percent_covered_display": "100", "missing_lines": 0, "excluded_lines": 0, "percent_statements_covered": 100.0, "percent_statements_covered_display": "100"}, "missing_lines": [], "excluded_lines": [], "start_line": 1}}, "classes": {"": {"executed_lines": [1, 2, 3, 4, 5, 6, 9, 11, 17, 46, 47, 49, 50, 52, 53, 55, 56, 57, 61, 62, 64, 67, 96, 97, 99, 101, 102, 104, 105, 107, 109, 111, 114, 142, 143, 145, 147, 148, 150, 152, 154], "summary": {"covered_lines": 41, "num_statements": 41, "percent_covered": 100.0, "percent_covered_display": "100", "missing_lines": 0, "excluded_lines": 0, "percent_statements_covered": 100.0, "percent_statements_covered_display": "100"}, "missing_lines": [], "excluded_lines": [], "start_line": 1}}}, "/opt/hostedtoolcache/Python/3.13.14/x64/lib/python3.13/site-packages/stablebear/distance_matrix.py": {"executed_lines": [1, 3, 5, 7, 8, 9, 14, 19, 21, 26, 32, 49, 54, 55, 56, 57, 58, 59, 60, 61, 62, 63, 67, 68, 72, 73, 74, 76, 77, 78, 80, 81, 82, 83, 84, 85, 86, 87, 88, 90, 92, 113, 114, 116, 134, 135, 137, 139, 141, 147, 149, 156, 157, 158, 159, 161, 162, 163, 164, 165, 166, 168, 169, 171, 172, 173, 174, 176, 178, 182, 183, 184, 188, 189, 192, 198, 199, 200, 203, 204, 206, 207, 208, 209, 210, 211, 212, 213, 216, 228, 229, 230, 232, 233, 235, 237, 238, 240, 241, 248, 250, 251, 253, 254, 256, 257, 259, 260], "summary": {"covered_lines": 108, "num_statements": 115, "percent_covered": 93.91304347826087, "percent_covered_display": "94", "missing_lines": 7, "excluded_lines": 2, "percent_statements_covered": 93.91304347826087, "percent_statements_covered_display": "94"}, "missing_lines": [65, 70, 179, 185, 201, 231, 236], "excluded_lines": [11, 12], "functions": {"DistanceMatrix.__init__": {"executed_lines": [54, 55, 56, 57, 58, 59, 60, 61, 62, 63], "summary": {"covered_lines": 10, "num_statements": 11, "percent_covered": 90.9090909090909, "percent_covered_display": "91", "missing_lines": 1, "excluded_lines": 0, "percent_statements_covered": 90.9090909090909, "percent_statements_covered_display": "91"}, "missing_lines": [65], "excluded_lines": [], "start_line": 49}, "DistanceMatrix.dtype": {"executed_lines": [], "summary": {"covered_lines": 0, "num_statements": 1, "percent_covered": 0.0, "percent_covered_display": "0", "missing_lines": 1, "excluded_lines": 0, "percent_statements_covered": 0.0, "percent_statements_covered_display": "0"}, "missing_lines": [70], "excluded_lines": [], "start_line": 68}, "DistanceMatrix.size": {"executed_lines": [74], "summary": {"covered_lines": 1, "num_statements": 1, "percent_covered": 100.0, "percent_covered_display": "100", "missing_lines": 0, "excluded_line
[...]
5, "num_statements": 5, "percent_covered": 100.0, "percent_covered_display": "100", "missing_lines": 0, "excluded_lines": 0, "percent_statements_covered": 100.0, "percent_statements_covered_display": "100"}, "missing_lines": [], "excluded_lines": [], "start_line": 160}, "SymmetricMatrix.from_dense": {"executed_lines": [170, 172, 173], "summary": {"covered_lines": 3, "num_statements": 5, "percent_covered": 60.0, "percent_covered_display": "60", "missing_lines": 2, "excluded_lines": 0, "percent_statements_covered": 60.0, "percent_statements_covered_display": "60"}, "missing_lines": [171, 175], "excluded_lines": [], "start_line": 168}, "SymmetricMatrix.__repr__": {"executed_lines": [178], "summary": {"covered_lines": 1, "num_statements": 1, "percent_covered": 100.0, "percent_covered_display": "100", "missing_lines": 0, "excluded_lines": 0, "percent_statements_covered": 100.0, "percent_statements_covered_display": "100"}, "missing_lines": [], "excluded_lines": [], "start_line": 177}, "SymmetricMatrixTensor.__init__": {"executed_lines": [194, 195, 197, 198, 199, 201, 203, 204], "summary": {"covered_lines": 8, "num_statements": 10, "percent_covered": 80.0, "percent_covered_display": "80", "missing_lines": 2, "excluded_lines": 0, "percent_statements_covered": 80.0, "percent_statements_covered_display": "80"}, "missing_lines": [196, 202], "excluded_lines": [], "start_line": 193}, "SymmetricMatrixTensor.from_numpy": {"executed_lines": [213], "summary": {"covered_lines": 1, "num_statements": 1, "percent_covered": 100.0, "percent_covered_display": "100", "missing_lines": 0, "excluded_lines": 0, "percent_statements_covered": 100.0, "percent_statements_covered_display": "100"}, "missing_lines": [], "excluded_lines": [], "start_line": 207}, "SymmetricMatrixTensor._to_py_tensor": {"executed_lines": [216], "summary": {"covered_lines": 1, "num_statements": 1, "percent_covered": 100.0, "percent_covered_display": "100", "missing_lines": 0, "excluded_lines": 0, "percent_statements_covered": 100.0, "percent_statements_covered_display": "100"}, "missing_lines": [], "excluded_lines": [], "start_line": 215}, "SymmetricMatrixTensor._decay_value": {"executed_lines": [219], "summary": {"covered_lines": 1, "num_statements": 1, "percent_covered": 100.0, "percent_covered_display": "100", "missing_lines": 0, "excluded_lines": 0, "percent_statements_covered": 100.0, "percent_statements_covered_display": "100"}, "missing_lines": [], "excluded_lines": [], "start_line": 218}, "SymmetricMatrixTensor._represent_element": {"executed_lines": [222], "summary": {"covered_lines": 1, "num_statements": 1, "percent_covered": 100.0, "percent_covered_display": "100", "missing_lines": 0, "excluded_lines": 0, "percent_statements_covered": 100.0, "percent_statements_covered_display": "100"}, "missing_lines": [], "excluded_lines": [], "start_line": 221}, "SymmetricMatrixTensor._get_valid_setitem_dtypes": {"executed_lines": [225], "summary": {"covered_lines": 1, "num_statements": 1, "percent_covered": 100.0, "percent_covered_display": "100", "missing_lines": 0, "excluded_lines": 0, "percent_statements_covered": 100.0, "percent_statements_covered_display": "100"}, "missing_lines": [], "excluded_lines": [], "start_line": 224}, "": {"executed_lines": [1, 3, 5, 7, 8, 9, 14, 19, 21, 26, 32, 49, 67, 68, 72, 73, 76, 77, 80, 92, 116, 136, 140, 148, 160, 167, 168, 177, 181, 193, 206, 207, 215, 218, 221, 224], "summary": {"covered_lines": 36, "num_statements": 36, "percent_covered": 100.0, "percent_covered_display": "100", "missing_lines": 0, "excluded_lines": 2, "percent_statements_covered": 100.0, "percent_statements_covered_display": "100"}, "missing_lines": [], "excluded_lines": [11, 12], "start_line": 1}}, "classes": {"SymmetricMatrix": {"executed_lines": [54, 55, 56, 57, 58, 59, 60, 61, 62, 63, 65, 70, 74, 78, 81, 82, 83, 84, 85, 86, 87, 88, 90, 113, 114, 133, 134, 138, 146, 155, 156, 158, 161, 162, 163, 164, 165, 170, 172, 173, 178], "summary": {"covered_lines": 41, "num_statements": 44, "percent_covered": 93.18181818181819, "percent_covered_display": "93", "missing_lines": 3, "excluded_lines": 0, "percent_statements_covered": 93.18181818181819, "percent_statements_covered_display": "93"}, "missing_lines": [157, 171, 175], "excluded_lines": [], "start_line": 32}, "SymmetricMatrixTensor": {"executed_lines": [194, 195, 197, 198, 199, 201, 203, 204, 213, 216, 219, 222, 225], "summary": {"covered_lines": 13, "num_statements": 15, "percent_covered": 86.66666666666667, "percent_covered_display": "87", "missing_lines": 2, "excluded_lines": 0, "percent_statements_covered": 86.66666666666667, "percent_statements_covered_display": "87"}, "missing_lines": [196, 202], "excluded_lines": [], "start_line": 181}, "": {"executed_lines": [1, 3, 5, 7, 8, 9, 14, 19, 21, 26, 32, 49, 67, 68, 72, 73, 76, 77, 80, 92, 116, 136, 140, 148, 160, 167, 168, 177, 181, 193, 206, 207, 215, 218, 221, 224], "summary": {"covered_lines": 36, "num_statements": 36, "percent_covered": 100.0, "percent_covered_display": "100", "missing_lines": 0, "excluded_lines": 2, "percent_statements_covered": 100.0, "percent_statements_covered_display": "100"}, "missing_lines": [], "excluded_lines": [11, 12], "start_line": 1}}}, "/opt/hostedtoolcache/Python/3.13.14/x64/lib/python3.13/site-packages/stablebear/system.py": {"executed_lines": [1, 4, 15, 29, 42, 55, 66, 78, 81, 83, 86, 97, 114], "summary": {"covered_lines": 13, "num_statements": 21, "percent_covered": 61.904761904761905, "percent_covered_display": "62", "missing_lines": 8, "excluded_lines": 0, "percent_statements_covered": 61.904761904761905, "percent_statements_covered_display": "62"}, "missing_lines": [12, 26, 39, 52, 63, 94, 111, 122], "excluded_lines": [], "functions": {"force_cpu": {"executed_lines": [], "summary": {"covered_lines": 0, "num_statements": 1, "percent_covered": 0.0, "percent_covered_display": "0", "missing_lines": 1, "excluded_lines": 0, "percent_statements_covered": 0.0, "percent_statements_covered_display": "0"}, "missing_lines": [12], "excluded_lines": [], "start_line": 4}, "set_block_size": {"executed_lines": [], "summary": {"covered_lines": 0, "num_statements": 1, "percent_covered": 0.0, "percent_covered_display": "0", "missing_lines": 1, "excluded_lines": 0, "percent_statements_covered": 0.0, "percent_statements_covered_display": "0"}, "missing_lines": [26], "excluded_lines": [], "start_line": 15}, "limit_cpus": {"executed_lines": [], "summary": {"covered_lines": 0, "num_statements": 1, "percent_covered": 0.0, "percent_covered_display": "0", "missing_lines": 1, "excluded_lines": 0, "percent_statements_covered": 0.0, "percent_statements_covered_display": "0"}, "missing_lines": [39], "excluded_lines": [], "start_line": 29}, "limit_gpus": {"executed_lines": [], "summary": {"covered_lines": 0, "num_statements": 1, "percent_covered": 0.0, "percent_covered_display": "0", "missing_lines": 1, "excluded_lines": 0, "percent_statements_covered": 0.0, "percent_statements_covered_display": "0"}, "missing_lines": [52], "excluded_lines": [], "start_line": 42}, "set_cuda_threshold": {"executed_lines": [], "summary": {"covered_lines": 0, "num_statements": 1, "percent_covered": 0.0, "percent_covered_display": "0", "missing_lines": 1, "excluded_lines": 0, "percent_statements_covered": 0.0, "percent_statements_covered_display": "0"}, "missing_lines": [63], "excluded_lines": [], "start_line": 55}, "set_parallel_eval_threshold": {"executed_lines": [78], "summary": {"covered_lines": 1, "num_statements": 1, "percent_covered": 100.0, "percent_covered_display": "100", "missing_lines": 0, "excluded_lines": 0, "percent_statements_covered": 100.0, "percent_statements_covered_display": "100"}, "missing_lines": [], "excluded_lines": [], "start_line": 66}, "get_parallel_eval_threshold": {"executed_lines": [83], "summary": {"covered_lines": 1, "num_statements": 1, "percent_covered": 100.0, "percent_covered_display": "100", "missing_lines": 0, "excluded_lines": 0, "percent_statements_covered": 100.0, "percent_statements_covered_display": "100"}, "missing_lines": [], "excluded_lines": [], "start_line": 81}, "set_device_verbose": {"executed_lines": [], "summary": {"covered_lines": 0, "num_statements": 1, "percent_covered": 0.0, "percent_covered_display": "0", "missing_lines": 1, "excluded_lines": 0, "percent_statements_covered": 0.0, "percent_statements_covered_display": "0"}, "missing_lines": [94], "excluded_lines": [], "start_line": 86}, "set_min_block_side": {"executed_lines": [], "summary": {"covered_lines": 0, "num_statements": 1, "percent_covered": 0.0, "percent_covered_display": "0", "missing_lines": 1, "excluded_lines": 0, "percent_statements_covered": 0.0, "percent_statements_covered_display": "0"}, "missing_lines": [111], "excluded_lines": [], "start_line": 97}, "build_type": {"executed_lines": [], "summary": {"covered_lines": 0, "num_statements": 1, "percent_covered": 0.0, "percent_covered_display": "0", "missing_lines": 1, "excluded_lines": 0, "percent_statements_covered": 0.0, "percent_statements_covered_display": "0"}, "missing_lines": [122], "excluded_lines": [], "start_line": 114}, "": {"executed_lines": [1, 4, 15, 29, 42, 55, 66, 81, 86, 97, 114], "summary": {"covered_lines": 11, "num_statements": 11, "percent_covered": 100.0, "percent_covered_display": "100", "missing_lines": 0, "excluded_lines": 0, "percent_statements_covered": 100.0, "percent_statements_covered_display": "100"}, "missing_lines": [], "excluded_lines": [], "start_line": 1}}, "classes": {"": {"executed_lines": [1, 4, 15, 29, 42, 55, 66, 78, 81, 83, 86, 97, 114], "summary": {"covered_lines": 13, "num_statements": 21, "percent_covered": 61.904761904761905, "percent_covered_display": "62", "missing_lines": 8, "excluded_lines": 0, "percent_statements_covered": 61.904761904761905, "percent_statements_covered_display": "62"}, "missing_lines": [12, 26, 39, 52, 63, 94, 111, 122], "excluded_lines": [], "start_line": 1}}}, "/opt/hostedtoolcache/Python/3.13.14/x64/lib/python3.13/site-packages/stablebear/tensor_create.py": {"executed_lines": [1, 2, 3, 11, 35, 42, 46, 52, 53, 54, 55, 56, 58, 79, 82, 107, 108, 110, 111, 112, 113, 116, 138, 139, 140, 141, 142, 143, 144, 145, 146, 147, 151, 153, 155, 156, 157, 161, 163, 165, 166, 167, 170, 172, 174, 175, 176, 179, 201, 202, 203, 205, 206, 209, 234, 235, 236, 239], "summary": {"covered_lines": 58, "num_statements": 63, "percent_covered": 92.06349206349206, "percent_covered_display": "92", "missing_lines": 5, "excluded_lines": 0, "percent_statements_covered": 92.06349206349206, "percent_statements_covered_display": "92"}, "missing_lines": [154, 158, 164, 173, 238], "excluded_lines": [], "functions": {"_dtype_dispatch": {"executed_lines": [53, 54, 55, 56, 58, 79], "summary": {"covered_lines": 6, "num_statements": 6, "percent_covered": 100.0, "percent_covered_display": "100", "missing_lines": 0, "excluded_lines": 0, "percent_statements_covered": 100.0, "percent_statements_covered_display": "100"}, "missing_lines": [], "excluded_lines": [], "start_line": 52}, "zeros": {"executed_lines": [107, 108, 110, 111, 112, 113], "summary": {"covered_lines": 6, "num_statements": 6, "percent_covered": 100.0, "percent_covered_display": "100", "missing_lines": 0, "excluded_lines": 0, "percent_statements_covered": 100.0, "percent_statements_covered_display": "100"}, "missing_lines": [], "excluded_lines": [], "start_line": 82}, "tensor": {"executed_lines": [138, 139, 140, 141, 142, 143, 144, 145, 146, 147, 151, 153, 155, 156, 157], "summary": {"covered_lines": 15, "num_statements": 17, "percent_covered": 88.23529411764706, "percent_covered_display": "88", "missing_lines": 2, "excluded_lines": 0, "percent_statements_covered": 88.23529411764706, "percent_statements_covered_display": "88"}, "missing_lines": [154, 158], "excluded_lines": [], "start_line": 116}, "concatenate": {"executed_lines": [163, 165, 166, 167], "summary": {"covered_lines": 4, "num_statements": 5, "percent_covered": 80.0, "percent_covered_display": "80", "missing_lines": 1, "excluded_lines": 0, "percent_statements_covered": 80.0, "percent_statements_covered_display": "80"}, "missing_lines": [164], "excluded_lines": [], "start_line": 161}, "stack": {"executed_lines": [172, 174, 175, 176], "summary": {"covered_lines": 4, "num_statements": 5, "percent_covered": 80.0, "percent_covered_display": "80", "missing_lines": 1, "excluded_lines": 0, "percent_statements_covered": 80.0, "percent_statements_covered_display": "80"}, "missing_lines": [173], "excluded_lines": [], "start_line": 170}, "split": {"executed_lines": [201, 202, 203, 205, 206], "summary": {"covered_lines": 5, "num_statements": 5, "percent_covered": 100.0, "percent_covered_display": "100", "missing_lines": 0, "excluded_lines": 0, "percent_statements_covered": 100.0, "percent_statements_covered_display": "100"}, "missing_lines": [], "excluded_lines": [], "start_line": 179}, "array_split": {"executed_lines": [234, 235, 236, 239], "summary": {"covered_lines": 4, "num_statements": 5, "percent_covered": 80.0, "percent_covered_display": "80", "missing_lines": 1, "excluded_lines": 0, "percent_statements_covered": 80.0, "percent_statements_covered_display": "80"}, "missing_lines": [238], "excluded_lines": [], "start_line": 209}, "": {"executed_lines": [1, 2, 3, 11, 35, 42, 46, 52, 82, 116, 161, 170, 179, 209], "summary": {"covered_lines": 14, "num_statements": 14, "percent_covered": 100.0, "percent_covered_display": "100", "missing_lines": 0, "excluded_lines": 0, "percent_statements_covered": 100.0, "percent_statements_covered_display": "100"}, "missing_lines": [], "excluded_lines": [], "start_line": 1}}, "classes": {"": {"executed_lines": [1, 2, 3, 11, 35, 42, 46, 52, 53, 54, 55, 56, 58, 79, 82, 107, 108, 110, 111, 112, 113, 116, 138, 139, 140, 141, 142, 143, 144, 145, 146, 147, 151, 153, 155, 156, 157, 161, 163, 165, 166, 167, 170, 172, 174, 175, 176, 179, 201, 202, 203, 205, 206, 209, 234, 235, 236, 239], "summary": {"covered_lines": 58, "num_statements": 63, "percent_covered": 92.06349206349206, "percent_covered_display": "92", "missing_lines": 5, "excluded_lines": 0, "percent_statements_covered": 92.06349206349206, "percent_statements_covered_display": "92"}, "missing_lines": [154, 158, 164, 173, 238], "excluded_lines": [], "start_line": 1}}}, "/opt/hostedtoolcache/Python/3.13.14/x64/lib/python3.13/site-packages/stablebear/typing.py": {"executed_lines": [1, 4, 12, 13, 14, 16, 17, 21, 24, 25, 28, 29, 30, 32, 33, 35, 41, 42, 43, 44, 45, 46, 49, 50, 51, 52, 55, 56, 59, 60, 63, 64, 65, 66, 69, 72, 75, 84, 94, 95, 96, 103, 104, 105, 110, 121, 124, 125, 126, 127, 128], "summary": {"covered_lines": 51, "num_statements": 54, "percent_covered": 94.44444444444444, "percent_covered_display": "94", "missing_lines": 3, "excluded_lines": 0, "percent_statements_covered": 94.44444444444444, "percent_statements_covered_display": "94"}, "missing_lines": [19, 22, 37], "excluded_lines": [], "functions": {"dtype.__init__": {"executed_lines": [13, 14], "summary": {"covered_lines": 2, "num_statements": 2, "percent_covered": 100.0, "percent_covered_display": "100", "missing_lines": 0, "excluded_lines": 0, "percent_statements_covered": 100.0, "percent_statements_covered_display": "100"}, "missing_lines": [], "excluded_lines": [], "start_line": 12}, "dtype.name": {"executed_lines": [], "summary": {"covered_lines": 0, "num_statements": 1, "percent_covered": 0.0, "percent_covered_display": "0", "missing_lines": 1, "excluded_lines": 0, "percent_statements_covered": 0.0, "percent_statements_covered_display": "0"}, "missing_lines": [19], "excluded_lines": [], "start_line": 17}, "dtype.__repr__": {"executed_lines": [], "summary": {"covered_lines": 0, "num_statements": 1, "percent_covered": 0.0, "percent_covered_display": "0", "missing_lines": 1, "excluded_lines": 0, "percent_statements_covered": 0.0, "percent_statements_covered_display": "0"}, "missing_lines": [22], "excluded_lines": [], "start_line": 21}, "dtype.__str__": {"executed_lines": [25], "summary": {"covered_lines": 1, "num_statements": 1, "percent_covered": 100.0, "percent_covered_display": "100", "missing_lines": 0, "excluded_lines": 0, "percent_statements_covered": 100.0, "percent_statements_covered_display": "100"}, "missing_lines": [], "excluded_lines": [], "start_line": 24}, "dtype.__name__": {"executed_lines": [30], "summary": {"covered_lines": 1, "num_statements": 1, "percent_covered": 100.0, "percent_covered_display": "100", "missing_lines": 0, "excluded_lines": 0, "percent_statements_covered": 100.0, "percent_statements_covered_display": "100"}, "missing_lines": [], "excluded_lines": [], "start_line": 29}, "dtype.__hash__": {"executed_lines": [33], "summary": {"covered_lines": 1, "num_statements": 1, "percent_covered": 100.0, "percent_covered_display": "100", "missing_lines": 0, "excluded_lines": 0, "percent_statements_covered": 100.0, "percent_statements_covered_display": "100"}, "missing_lines": [], "excluded_lines": [], "start_line": 32}, "dtype.__reduce__": {"executed_lines": [], "summary": {"covered_lines": 0, "num_statements": 1, "percent_covered": 0.0, "percent_covered_display": "0", "missing_lines": 1, "excluded_lines": 0, "percent_statements_covered": 0.0, "percent_statements_covered_display": "0"}, "missing_lines": [37], "excluded_lines": [], "start_line": 35}, "_assert_valid_dtype": {"executed_lines": [95, 96], "summary": {"covered_lines": 2, "num_statements": 2, "percent_covered": 100.0, "percent_covered_display": "100", "missing_lines": 0, "excluded_lines": 0, "percent_statements_covered": 100.0, "percent_statements_covered_display": "100"}, "missing_lines": [], "excluded_lines": [], "start_line": 94}, "_validate_dtype": {"executed_lines": [104, 105], "summary": {"covered_lines": 2, "num_statements": 2, "percent_covered": 100.0, "percent_covered_display": "100", "missing_lines": 0, "excluded_lines": 0, "percent_statements_covered": 100.0, "percent_statements_covered_display": "100"}, "missing_lines": [], "excluded_lines": [], "start_line": 103}, "_init_dtype_wrappers": {"executed_lines": [125, 126, 127, 128], "summary": {"covered_lines": 4, "num_statements": 4, "percent_covered": 100.0, "percent_covered_display": "100", "missing_lines": 0, "excluded_lines": 0, "percent_statements_covered": 100.0, "percent_statements_covered_display": "100"}, "missing_lines": [], "excluded_lines": [], "start_line": 124}, "": {"executed_lines": [1, 4, 12, 16, 17, 21, 24, 28, 29, 32, 35, 41, 42, 43, 44, 45, 46, 49, 50, 51, 52, 55, 56, 59, 60, 63, 64, 65, 66, 69, 72, 75, 84, 94, 103, 110, 121, 124], "summary": {"covered_lines": 38, "num_statements": 38, "percent_covered": 100.0, "percent_covered_display": "100", "missing_lines": 0, "excluded_lines": 0, "percent_statements_covered": 100.0, "percent_statements_covered_display": "100"}, "missing_lines": [], "excluded_lines": [], "start_line": 1}}, "classes": {"dtype": {"executed_lines": [13, 14, 25, 30, 33], "summary": {"covered_lines": 5, "num_statements": 8, "percent_covered": 62.5, "percent_covered_display": "62", "missing_lines": 3, "excluded_lines": 0, "percent_statements_covered": 62.5, "percent_statements_covered_display": "62"}, "missing_lines": [19, 22, 37], "excluded_lines": [], "start_line": 4}, "": {"executed_lines": [1, 4, 12, 16, 17, 21, 24, 28, 29, 32, 35, 41, 42, 43, 44, 45, 46, 49, 50, 51, 52, 55, 56, 59, 60, 63, 64, 65, 66, 69, 72, 75, 84, 94, 95, 96, 103, 104, 105, 110, 121, 124, 125, 126, 127, 128], "summary": {"covered_lines": 46, "num_statements": 46, "percent_covered": 100.0, "percent_covered_display": "100", "missing_lines": 0, "excluded_lines": 0, "percent_statements_covered": 100.0, "percent_statements_covered_display": "100"}, "missing_lines": [], "excluded_lines": [], "start_line": 1}}}}, "totals": {"covered_lines": 1801, "num_statements": 2077, "percent_covered": 86.71160327395282, "percent_covered_display": "87", "missing_lines": 276, "excluded_lines": 4, "percent_statements_covered": 86.71160327395282, "percent_statements_covered_display": "87"}}