{"meta": {"format": 3, "version": "7.14.1", "timestamp": "2026-06-14T12:33:05.717157", "branch_coverage": false, "show_contexts": false}, "files": {"/opt/hostedtoolcache/Python/3.13.13/x64/lib/python3.13/site-packages/stablebear/__init__.py": {"executed_lines": [16, 18, 19, 20, 21, 22, 23, 24, 25, 26, 27, 28, 29, 30, 38, 39, 62, 63, 68], "summary": {"covered_lines": 19, "num_statements": 19, "percent_covered": 100.0, "percent_covered_display": "100", "missing_lines": 0, "excluded_lines": 0, "percent_statements_covered": 100.0, "percent_statements_covered_display": "100"}, "missing_lines": [], "excluded_lines": [], "functions": {"": {"executed_lines": [16, 18, 19, 20, 21, 22, 23, 24, 25, 26, 27, 28, 29, 30, 38, 39, 62, 63, 68], "summary": {"covered_lines": 19, "num_statements": 19, "percent_covered": 100.0, "percent_covered_display": "100", "missing_lines": 0, "excluded_lines": 0, "percent_statements_covered": 100.0, "percent_statements_covered_display": "100"}, "missing_lines": [], "excluded_lines": [], "start_line": 1}}, "classes": {"": {"executed_lines": [16, 18, 19, 20, 21, 22, 23, 24, 25, 26, 27, 28, 29, 30, 38, 39, 62, 63, 68], "summary": {"covered_lines": 19, "num_statements": 19, "percent_covered": 100.0, "percent_covered_display": "100", "missing_lines": 0, "excluded_lines": 0, "percent_statements_covered": 100.0, "percent_statements_covered_display": "100"}, "missing_lines": [], "excluded_lines": [], "start_line": 1}}}, "/opt/hostedtoolcache/Python/3.13.13/x64/lib/python3.13/site-packages/stablebear/_build_info.py": {"executed_lines": [2], "summary": {"covered_lines": 1, "num_statements": 1, "percent_covered": 100.0, "percent_covered_display": "100", "missing_lines": 0, "excluded_lines": 0, "percent_statements_covered": 100.0, "percent_statements_covered_display": "100"}, "missing_lines": [], "excluded_lines": [], "functions": {"": {"executed_lines": [2], "summary": {"covered_lines": 1, "num_statements": 1, "percent_covered": 100.0, "percent_covered_display": "100", "missing_lines": 0, "excluded_lines": 0, "percent_statements_covered": 100.0, "percent_statements_covered_display": "100"}, "missing_lines": [], "excluded_lines": [], "start_line": 1}}, "classes": {"": {"executed_lines": [2], "summary": {"covered_lines": 1, "num_statements": 1, "percent_covered": 100.0, "percent_covered_display": "100", "missing_lines": 0, "excluded_lines": 0, "percent_statements_covered": 100.0, "percent_statements_covered_display": "100"}, "missing_lines": [], "excluded_lines": [], "start_line": 1}}}, "/opt/hostedtoolcache/Python/3.13.13/x64/lib/python3.13/site-packages/stablebear/_cudart_preload.py": {"executed_lines": [], "summary": {"covered_lines": 0, "num_statements": 30, "percent_covered": 0.0, "percent_covered_display": "0", "missing_lines": 30, "excluded_lines": 0, "percent_statements_covered": 0.0, "percent_statements_covered_display": "0"}, "missing_lines": [17, 18, 19, 20, 21, 22, 25, 34, 35, 36, 37, 38, 41, 44, 46, 47, 48, 49, 51, 52, 53, 54, 55, 56, 57, 58, 59, 60, 61, 62], "excluded_lines": [], "functions": {"_add_delvewheel_libs_dir": {"executed_lines": [], "summary": {"covered_lines": 0, "num_statements": 5, "percent_covered": 0.0, "percent_covered_display": "0", "missing_lines": 5, "excluded_lines": 0, "percent_statements_covered": 0.0, "percent_statements_covered_display": "0"}, "missing_lines": [34, 35, 36, 37, 38], "excluded_lines": [], "start_line": 25}, "_preload_cudart": {"executed_lines": [], "summary": {"covered_lines": 0, "num_statements": 17, "percent_covered": 0.0, "percent_covered_display": "0", "missing_lines": 17, "excluded_lines": 0, "percent_statements_covered": 0.0, "percent_statements_covered_display": "0"}, "missing_lines": [44, 46, 47, 48, 49, 51, 52, 53, 54, 55, 56, 57, 58, 59, 60, 61, 62], "excluded_lines": [], "start_line": 41}, "": {"executed_lines": [], "summary": {"covered_lines": 0, "num_statements": 8, "percent_covered": 0.0, "percent_covered_display": "0", "missing_lines": 8, "excluded_lines": 0, "percent_statements_covered": 0.0, "percent_statements_covered_display": "0"}, "missing_lines": [17, 18, 19, 20, 21, 22, 25, 41], "excluded_lines": [], "start_line": 1}}, "classes": {"": {"executed_lines": [], "summary": {"covered_lines": 0, "num_statements": 30, "percent_covered": 0.0, "percent_covered_display": "0", "missing_lines": 30, "excluded_lines": 0, "percent_statements_covered": 0.0, "percent_statements_covered_display": "0"}, "missing_lines": [17, 18, 19, 20, 21, 22, 25, 34, 35, 36, 37, 38, 41, 44, 46, 47, 48, 49, 51, 52, 53, 54, 55, 56, 57, 58, 59, 60, 61, 62], "excluded_lines": [], "start_line": 1}}}, "/opt/hostedtoolcache/Python/3.13.13/x64/lib/python3.13/site-packages/stablebear/_sb_cpp.py": {"executed_lines": [18, 19, 20, 21, 22, 23, 24, 25, 26, 27, 29, 31, 32, 39, 45, 51, 52, 53, 54, 55, 56, 100, 110, 113, 114, 118, 119, 122, 123, 127, 128, 129, 143, 167, 185, 187, 189, 206, 207, 210, 211, 212, 215, 216], "summary": {"covered_lines": 44, "num_statements": 125, "percent_covered": 35.2, "percent_covered_display": "35", "missing_lines": 81, "excluded_lines": 0, "percent_statements_covered": 35.2, "percent_statements_covered_display": "35"}, "missing_lines": [33, 35, 57, 58, 59, 61, 62, 64, 65, 66, 67, 70, 71, 72, 73, 75, 76, 77, 79, 80, 81, 82, 83, 84, 85, 86, 87, 88, 90, 91, 92, 93, 94, 95, 97, 111, 116, 120, 125, 131, 146, 148, 149, 150, 151, 153, 154, 155, 156, 157, 158, 159, 160, 161, 162, 163, 164, 168, 169, 170, 171, 172, 173, 174, 175, 176, 177, 178, 179, 180, 181, 182, 190, 191, 192, 193, 194, 195, 196, 197, 199], "excluded_lines": [], "functions": {"_detect_x86_cpu_flags": {"executed_lines": [51, 52, 53, 54, 55, 56], "summary": {"covered_lines": 6, "num_statements": 39, "percent_covered": 15.384615384615385, "percent_covered_display": "15", "missing_lines": 33, "excluded_lines": 0, "percent_statements_covered": 15.384615384615385, "percent_statements_covered_display": "15"}, "missing_lines": [57, 58, 59, 61, 62, 64, 65, 66, 67, 70, 71, 72, 73, 75, 76, 77, 79, 80, 81, 82, 83, 84, 85, 86, 87, 88, 90, 91, 92, 93, 94, 95, 97], "excluded_lines": [], "start_line": 45}, "_check_x86_64_baseline": {"executed_lines": [110, 113, 114, 118, 119, 122, 123, 127, 128, 129], "summary": {"covered_lines": 10, "num_statements": 15, "percent_covered": 66.66666666666667, "percent_covered_display": "67", "missing_lines": 5, "excluded_lines": 0, "percent_statements_covered": 66.66666666666667, "percent_statements_covered_display": "67"}, "missing_lines": [111, 116, 120, 125, 131], "excluded_lines": [], "start_line": 100}, "_preload_cudart": {"executed_lines": [], "summary": {"covered_lines": 0, "num_statements": 17, "percent_covered": 0.0, "percent_covered_display": "0", "missing_lines": 17, "excluded_lines": 0, "percent_statements_covered": 0.0, "percent_statements_covered_display": "0"}, "missing_lines": [146, 148, 149, 150, 151, 153, 154, 155, 156, 157, 158, 159, 160, 161, 162, 163, 164], "excluded_lines": [], "start_line": 143}, "_find_cuda_backend_name": {"executed_lines": [], "summary": {"covered_lines": 0, "num_statements": 15, "percent_covered": 0.0, "percent_covered_display": "0", "missing_lines": 15, "excluded_lines": 0, "percent_statements_covered": 0.0, "percent_statements_covered_display": "0"}, "missing_lines": [168, 169, 170, 171, 172, 173, 174, 175, 176, 177, 178, 179, 180, 181, 182], "excluded_lines": [], "start_line": 167}, "": {"executed_lines": [18, 19, 20, 21, 22, 23, 24, 25, 26, 27, 29, 31, 32, 39, 45, 100, 143, 167, 185, 187, 189, 206, 207, 210, 211, 212, 215, 216], "summary": {"covered_lines": 28, "num_statements": 39, "percent_covered": 71.7948717948718, "percent_covered_display": "72", "missing_lines": 11, "excluded_lines": 0, "percent_statements_covered": 71.7948717948718, "percent_statements_covered_display": "72"}, "missing_lines": [33, 35, 190, 191, 192, 193, 194, 195, 196, 197, 199], "excluded_lines": [], "start_line": 1}}, "classes": {"": {"executed_lines": [18, 19, 20, 21, 22, 23, 24, 25, 26, 27, 29, 31, 32, 39, 45, 51, 52, 53, 54, 55, 56, 100, 110, 113, 114, 118, 119, 122, 123, 127, 128, 129, 143, 167, 185, 187, 189, 206, 207, 210, 211, 212, 215, 216], "summary": {"covered_lines": 44, "num_statements": 125, "percent_covered": 35.2, "percent_covered_display": "35", "missing_lines": 81, "excluded_lines": 0, "percent_statements_covered": 35.2, "percent_statements_covered_display": "35"}, "missing_lines": [33, 35, 57, 58, 59, 61, 62, 64, 65, 66, 67, 70, 71, 72, 73, 75, 76, 77, 79, 80, 81, 82, 83, 84, 85, 86, 87, 88, 90, 91, 92, 93, 94, 95, 97, 111, 116, 120, 125, 131, 146, 148, 149, 150, 151, 153, 154, 155, 156, 157, 158, 159, 160, 161, 162, 163, 164, 168, 169, 170, 171, 172, 173, 174, 175, 176, 177, 178, 179, 180, 181, 182, 190, 191, 192, 193, 194, 195, 196, 197, 199], "excluded_lines": [], "start_line": 1}}}, "/opt/hostedtoolcache/Python/3.13.13/x64/lib/python3.13/site-packages/stablebear/_tensor_base.py": {"executed_lines": [15, 17, 18, 19, 21, 23, 25, 28, 29, 30, 31, 33, 50, 56, 58, 59, 60, 61, 62, 67, 68, 70, 72, 74, 75, 76, 78, 79, 81, 82, 85, 92, 93, 94, 95, 96, 97, 98, 100, 101, 102, 103, 104, 105, 108, 110, 113, 115, 116, 119, 125, 127, 128, 129, 130, 133, 135, 138, 140, 141, 142, 143, 144, 145, 147, 150, 151, 153, 155, 162, 163, 170, 171, 172, 173, 174, 175, 176, 177, 178, 181, 193, 194, 196, 198, 201, 202, 203, 204, 205, 206, 207, 208, 209, 210, 211, 212, 213, 214, 215, 216, 217, 218, 220, 221, 222, 224, 229, 230, 232, 233, 234, 235, 236, 237, 238, 240, 242, 243, 248, 249, 250, 251, 253, 256, 257, 260, 261, 262, 263, 264, 265, 266, 267, 268, 269, 270, 271, 272, 274, 275, 276, 278, 280, 281, 282, 283, 285, 287, 328, 329, 330, 331, 332, 333, 334, 336, 337, 339, 340, 341, 343, 345, 347, 352, 355, 357, 358, 362, 364, 365, 366, 367, 368, 369, 371, 372, 374, 376, 378, 379, 381, 382, 383, 384, 386, 387, 389, 391, 392, 394, 395, 397, 398, 400, 401, 402, 403, 404, 406, 410, 412, 413, 415, 416, 417, 418, 419, 420, 423, 424, 427, 428, 429, 430, 432, 433, 436, 437, 438, 439, 443, 449, 450, 452, 453, 455, 485, 487, 489, 490, 492, 494, 497, 498, 499, 501, 502, 504, 507, 508, 509, 511, 513, 515, 516, 517, 518, 519, 520, 522, 523, 525, 526, 527, 528, 529, 531, 533, 534, 536, 538, 539, 540, 542, 544, 546, 547, 549, 551, 552, 553, 555, 556, 557, 558, 560, 562, 563, 564, 569, 570, 571, 572, 574, 575, 577, 578, 580, 581, 583, 584, 586, 587, 589, 590, 592, 593, 594, 596, 597, 598, 600, 601, 602, 604, 605, 606, 608, 621, 623, 624, 625, 626, 627, 628, 630, 631, 633, 634, 636, 637, 644, 645, 656, 657, 664, 687, 689, 690, 692, 693, 695, 696, 698, 699, 700, 702, 703, 704, 705, 706, 707, 708, 709, 711, 713, 714, 715, 716, 718, 719, 728, 734, 735, 736, 737, 738, 739, 740, 741, 744, 745, 746, 748, 750, 751, 752, 754, 755, 756, 758, 759, 760, 761, 762, 763, 764, 766, 767, 768, 769, 771, 772, 773, 775, 776, 779, 780, 787, 796, 813, 815, 816, 817, 818, 819, 820, 824, 837, 838, 840, 841, 843, 844, 846, 847, 848, 850, 851, 853, 854, 856, 857, 858, 860, 861, 863, 864, 866, 867, 868, 870, 871, 873, 874, 876, 877, 879, 880, 881, 883, 900, 902, 914, 915], "summary": {"covered_lines": 436, "num_statements": 456, "percent_covered": 95.6140350877193, "percent_covered_display": "96", "missing_lines": 20, "excluded_lines": 0, "percent_statements_covered": 95.6140350877193, "percent_statements_covered_display": "96"}, "missing_lines": [63, 64, 99, 126, 146, 156, 434, 488, 566, 576, 582, 588, 642, 654, 662, 742, 777, 781, 782, 821], "excluded_lines": [], "functions": {"_unpickle_tensor": {"executed_lines": [29, 30, 31], "summary": {"covered_lines": 3, "num_statements": 3, "percent_covered": 100.0, "percent_covered_display": "100", "missing_lines": 0, "excluded_lines": 0, "percent_statements_covered": 100.0, "percent_statements_covered_display": "100"}, "missing_lines": [], "excluded_lines": [], "start_line": 28}, "_infer_shape_and_flatten": {"executed_lines": [56, 58, 70, 72, 74, 81, 82], "summary": {"covered_lines": 7, "num_statements": 7, "percent_covered": 100.0, "percent_covered_display": "100", "missing_lines": 0, "excluded_lines": 0, "percent_statements_covered": 100.0, "percent_statements_covered_display": "100"}, "missing_lines": [], "excluded_lines": [], "start_line": 50}, "_infer_shape_and_flatten._probe": {"executed_lines": [59, 60, 61, 62, 67, 68], "summary": {"covered_lines": 6, "num_statements": 8, "percent_covered": 75.0, "percent_covered_display": "75", "missing_lines": 2, "excluded_lines": 0, "percent_statements_covered": 75.0, "percent_statements_covered_display": "75"}, "missing_lines": [63, 64], "excluded_lines": [], "start_line": 58}, "_infer_shape_and_flatten._collect": {"executed_lines": [75, 76, 78, 79], "summary": {"covered_lines": 4, "num_statements": 4, "percent_covered": 100.0, "percent_covered_display": "100", "missing_lines": 0, "excluded_lines": 0, "percent_statements_covered": 100.0, "percent_statements_covered_display": "100"}, "missing_lines": [], "excluded_lines": [], "start_line": 74}, "_tensor_from_nested": {"executed_lines": [92, 93, 94, 95, 96, 97, 98, 100, 101, 102, 103, 104, 105], "summary": {"covered_lines": 13, "num_statements": 14, "percent_covered": 92.85714285714286, "percent_covered_display": "93", "missing_lines": 1, "excluded_lines": 0, "percent_statements_covered": 92.85714285714286, "percent_statements_covered_display": "93"}, "missing_lines": [99], "excluded_lines": [], "start_line": 85}, "_slice_to_cpp": {"executed_lines": [110], "summary": {"covered_lines": 1, "num_statements": 1, "percent_covered": 100.0, "percent_covered_display": "100", "missing_lines": 0, "excluded_lines": 0, "percent_statements_covered": 100.0, "percent_statements_covered_display": "100"}, "missing_lines": [], "excluded_lines": [], "start_line": 108}, "_is_bool_scalar": {"executed_lines": [115, 116], "summary": {"covered_lines": 2, "num_statements": 2, "percent_covered": 100.0, "percent_covered_display": "100", "missing_lines": 0, "excluded_lines": 0, "percent_statements_covered": 100.0, "percent_statements_covered_display": "100"}, "missing_lines": [], "excluded_lines": [], "start_line": 113}, "_as_int_index": {"executed_lines": [125, 127, 128, 129, 130], "summary": {"covered_lines": 5, "num_statements": 6, "percent_covered": 83.33333333333333, "percent_covered_display": "83", "missing_lines": 1, "excluded_lines": 0, "percent_statements_covered": 83.33333333333333, "percent_statements_covered_display": "83"}, "missing_lines": [126], "excluded_lines": [], "start_line": 119}, "_is_full_slice": {"executed_lines": [135], "summary": {"covered_lines": 1, "num_statements": 1, "percent_covered": 100.0, "percent_covered_display": "100", "missing_lines": 0, "excluded_lines": 0, "percent_statements_covered": 100.0, "percent_statements_covered_display": "100"}, "missing_lines": [], "excluded_lines": [], "start_line": 133}, "_resolve_negative_indices": {"executed_lines": [140, 141, 142, 143, 144, 145, 147], "summary": {"covered_lines": 7, "num_statements": 8, "percent_covered": 87.5, "percent_covered_display": "88", "missing_lines": 1, "excluded_lines": 0, "percent_statements_covered": 87.5, "percent_statements_covered_display": "88"}, "missing_lines": [146], "excluded_lines": [], "start_line": 138}, "Tensor.__array__": {"executed_lines": [], "summary": {"covered_lines": 0, "num_statements": 1, "percent_covered": 0.0, "percent_covered_display": "0", "missing_lines": 1, "excluded_lines": 0, "percent_statements_covered": 0.0, "percent_statements_covered_display": "0"}, "missing_lines": [156], "excluded_lines": [], "start_line": 155}, "Tensor._coerce_ndarray_index": {"executed_lines": [170, 171, 172, 173, 174, 175, 176, 177, 178], "summary": {"covered_lines": 9, "num_statements": 9, "percent_covered": 100.0, "percent_covered_display": "100", "missing_lines": 0, "excluded_lines": 0, "percent_statements_covered": 100.0, "percent_statements_covered_display": "100"}, "missing_lines": [], "excluded_lines": [], "start_line": 163}, "Tensor._normalize_index": {"executed_lines": [193, 194, 196, 198, 201, 202, 203, 204, 205, 206, 207, 208, 209, 210, 211, 212, 213, 214, 215, 216, 217, 218, 220, 221, 222, 224, 229, 230, 232, 240, 242, 243, 248, 249, 250, 251, 253, 256, 257, 260, 261, 262, 263, 264, 265, 266, 267, 268, 269, 270, 271, 272, 274, 275, 276], "summary": {"covered_lines": 55, "num_statements": 55, "percent_covered": 100.0, "percent_covered_display": "100", "missing_lines": 0, "excluded_lines": 0, "percent_statements_covered": 100.0, "percent_statements_covered_display": "100"}, "missing_lines": [], "excluded_lines": [], "start_line": 181}, "Tensor._normalize_index._consumes": {"executed_lines": [233, 234, 235, 236, 237, 238], "summary": {"covered_lines": 6, "num_statements": 6, "percent_covered": 100.0, "percent_covered_display": "100", "missing_lines": 0, "excluded_lines": 0, "percent_statements_covered": 100.0, "percent_statements_covered_display": "100"}, "missing_lines": [], "excluded_lines": [], "start_line": 232}, "Tensor._resolve_axis_int": {"executed_lines": [280, 281, 282, 283, 285], "summary": {"covered_lines": 5, "num_statements": 5, "percent_covered": 100.0, "percent_covered_display": "100", "missing_lines": 0, "excluded_lines": 0, "percent_statements_covered": 100.0, "percent_statements_covered_display": "100"}, "missing_lines": [], "excluded_lines": [], "start_line": 278}, "Tensor.__getitem__": {"executed_lines": [328, 329, 330, 331, 332, 333, 334], "summary": {"covered_lines": 7, "num_statements": 7, "percent_covered": 100.0, "percent_covered_display": "100", "missing_lines": 0, "excluded_lines": 0, "percent_statements_covered": 100.0, "percent_statements_covered_display": "100"}, "missing_lines": [], "excluded_lines": [], "start_line": 287}, "Tensor._zero_len_axis": {"executed_lines": [339, 340, 341], "summary": {"covered_lines": 3, "num_statements": 3, "percent_covered": 100.0, "percent_covered_display": "100", "missing_lines": 0, "excluded_lines": 0, "percent_statements_covered": 100.0, "percent_statements_covered_display": "100"}, "missing_lines": [], "excluded_lines": [], "start_line": 337}, "Tensor._getitem_entries": {"executed_lines": [345, 347, 352, 355, 357, 358, 362, 364, 365, 366, 367, 368, 369, 371, 372], "summary": {"covered_lines": 15, "num_statements": 15, "percent_covered": 100.0, "percent_covered_display": "100", "missing_lines": 0, "excluded_lines": 0, "percent_statements_covered": 100.0, "percent_statements_covered_display": "100"}, "missing_lines": [], "excluded_lines": [], "start_line": 343}, "Tensor._basic_getitem": {"executed_lines": [376, 378, 379, 381, 382, 383, 384, 386, 387], "summary": {"covered_lines": 9, "num_statements": 9, "percent_covered": 100.0, "percent_covered_display": "100", "missing_lines": 0, "excluded_lines": 0, "percent_statements_covered": 100.0, "percent_statements_covered_display": "100"}, "missing_lines": [], "excluded_lines": [], "start_line": 374}, "Tensor._bool_mask_getitem": {"executed_lines": [391, 392, 394, 395, 397, 398, 400, 401, 402, 403, 404, 406], "summary": {"covered_lines": 12, "num_statements": 12, "percent_covered": 100.0, "percent_covered_display": "100", "missing_lines": 0, "excluded_lines": 0, "percent_statements_covered": 100.0, "percent_statements_covered_display": "100"}, "missing_lines": [], "excluded_lines": [], "start_line": 389}, "Tensor._index_select_nd": {"executed_lines": [412, 413, 415, 416, 417, 418, 419, 420, 423, 424, 427, 428, 429, 430], "summary": {"covered_lines": 14, "num_statements": 14, "percent_covered": 100.0, "percent_covered_display": "100", "missing_lines": 0, "excluded_lines": 0, "percent_statements_covered": 100.0, "percent_statements_covered_display": "100"}, "missing_lines": [], "excluded_lines": [], "start_line": 410}, "Tensor._get_valid_setitem_dtypes": {"executed_lines": [], "summary": {"covered_lines": 0, "num_statements": 1, "percent_covered": 0.0, "percent_covered_display": "0", "missing_lines": 1, "excluded_lines": 0, "percent_statements_covered": 0.0, "percent_statements_covered_display": "0"}, "missing_lines": [434], "excluded_lines": [], "start_line": 433}, "Tensor._validate_setitem_dtype": {"executed_lines": [437, 438, 439], "summary": {"covered_lines": 3, "num_statements": 3, "percent_covered": 100.0, "percent_covered_display": "100", "missing_lines": 0, "excluded_lines": 0, "percent_statements_covered": 100.0, "percent_statements_covered_display": "100"}, "missing_lines": [], "excluded_lines": [], "start_line": 436}, "Tensor._coerce_rhs": {"executed_lines": [449, 450, 452, 453], "summary": {"covered_lines": 4, "num_statements": 4, "percent_covered": 100.0, "percent_covered_display": "100", "missing_lines": 0, "excluded_lines": 0, "percent_statements_covered": 100.0, "percent_statements_covered_display": "100"}, "missing_lines": [], "excluded_lines": [], "start_line": 443}, "Tensor.__setitem__": {"executed_lines": [485, 487, 489, 490], "summary": {"covered_lines": 4, "num_statements": 5, "percent_covered": 80.0, "percent_covered_display": "80", "missing_lines": 1, "excluded_lines": 0, "percent_statements_covered": 80.0, "percent_statements_covered_display": "80"}, "missing_lines": [488], "excluded_lines": [], "start_line": 455}, "Tensor._setitem_entries": {"executed_lines": [494, 497, 498, 499, 501, 502, 504, 507, 508, 509, 511, 513, 515, 516, 517, 518, 519, 520, 522, 523, 525, 526, 527, 528, 529, 531, 533, 534, 536, 538, 539, 540, 542], "summary": {"covered_lines": 33, "num_statements": 33, "percent_covered": 100.0, "percent_covered_display": "100", "missing_lines": 0, "excluded_lines": 0, "percent_statements_covered": 100.0, "percent_statements_covered_display": "100"}, "missing_lines": [], "excluded_lines": [], "start_line": 492}, "Tensor._basic_setitem": {"executed_lines": [546, 547, 549, 551, 552, 553, 555, 556, 557, 558, 560, 562, 563, 564, 569, 570, 571, 572], "summary": {"covered_lines": 18, "num_statements": 19, "percent_covered": 94.73684210526316, "percent_covered_display": "95", "missing_lines": 1, "excluded_lines": 0, "percent_statements_covered": 94.73684210526316, "percent_statements_covered_display": "95"}, "missing_lines": [566], "excluded_lines": [], "start_line": 544}, "Tensor.__iter__": {"executed_lines": [575, 577, 578], "summary": {"covered_lines": 3, "num_statements": 4, "percent_covered": 75.0, "percent_covered_display": "75", "missing_lines": 1, "excluded_lines": 0, "percent_statements_covered": 75.0, "percent_statements_covered_display": "75"}, "missing_lines": [576], "excluded_lines": [], "start_line": 574}, "Tensor.__eq__": {"executed_lines": [581, 583, 584], "summary": {"covered_lines": 3, "num_statements": 4, "percent_covered": 75.0, "percent_covered_display": "75", "missing_lines": 1, "excluded_lines": 0, "percent_statements_covered": 75.0, "percent_statements_covered_display": "75"}, "missing_lines": [582], "excluded_lines": [], "start_line": 580}, "Tensor.__ne__": {"executed_lines": [587, 589, 590], "summary": {"covered_lines": 3, "num_statements": 4, "percent_covered": 75.0, "percent_covered_display": "75", "missing_lines": 1, "excluded_lines": 0, "percent_statements_covered": 75.0, "percent_statements_covered_display": "75"}, "missing_lines": [588], "excluded_lines": [], "start_line": 586}, "Tensor.__lt__": {"executed_lines": [593, 594], "summary": {"covered_lines": 2, "num_statements": 2, "percent_covered": 100.0, "percent_covered_display": "100", "missing_lines": 0, "excluded_lines": 0, "percent_statements_covered": 100.0, "percent_statements_covered_display": "100"}, "missing_lines": [], "excluded_lines": [], "start_line": 592}, "Tensor.__le__": {"executed_lines": [597, 598], "summary": {"covered_lines": 2, "num_statements": 2, "percent_covered": 100.0, "percent_covered_display": "100", "missing_lines": 0, "excluded_lines": 0, "percent_statements_covered": 100.0, "percent_statements_covered_display": "100"}, "missing_lines": [], "excluded_lines": [], "start_line": 596}, "Tensor.__gt__": {"executed_lines": [601, 602], "summary": {"covered_lines": 2, "num_statements": 2, "percent_covered": 100.0, "percent_covered_display": "100", "missing_lines": 0, "excluded_lines": 0, "percent_statements_covered": 100.0, "percent_statements_covered_display": "100"}, "missing_lines": [], "excluded_lines": [], "start_line": 600}, "Tensor.__ge__": {"executed_lines": [605, 606], "summary": {"covered_lines": 2, "num_statements": 2, "percent_covered": 100.0, "percent_covered_display": "100", "missing_lines": 0, "excluded_lines": 0, "percent_statements_covered": 100.0, "percent_statements_covered_display": "100"}, "missing_lines": [], "excluded_lines": [], "start_line": 604}, "Tensor.array_equal": {"executed_lines": [621], "summary": {"covered_lines": 1, "num_statements": 1, "percent_covered": 100.0, "percent_covered_display": "100", "missing_lines": 0, "excluded_lines": 0, "percent_statements_covered": 100.0, "percent_statements_covered_display": "100"}, "missing_lines": [], "excluded_lines": [], "start_line": 608}, "Tensor.__reduce__": {"executed_lines": [624, 625, 626, 627, 628], "summary": {"covered_lines": 5, "num_statements": 5, "percent_covered": 100.0, "percent_covered_display": "100", "missing_lines": 0, "excluded_lines": 0, "percent_statements_covered": 100.0, "percent_statements_covered_display": "100"}, "missing_lines": [], "excluded_lines": [], "start_line": 623}, "Tensor.__deepcopy__": {"executed_lines": [631], "summary": {"covered_lines": 1, "num_statements": 1, "percent_covered": 100.0, "percent_covered_display": "100", "missing_lines": 0, "excluded_lines": 0, "percent_statements_covered": 100.0, "percent_statements_covered_display": "100"}, "missing_lines": [], "excluded_lines": [], "start_line": 630}, "Tensor.copy": {"executed_lines": [634], "summary": {"covered_lines": 1, "num_statements": 1, "percent_covered": 100.0, "percent_covered_display": "100", "missing_lines": 0, "excluded_lines": 0, "percent_statements_covered": 100.0, "percent_statements_covered_display": "100"}, "missing_lines": [], "excluded_lines": [], "start_line": 633}, "Tensor._to_py_tensor": {"executed_lines": [], "summary": {"covered_lines": 0, "num_statements": 1, "percent_covered": 0.0, "percent_covered_display": "0", "missing_lines": 1, "excluded_lines": 0, "percent_statements_covered": 0.0, "percent_statements_covered_display": "0"}, "missing_lines": [642], "excluded_lines": [], "start_line": 637}, "Tensor._decay_value": {"executed_lines": [], "summary": {"covered_lines": 0, "num_statements": 1, "percent_covered": 0.0, "percent_covered_display": "0", "missing_lines": 1, "excluded_lines": 0, "percent_statements_covered": 0.0, "percent_statements_covered_display": "0"}, "missing_lines": [654], "excluded_lines": [], "start_line": 645}, "Tensor._represent_element": {"executed_lines": [], "summary": {"covered_lines": 0, "num_statements": 1, "percent_covered": 0.0, "percent_covered_display": "0", "missing_lines": 1, "excluded_lines": 0, "percent_statements_covered": 0.0, "percent_statements_covered_display": "0"}, "missing_lines": [662], "excluded_lines": [], "start_line": 657}, "Tensor.broadcast_to": {"executed_lines": [687], "summary": {"covered_lines": 1, "num_statements": 1, "percent_covered": 100.0, "percent_covered_display": "100", "missing_lines": 0, "excluded_lines": 0, "percent_statements_covered": 100.0, "percent_statements_covered_display": "100"}, "missing_lines": [], "excluded_lines": [], "start_line": 664}, "Tensor.flatten": {"executed_lines": [690], "summary": {"covered_lines": 1, "num_statements": 1, "percent_covered": 100.0, "percent_covered_display": "100", "missing_lines": 0, "excluded_lines": 0, "percent_statements_covered": 100.0, "percent_statements_covered_display": "100"}, "missing_lines": [], "excluded_lines": [], "start_line": 689}, "Tensor.reshape": {"executed_lines": [693], "summary": {"covered_lines": 1, "num_statements": 1, "percent_covered": 100.0, "percent_covered_display": "100", "missing_lines": 0, "excluded_lines": 0, "percent_statements_covered": 100.0, "percent_statements_covered_display": "100"}, "missing_lines": [], "excluded_lines": [], "start_line": 692}, "Tensor.transpose": {"executed_lines": [696], "summary": {"covered_lines": 1, "num_statements": 1, "percent_covered": 100.0, "percent_covered_display": "100", "missing_lines": 0, "excluded_lines": 0, "percent_statements_covered": 100.0, "percent_statements_covered_display": "100"}, "missing_lines": [], "excluded_lines": [], "start_line": 695}, "Tensor.T": {"executed_lines": [700], "summary": {"covered_lines": 1, "num_statements": 1, "percent_covered": 100.0, "percent_covered_display": "100", "missing_lines": 0, "excluded_lines": 0, "percent_statements_covered": 100.0, "percent_statements_covered_display": "100"}, "missing_lines": [], "excluded_lines": [], "start_line": 699}, "Tensor.swapaxes": {"executed_lines": [703, 704, 705, 706, 707, 708, 709, 711], "summary": {"covered_lines": 8, "num_statements": 8, "percent_covered": 100.0, "percent_covered_display": "100", "missing_lines": 0, "excluded_lines": 0, "percent_statements_covered": 100.0, "percent_statements_covered_display": "100"}, "missing_lines": [], "excluded_lines": [], "start_line": 702}, "Tensor.squeeze": {"executed_lines": [714, 715, 716], "summary": {"covered_lines": 3, "num_statements": 3, "percent_covered": 100.0, "percent_covered_display": "100", "missing_lines": 0, "excluded_lines": 0, "percent_statements_covered": 100.0, "percent_statements_covered_display": "100"}, "missing_lines": [], "excluded_lines": [], "start_line": 713}, "Tensor.expand_dims": {"executed_lines": [719], "summary": {"covered_lines": 1, "num_statements": 1, "percent_covered": 100.0, "percent_covered_display": "100", "missing_lines": 0, "excluded_lines": 0, "percent_statements_covered": 100.0, "percent_statements_covered_display": "100"}, "missing_lines": [], "excluded_lines": [], "start_line": 718}, "Tensor.astype": {"executed_lines": [734, 735, 736, 737, 738, 739, 740, 741, 744, 745, 746, 748], "summary": {"covered_lines": 12, "num_statements": 13, "percent_covered": 92.3076923076923, "percent_covered_display": "92", "missing_lines": 1, "excluded_lines": 0, "percent_statements_covered": 92.3076923076923, "percent_statements_covered_display": "92"}, "missing_lines": [742], "excluded_lines": [], "start_line": 728}, "Tensor.shape": {"executed_lines": [752], "summary": {"covered_lines": 1, "num_statements": 1, "percent_covered": 100.0, "percent_covered_display": "100", "missing_lines": 0, "excluded_lines": 0, "percent_statements_covered": 100.0, "percent_statements_covered_display": "100"}, "missing_lines": [], "excluded_lines": [], "start_line": 751}, "Tensor.ndim": {"executed_lines": [756], "summary": {"covered_lines": 1, "num_statements": 1, "percent_covered": 100.0, "percent_covered_display": "100", "missing_lines": 0, "excluded_lines": 0, "percent_statements_covered": 100.0, "percent_statements_covered_display": "100"}, "missing_lines": [], "excluded_lines": [], "start_line": 755}, "Tensor.size": {"executed_lines": [760, 761, 762, 763, 764], "summary": {"covered_lines": 5, "num_statements": 5, "percent_covered": 100.0, "percent_covered_display": "100", "missing_lines": 0, "excluded_lines": 0, "percent_statements_covered": 100.0, "percent_statements_covered_display": "100"}, "missing_lines": [], "excluded_lines": [], "start_line": 759}, "Tensor.__len__": {"executed_lines": [767, 768, 769], "summary": {"covered_lines": 3, "num_statements": 3, "percent_covered": 100.0, "percent_covered_display": "100", "missing_lines": 0, "excluded_lines": 0, "percent_statements_covered": 100.0, "percent_statements_covered_display": "100"}, "missing_lines": [], "excluded_lines": [], "start_line": 766}, "Tensor.strides": {"executed_lines": [773], "summary": {"covered_lines": 1, "num_statements": 1, "percent_covered": 100.0, "percent_covered_display": "100", "missing_lines": 0, "excluded_lines": 0, "percent_statements_covered": 100.0, "percent_statements_covered_display": "100"}, "missing_lines": [], "excluded_lines": [], "start_line": 772}, "Tensor.offset": {"executed_lines": [], "summary": {"covered_lines": 0, "num_statements": 1, "percent_covered": 0.0, "percent_covered_display": "0", "missing_lines": 1, "excluded_lines": 0, "percent_statements_covered": 0.0, "percent_statements_covered_display": "0"}, "missing_lines": [777], "excluded_lines": [], "start_line": 776}, "Tensor._validate_constructor_arg": {"executed_lines": [], "summary": {"covered_lines": 0, "num_statements": 2, "percent_covered": 0.0, "percent_covered_display": "0", "missing_lines": 2, "excluded_lines": 0, "percent_statements_covered": 0.0, "percent_statements_covered_display": "0"}, "missing_lines": [781, 782], "excluded_lines": [], "start_line": 780}, "FunctionTensorMixin.__call__": {"executed_lines": [813, 815, 816, 817, 818, 819, 820], "summary": {"covered_lines": 7, "num_statements": 8, "percent_covered": 87.5, "percent_covered_display": "88", "missing_lines": 1, "excluded_lines": 0, "percent_statements_covered": 87.5, "percent_statements_covered_display": "88"}, "missing_lines": [821], "excluded_lines": [], "start_line": 796}, "ArithmeticTensorMixin._decay_operand": {"executed_lines": [838], "summary": {"covered_lines": 1, "num_statements": 1, "percent_covered": 100.0, "percent_covered_display": "100", "missing_lines": 0, "excluded_lines": 0, "percent_statements_covered": 100.0, "percent_statements_covered_display": "100"}, "missing_lines": [], "excluded_lines": [], "start_line": 837}, "ArithmeticTensorMixin.__add__": {"executed_lines": [841], "summary": {"covered_lines": 1, "num_statements": 1, "percent_covered": 100.0, "percent_covered_display": "100", "missing_lines": 0, "excluded_lines": 0, "percent_statements_covered": 100.0, "percent_statements_covered_display": "100"}, "missing_lines": [], "excluded_lines": [], "start_line": 840}, "ArithmeticTensorMixin.__radd__": {"executed_lines": [844], "summary": {"covered_lines": 1, "num_statements": 1, "percent_covered": 100.0, "percent_covered_display": "100", "missing_lines": 0, "excluded_lines": 0, "percent_statements_covered": 100.0, "percent_statements_covered_display": "100"}, "missing_lines": [], "excluded_lines": [], "start_line": 843}, "ArithmeticTensorMixin.__iadd__": {"executed_lines": [847, 848], "summary": {"covered_lines": 2, "num_statements": 2, "percent_covered": 100.0, "percent_covered_display": "100", "missing_lines": 0, "excluded_lines": 0, "percent_statements_covered": 100.0, "percent_statements_covered_display": "100"}, "missing_lines": [], "excluded_lines": [], "start_line": 846}, "ArithmeticTensorMixin.__sub__": {"executed_lines": [851], "summary": {"covered_lines": 1, "num_statements": 1, "percent_covered": 100.0, "percent_covered_display": "100", "missing_lines": 0, "excluded_lines": 0, "percent_statements_covered": 100.0, "percent_statements_covered_display": "100"}, "missing_lines": [], "excluded_lines": [], "start_line": 850}, "ArithmeticTensorMixin.__rsub__": {"executed_lines": [854], "summary": {"covered_lines": 1, "num_statements": 1, "percent_covered": 100.0, "percent_covered_display": "100", "missing_lines": 0, "excluded_lines": 0, "percent_statements_covered": 100.0, "percent_statements_covered_display": "100"}, "missing_lines": [], "excluded_lines": [], "start_line": 853}, "ArithmeticTensorMixin.__isub__": {"executed_lines": [857, 858], "summary": {"covered_lines": 2, "num_statements": 2, "percent_covered": 100.0, "percent_covered_display": "100", "missing_lines": 0, "excluded_lines": 0, "percent_statements_covered": 100.0, "percent_statements_covered_display": "100"}, "missing_lines": [], "excluded_lines": [], "start_line": 856}, "ArithmeticTensorMixin.__mul__": {"executed_lines": [861], "summary": {"covered_lines": 1, "num_statements": 1, "percent_covered": 100.0, "percent_covered_display": "100", "missing_lines": 0, "excluded_lines": 0, "percent_statements_covered": 100.0, "percent_statements_covered_display": "100"}, "missing_lines": [], "excluded_lines": [], "start_line": 860}, "ArithmeticTensorMixin.__rmul__": {"executed_lines": [864], "summary": {"covered_lines": 1, "num_statements": 1, "percent_covered": 100.0, "percent_covered_display": "100", "missing_lines": 0, "excluded_lines": 0, "percent_statements_covered": 100.0, "percent_statements_covered_display": "100"}, "missing_lines": [], "excluded_lines": [], "start_line": 863}, "ArithmeticTensorMixin.__imul__": {"executed_lines": [867, 868], "summary": {"covered_lines": 2, "num_statements": 2, "percent_covered": 100.0, "percent_covered_display": "100", "missing_lines": 0, "excluded_lines": 0, "percent_statements_covered": 100.0, "percent_statements_covered_display": "100"}, "missing_lines": [], "excluded_lines": [], "start_line": 866}, "ArithmeticTensorMixin.__neg__": {"executed_lines": [871], "summary": {"covered_lines": 1, "num_statements": 1, "percent_covered": 100.0, "percent_covered_display": "100", "missing_lines": 0, "excluded_lines": 0, "percent_statements_covered": 100.0, "percent_statements_covered_display": "100"}, "missing_lines": [], "excluded_lines": [], "start_line": 870}, "ArithmeticTensorMixin.__truediv__": {"executed_lines": [874], "summary": {"covered_lines": 1, "num_statements": 1, "percent_covered": 100.0, "percent_covered_display": "100", "missing_lines": 0, "excluded_lines": 0, "percent_statements_covered": 100.0, "percent_statements_covered_display": "100"}, "missing_lines": [], "excluded_lines": [], "start_line": 873}, "ArithmeticTensorMixin.__rtruediv__": {"executed_lines": [877], "summary": {"covered_lines": 1, "num_statements": 1, "percent_covered": 100.0, "percent_covered_display": "100", "missing_lines": 0, "excluded_lines": 0, "percent_statements_covered": 100.0, "percent_statements_covered_display": "100"}, "missing_lines": [], "excluded_lines": [], "start_line": 876}, "ArithmeticTensorMixin.__itruediv__": {"executed_lines": [880, 881], "summary": {"covered_lines": 2, "num_statements": 2, "percent_covered": 100.0, "percent_covered_display": "100", "missing_lines": 0, "excluded_lines": 0, "percent_statements_covered": 100.0, "percent_statements_covered_display": "100"}, "missing_lines": [], "excluded_lines": [], "start_line": 879}, "ArithmeticTensorMixin.__pow__": {"executed_lines": [900], "summary": {"covered_lines": 1, "num_statements": 1, "percent_covered": 100.0, "percent_covered_display": "100", "missing_lines": 0, "excluded_lines": 0, "percent_statements_covered": 100.0, "percent_statements_covered_display": "100"}, "missing_lines": [], "excluded_lines": [], "start_line": 883}, "ArithmeticTensorMixin.__ipow__": {"executed_lines": [914, 915], "summary": {"covered_lines": 2, "num_statements": 2, "percent_covered": 100.0, "percent_covered_display": "100", "missing_lines": 0, "excluded_lines": 0, "percent_statements_covered": 100.0, "percent_statements_covered_display": "100"}, "missing_lines": [], "excluded_lines": [], "start_line": 902}, "": {"executed_lines": [15, 17, 18, 19, 21, 23, 25, 28, 33, 50, 85, 108, 113, 119, 133, 138, 150, 151, 153, 155, 162, 163, 181, 278, 287, 336, 337, 343, 374, 389, 410, 432, 433, 436, 443, 455, 492, 544, 574, 580, 586, 592, 596, 600, 604, 608, 623, 630, 633, 636, 637, 644, 645, 656, 657, 664, 689, 692, 695, 698, 699, 702, 713, 718, 728, 750, 751, 754, 755, 758, 759, 766, 771, 772, 775, 776, 779, 780, 787, 796, 824, 837, 840, 843, 846, 850, 853, 856, 860, 863, 866, 870, 873, 876, 879, 883, 902], "summary": {"covered_lines": 97, "num_statements": 97, "percent_covered": 100.0, "percent_covered_display": "100", "missing_lines": 0, "excluded_lines": 0, "percent_statements_covered": 100.0, "percent_statements_covered_display": "100"}, "missing_lines": [], "excluded_lines": [], "start_line": 1}}, "classes": {"Tensor": {"executed_lines": [170, 171, 172, 173, 174, 175, 176, 177, 178, 193, 194, 196, 198, 201, 202, 203, 204, 205, 206, 207, 208, 209, 210, 211, 212, 213, 214, 215, 216, 217, 218, 220, 221, 222, 224, 229, 230, 232, 233, 234, 235, 236, 237, 238, 240, 242, 243, 248, 249, 250, 251, 253, 256, 257, 260, 261, 262, 263, 264, 265, 266, 267, 268, 269, 270, 271, 272, 274, 275, 276, 280, 281, 282, 283, 285, 328, 329, 330, 331, 332, 333, 334, 339, 340, 341, 345, 347, 352, 355, 357, 358, 362, 364, 365, 366, 367, 368, 369, 371, 372, 376, 378, 379, 381, 382, 383, 384, 386, 387, 391, 392, 394, 395, 397, 398, 400, 401, 402, 403, 404, 406, 412, 413, 415, 416, 417, 418, 419, 420, 423, 424, 427, 428, 429, 430, 437, 438, 439, 449, 450, 452, 453, 485, 487, 489, 490, 494, 497, 498, 499, 501, 502, 504, 507, 508, 509, 511, 513, 515, 516, 517, 518, 519, 520, 522, 523, 525, 526, 527, 528, 529, 531, 533, 534, 536, 538, 539, 540, 542, 546, 547, 549, 551, 552, 553, 555, 556, 557, 558, 560, 562, 563, 564, 569, 570, 571, 572, 575, 577, 578, 581, 583, 584, 587, 589, 590, 593, 594, 597, 598, 601, 602, 605, 606, 621, 624, 625, 626, 627, 628, 631, 634, 687, 690, 693, 696, 700, 703, 704, 705, 706, 707, 708, 709, 711, 714, 715, 716, 719, 734, 735, 736, 737, 738, 739, 740, 741, 744, 745, 746, 748, 752, 756, 760, 761, 762, 763, 764, 767, 768, 769, 773], "summary": {"covered_lines": 262, "num_statements": 276, "percent_covered": 94.92753623188406, "percent_covered_display": "95", "missing_lines": 14, "excluded_lines": 0, "percent_statements_covered": 94.92753623188406, "percent_statements_covered_display": "95"}, "missing_lines": [156, 434, 488, 566, 576, 582, 588, 642, 654, 662, 742, 777, 781, 782], "excluded_lines": [], "start_line": 150}, "FunctionTensorMixin": {"executed_lines": [813, 815, 816, 817, 818, 819, 820], "summary": {"covered_lines": 7, "num_statements": 8, "percent_covered": 87.5, "percent_covered_display": "88", "missing_lines": 1, "excluded_lines": 0, "percent_statements_covered": 87.5, "percent_statements_covered_display": "88"}, "missing_lines": [821], "excluded_lines": [], "start_line": 787}, "ArithmeticTensorMixin": {"executed_lines": [838, 841, 844, 847, 848, 851, 854, 857, 858, 861, 864, 867, 868, 871, 874, 877, 880, 881, 900, 914, 915], "summary": {"covered_lines": 21, "num_statements": 21, "percent_covered": 100.0, "percent_covered_display": "100", "missing_lines": 0, "excluded_lines": 0, "percent_statements_covered": 100.0, "percent_statements_covered_display": "100"}, "missing_lines": [], "excluded_lines": [], "start_line": 824}, "": {"executed_lines": [15, 17, 18, 19, 21, 23, 25, 28, 29, 30, 31, 33, 50, 56, 58, 59, 60, 61, 62, 67, 68, 70, 72, 74, 75, 76, 78, 79, 81, 82, 85, 92, 93, 94, 95, 96, 97, 98, 100, 101, 102, 103, 104, 105, 108, 110, 113, 115, 116, 119, 125, 127, 128, 129, 130, 133, 135, 138, 140, 141, 142, 143, 144, 145, 147, 150, 151, 153, 155, 162, 163, 181, 278, 287, 336, 337, 343, 374, 389, 410, 432, 433, 436, 443, 455, 492, 544, 574, 580, 586, 592, 596, 600, 604, 608, 623, 630, 633, 636, 637, 644, 645, 656, 657, 664, 689, 692, 695, 698, 699, 702, 713, 718, 728, 750, 751, 754, 755, 758, 759, 766, 771, 772, 775, 776, 779, 780, 787, 796, 824, 837, 840, 843, 846, 850, 853, 856, 860, 863, 866, 870, 873, 876, 879, 883, 902], "summary": {"covered_lines": 146, "num_statements": 151, "percent_covered": 96.6887417218543, "percent_covered_display": "97", "missing_lines": 5, "excluded_lines": 0, "percent_statements_covered": 96.6887417218543, "percent_statements_covered_display": "97"}, "missing_lines": [63, 64, 99, 126, 146], "excluded_lines": [], "start_line": 1}}}, "/opt/hostedtoolcache/Python/3.13.13/x64/lib/python3.13/site-packages/stablebear/async_task.py": {"executed_lines": [16, 19, 20, 29, 33, 34, 43, 47, 48, 49, 50, 51, 53, 54, 55], "summary": {"covered_lines": 15, "num_statements": 27, "percent_covered": 55.55555555555556, "percent_covered_display": "56", "missing_lines": 12, "excluded_lines": 0, "percent_statements_covered": 55.55555555555556, "percent_statements_covered_display": "56"}, "missing_lines": [21, 27, 30, 31, 35, 36, 37, 38, 39, 40, 41, 44], "excluded_lines": [], "functions": {"_wait_for_task": {"executed_lines": [20, 29, 33, 34, 43], "summary": {"covered_lines": 5, "num_statements": 15, "percent_covered": 33.333333333333336, "percent_covered_display": "33", "missing_lines": 10, "excluded_lines": 0, "percent_statements_covered": 33.333333333333336, "percent_statements_covered_display": "33"}, "missing_lines": [30, 31, 35, 36, 37, 38, 39, 40, 41, 44], "excluded_lines": [], "start_line": 19}, "_wait_for_task.init_progress": {"executed_lines": [], "summary": {"covered_lines": 0, "num_statements": 2, "percent_covered": 0.0, "percent_covered_display": "0", "missing_lines": 2, "excluded_lines": 0, "percent_statements_covered": 0.0, "percent_statements_covered_display": "0"}, "missing_lines": [21, 27], "excluded_lines": [], "start_line": 20}, "_run_task": {"executed_lines": [48, 49, 50, 51, 53, 54, 55], "summary": {"covered_lines": 7, "num_statements": 7, "percent_covered": 100.0, "percent_covered_display": "100", "missing_lines": 0, "excluded_lines": 0, "percent_statements_covered": 100.0, "percent_statements_covered_display": "100"}, "missing_lines": [], "excluded_lines": [], "start_line": 47}, "": {"executed_lines": [16, 19, 47], "summary": {"covered_lines": 3, "num_statements": 3, "percent_covered": 100.0, "percent_covered_display": "100", "missing_lines": 0, "excluded_lines": 0, "percent_statements_covered": 100.0, "percent_statements_covered_display": "100"}, "missing_lines": [], "excluded_lines": [], "start_line": 1}}, "classes": {"": {"executed_lines": [16, 19, 20, 29, 33, 34, 43, 47, 48, 49, 50, 51, 53, 54, 55], "summary": {"covered_lines": 15, "num_statements": 27, "percent_covered": 55.55555555555556, "percent_covered_display": "56", "missing_lines": 12, "excluded_lines": 0, "percent_statements_covered": 55.55555555555556, "percent_statements_covered_display": "56"}, "missing_lines": [21, 27, 30, 31, 35, 36, 37, 38, 39, 40, 41, 44], "excluded_lines": [], "start_line": 1}}}, "/opt/hostedtoolcache/Python/3.13.13/x64/lib/python3.13/site-packages/stablebear/comparison.py": {"executed_lines": [15, 17, 18, 19, 22, 52, 53, 54, 55, 56, 57, 59], "summary": {"covered_lines": 12, "num_statements": 12, "percent_covered": 100.0, "percent_covered_display": "100", "missing_lines": 0, "excluded_lines": 0, "percent_statements_covered": 100.0, "percent_statements_covered_display": "100"}, "missing_lines": [], "excluded_lines": [], "functions": {"allclose": {"executed_lines": [52, 53, 54, 55, 56, 57, 59], "summary": {"covered_lines": 7, "num_statements": 7, "percent_covered": 100.0, "percent_covered_display": "100", "missing_lines": 0, "excluded_lines": 0, "percent_statements_covered": 100.0, "percent_statements_covered_display": "100"}, "missing_lines": [], "excluded_lines": [], "start_line": 22}, "": {"executed_lines": [15, 17, 18, 19, 22], "summary": {"covered_lines": 5, "num_statements": 5, "percent_covered": 100.0, "percent_covered_display": "100", "missing_lines": 0, "excluded_lines": 0, "percent_statements_covered": 100.0, "percent_statements_covered_display": "100"}, "missing_lines": [], "excluded_lines": [], "start_line": 1}}, "classes": {"": {"executed_lines": [15, 17, 18, 19, 22, 52, 53, 54, 55, 56, 57, 59], "summary": {"covered_lines": 12, "num_statements": 12, "percent_covered": 100.0, "percent_covered_display": "100", "missing_lines": 0, "excluded_lines": 0, "percent_statements_covered": 100.0, "percent_statements_covered_display": "100"}, "missing_lines": [], "excluded_lines": [], "start_line": 1}}}, "/opt/hostedtoolcache/Python/3.13.13/x64/lib/python3.13/site-packages/stablebear/distance.py": {"executed_lines": [15, 16, 17, 18, 19, 20, 23, 25, 31, 60, 61, 63, 64, 66, 67, 69, 70, 71, 75, 76, 78, 81, 110, 111, 113, 115, 116, 118, 119, 121, 123, 125, 128, 156, 157, 159, 161, 162, 164, 166, 168], "summary": {"covered_lines": 41, "num_statements": 41, "percent_covered": 100.0, "percent_covered_display": "100", "missing_lines": 0, "excluded_lines": 0, "percent_statements_covered": 100.0, "percent_statements_covered_display": "100"}, "missing_lines": [], "excluded_lines": [], "functions": {"lp_distance": {"executed_lines": [60, 61, 63, 64, 66, 67, 69, 70, 71, 75, 76, 78], "summary": {"covered_lines": 12, "num_statements": 12, "percent_covered": 100.0, "percent_covered_display": "100", "missing_lines": 0, "excluded_lines": 0, "percent_statements_covered": 100.0, "percent_statements_covered_display": "100"}, "missing_lines": [], "excluded_lines": [], "start_line": 31}, "pdist": {"executed_lines": [110, 111, 113, 115, 116, 118, 119, 121, 123, 125], "summary": {"covered_lines": 10, "num_statements": 10, "percent_covered": 100.0, "percent_covered_display": "100", "missing_lines": 0, "excluded_lines": 0, "percent_statements_covered": 100.0, "percent_statements_covered_display": "100"}, "missing_lines": [], "excluded_lines": [], "start_line": 81}, "cdist": {"executed_lines": [156, 157, 159, 161, 162, 164, 166, 168], "summary": {"covered_lines": 8, "num_statements": 8, "percent_covered": 100.0, "percent_covered_display": "100", "missing_lines": 0, "excluded_lines": 0, "percent_statements_covered": 100.0, "percent_statements_covered_display": "100"}, "missing_lines": [], "excluded_lines": [], "start_line": 128}, "": {"executed_lines": [15, 16, 17, 18, 19, 20, 23, 25, 31, 81, 128], "summary": {"covered_lines": 11, "num_statements": 11, "percent_covered": 100.0, "percent_covered_display": "100", "missing_lines": 0, "excluded_lines": 0, "percent_statements_covered": 100.0, "percent_statements_covered_display": "100"}, "missing_lines": [], "excluded_lines": [], "start_line": 1}}, "classes": {"": {"executed_lines": [15, 16, 17, 18, 19, 20, 23, 25, 31, 60, 61, 63, 64, 66, 67, 69, 70, 71, 75, 76, 78, 81, 110, 111, 113, 115, 116, 118, 119, 121, 123, 125, 128, 156, 157, 159, 161, 162, 164, 166, 168], "summary": {"covered_lines": 41, "num_statements": 41, "percent_covered": 100.0, "percent_covered_display": "100", "missing_lines": 0, "excluded_lines": 0, "percent_statements_covered": 100.0, "percent_statements_covered_display": "100"}, "missing_lines": [], "excluded_lines": [], "start_line": 1}}}, "/opt/hostedtoolcache/Python/3.13.13/x64/lib/python3.13/site-packages/stablebear/distance_matrix.py": {"executed_lines": [15, 17, 19, 21, 22, 23, 28, 33, 35, 40, 46, 63, 68, 69, 70, 71, 72, 73, 74, 75, 76, 77, 81, 82, 86, 87, 88, 90, 91, 92, 94, 95, 96, 97, 98, 99, 100, 101, 102, 104, 106, 127, 128, 130, 148, 149, 151, 153, 155, 156, 157, 158, 159, 160, 162, 163, 165, 166, 167, 168, 170, 172, 176, 177, 178, 179, 181, 183, 184, 186, 187, 189, 190, 192, 193, 195, 196], "summary": {"covered_lines": 77, "num_statements": 82, "percent_covered": 93.90243902439025, "percent_covered_display": "94", "missing_lines": 5, "excluded_lines": 2, "percent_statements_covered": 93.90243902439025, "percent_statements_covered_display": "94"}, "missing_lines": [79, 84, 173, 180, 182], "excluded_lines": [25, 26], "functions": {"DistanceMatrix.__init__": {"executed_lines": [68, 69, 70, 71, 72, 73, 74, 75, 76, 77], "summary": {"covered_lines": 10, "num_statements": 11, "percent_covered": 90.9090909090909, "percent_covered_display": "91", "missing_lines": 1, "excluded_lines": 0, "percent_statements_covered": 90.9090909090909, "percent_statements_covered_display": "91"}, "missing_lines": [79], "excluded_lines": [], "start_line": 63}, "DistanceMatrix.dtype": {"executed_lines": [], "summary": {"covered_lines": 0, "num_statements": 1, "percent_covered": 0.0, "percent_covered_display": "0", "missing_lines": 1, "excluded_lines": 0, "percent_statements_covered": 0.0, "percent_statements_covered_display": "0"}, "missing_lines": [84], "excluded_lines": [], "start_line": 82}, "DistanceMatrix.size": {"executed_lines": [88], "summary": {"covered_lines": 1, "num_statements": 1, "percent_covered": 100.0, "percent_covered_display": "100", "missing_lines": 0, "excluded_lines": 0, "percent_statements_covered": 100.0, "percent_statements_covered_display": "100"}, "missing_lines": [], "excluded_lines": [], "start_line": 87}, "DistanceMatrix.storage_count": {"executed_lines": [92], "summary": {"covered_lines": 1, "num_statements": 1, "percent_covered": 100.0, "percent_covered_display": "100", "missing_lines": 0, "excluded_lines": 0, "percent_statements_covered": 100.0, "percent_statements_covered_display": "100"}, "missing_lines": [], "excluded_lines": [], "start_line": 91}, "DistanceMatrix._resolve_ij": {"executed_lines": [95, 96, 97, 98, 99, 100, 101, 102, 104], "summary": {"covered_lines": 9, "num_statements": 9, "percent_covered": 100.0, "percent_covered_display": "100", "missing_lines": 0, "excluded_lines": 0, "percent_statements_covered": 100.0, "percent_statements_covered_display": "100"}, "missing_lines": [], "excluded_lines": [], "start_line": 94}, "DistanceMatrix.__getitem__": {"executed_lines": [127, 128], "summary": {"covered_lines": 2, "num_statements": 2, "percent_covered": 100.0, "percent_covered_display": "100", "missing_lines": 0, "excluded_lines": 0, "percent_statements_covered": 100.0, "percent_statements_covered_display": "100"}, "missing_lines": [], "excluded_lines": [], "start_line": 106}, "DistanceMatrix.__setitem__": {"executed_lines": [148, 149], "summary": {"covered_lines": 2, "num_statements": 2, "percent_covered": 100.0, "percent_covered_display": "100", "missing_lines": 0, "excluded_lines": 0, "percent_statements_covered": 100.0, "percent_statements_covered_display": "100"}, "missing_lines": [], "excluded_lines": [], "start_line": 130}, "DistanceMatrix.to_dense": {"executed_lines": [153], "summary": {"covered_lines": 1, "num_statements": 1, "percent_covered": 100.0, "percent_covered_display": "100", "missing_lines": 0, "excluded_lines": 0, "percent_statements_covered": 100.0, "percent_statements_covered_display": "100"}, "missing_lines": [], "excluded_lines": [], "start_line": 151}, "DistanceMatrix.__reduce__": {"executed_lines": [156, 157, 158, 159, 160], "summary": {"covered_lines": 5, "num_statements": 5, "percent_covered": 100.0, "percent_covered_display": "100", "missing_lines": 0, "excluded_lines": 0, "percent_statements_covered": 100.0, "percent_statements_covered_display": "100"}, "missing_lines": [], "excluded_lines": [], "start_line": 155}, "DistanceMatrix.from_dense": {"executed_lines": [165, 166, 167, 168, 170], "summary": {"covered_lines": 5, "num_statements": 5, "percent_covered": 100.0, "percent_covered_display": "100", "missing_lines": 0, "excluded_lines": 0, "percent_statements_covered": 100.0, "percent_statements_covered_display": "100"}, "missing_lines": [], "excluded_lines": [], "start_line": 163}, "DistanceMatrix.__repr__": {"executed_lines": [], "summary": {"covered_lines": 0, "num_statements": 1, "percent_covered": 0.0, "percent_covered_display": "0", "missing_lines": 1, "excluded_lines": 0, "percent_statements_covered": 0.0, "percent_statements_covered_display": "0"}, "missing_lines": [173], "excluded_lines": [], "start_line": 172}, "DistanceMatrixTensor.__init__": {"executed_lines": [178, 179, 181, 183, 184], "summary": {"covered_lines": 5, "num_statements": 7, "percent_covered": 71.42857142857143, "percent_covered_display": "71", "missing_lines": 2, "excluded_lines": 0, "percent_statements_covered": 71.42857142857143, "percent_statements_covered_display": "71"}, "missing_lines": [180, 182], "excluded_lines": [], "start_line": 177}, "DistanceMatrixTensor._to_py_tensor": {"executed_lines": [187], "summary": {"covered_lines": 1, "num_statements": 1, "percent_covered": 100.0, "percent_covered_display": "100", "missing_lines": 0, "excluded_lines": 0, "percent_statements_covered": 100.0, "percent_statements_covered_display": "100"}, "missing_lines": [], "excluded_lines": [], "start_line": 186}, "DistanceMatrixTensor._decay_value": {"executed_lines": [190], "summary": {"covered_lines": 1, "num_statements": 1, "percent_covered": 100.0, "percent_covered_display": "100", "missing_lines": 0, "excluded_lines": 0, "percent_statements_covered": 100.0, "percent_statements_covered_display": "100"}, "missing_lines": [], "excluded_lines": [], "start_line": 189}, "DistanceMatrixTensor._represent_element": {"executed_lines": [193], "summary": {"covered_lines": 1, "num_statements": 1, "percent_covered": 100.0, "percent_covered_display": "100", "missing_lines": 0, "excluded_lines": 0, "percent_statements_covered": 100.0, "percent_statements_covered_display": "100"}, "missing_lines": [], "excluded_lines": [], "start_line": 192}, "DistanceMatrixTensor._get_valid_setitem_dtypes": {"executed_lines": [196], "summary": {"covered_lines": 1, "num_statements": 1, "percent_covered": 100.0, "percent_covered_display": "100", "missing_lines": 0, "excluded_lines": 0, "percent_statements_covered": 100.0, "percent_statements_covered_display": "100"}, "missing_lines": [], "excluded_lines": [], "start_line": 195}, "": {"executed_lines": [15, 17, 19, 21, 22, 23, 28, 33, 35, 40, 46, 63, 81, 82, 86, 87, 90, 91, 94, 106, 130, 151, 155, 162, 163, 172, 176, 177, 186, 189, 192, 195], "summary": {"covered_lines": 32, "num_statements": 32, "percent_covered": 100.0, "percent_covered_display": "100", "missing_lines": 0, "excluded_lines": 2, "percent_statements_covered": 100.0, "percent_statements_covered_display": "100"}, "missing_lines": [], "excluded_lines": [25, 26], "start_line": 1}}, "classes": {"DistanceMatrix": {"executed_lines": [68, 69, 70, 71, 72, 73, 74, 75, 76, 77, 88, 92, 95, 96, 97, 98, 99, 100, 101, 102, 104, 127, 128, 148, 149, 153, 156, 157, 158, 159, 160, 165, 166, 167, 168, 170], "summary": {"covered_lines": 36, "num_statements": 39, "percent_covered": 92.3076923076923, "percent_covered_display": "92", "missing_lines": 3, "excluded_lines": 0, "percent_statements_covered": 92.3076923076923, "percent_statements_covered_display": "92"}, "missing_lines": [79, 84, 173], "excluded_lines": [], "start_line": 46}, "DistanceMatrixTensor": {"executed_lines": [178, 179, 181, 183, 184, 187, 190, 193, 196], "summary": {"covered_lines": 9, "num_statements": 11, "percent_covered": 81.81818181818181, "percent_covered_display": "82", "missing_lines": 2, "excluded_lines": 0, "percent_statements_covered": 81.81818181818181, "percent_statements_covered_display": "82"}, "missing_lines": [180, 182], "excluded_lines": [], "start_line": 176}, "": {"executed_lines": [15, 17, 19, 21, 22, 23, 28, 33, 35, 40, 46, 63, 81, 82, 86, 87, 90, 91, 94, 106, 130, 151, 155, 162, 163, 172, 176, 177, 186, 189, 192, 195], "summary": {"covered_lines": 32, "num_statements": 32, "percent_covered": 100.0, "percent_covered_display": "100", "missing_lines": 0, "excluded_lines": 2, "percent_statements_covered": 100.0, "percent_statements_covered_display": "100"}, "missing_lines": [], "excluded_lines": [25, 26], "start_line": 1}}}, "/opt/hostedtoolcache/Python/3.13.13/x64/lib/python3.13/site-packages/stablebear/functional/__init__.py": {"executed_lines": [15], "summary": {"covered_lines": 1, "num_statements": 1, "percent_covered": 100.0, "percent_covered_display": "100", "missing_lines": 0, "excluded_lines": 0, "percent_statements_covered": 100.0, "percent_statements_covered_display": "100"}, "missing_lines": [], "excluded_lines": [], "functions": {"": {"executed_lines": [15], "summary": {"covered_lines": 1, "num_statements": 1, "percent_covered": 100.0, "percent_covered_display": "100", "missing_lines": 0, "excluded_lines": 0, "percent_statements_covered": 100.0, "percent_statements_covered_display": "100"}, "missing_lines": [], "excluded_lines": [], "start_line": 1}}, "classes": {"": {"executed_lines": [15], "summary": {"covered_lines": 1, "num_statements": 1, "percent_covered": 100.0, "percent_covered_display": "100", "missing_lines": 0, "excluded_lines": 0, "percent_statements_covered": 100.0, "percent_statements_covered_display": "100"}, "missing_lines": [], "excluded_lines": [], "start_line": 1}}}, "/opt/hostedtoolcache/Python/3.13.13/x64/lib/python3.13/site-packages/stablebear/functional/pcf.py": {"executed_lines": [15, 17, 19, 20, 23, 55, 62, 69, 76, 77, 78, 79, 80, 82, 83, 84, 85, 86, 88, 89, 90, 93, 94, 95, 97, 98, 99, 101, 102, 103, 104, 105, 106, 107, 108, 109, 110, 111, 114, 118, 119, 121, 122, 124, 125, 127, 129, 131, 134, 136, 140, 141, 143, 144, 145, 146, 147, 148, 150, 151, 153, 154, 156, 157, 159, 160, 162, 163, 165, 166, 168, 169, 171, 172, 174, 175, 177, 205, 207, 219, 220, 222, 254, 256, 257, 259, 260, 261, 262, 263, 264, 266, 268, 269, 270, 272, 273, 275, 277, 284, 285, 286, 288, 289, 290, 291, 292, 294, 295, 296, 297, 298, 299, 300, 302, 303, 306, 314, 315, 318, 321, 323, 324, 326, 327, 329, 331, 332, 334, 336, 337, 339, 341, 342, 344, 346, 354, 359, 376, 378, 380, 381, 385, 386], "summary": {"covered_lines": 144, "num_statements": 154, "percent_covered": 93.50649350649351, "percent_covered_display": "94", "missing_lines": 10, "excluded_lines": 0, "percent_statements_covered": 93.50649350649351, "percent_statements_covered_display": "94"}, "missing_lines": [132, 347, 348, 350, 351, 352, 355, 377, 379, 382], "excluded_lines": [], "functions": {"Pcf.__init__": {"executed_lines": [77, 78, 79, 80, 82, 83, 84, 85, 86, 88, 89, 90, 93, 94, 95, 97, 98, 99, 101, 102, 103, 104, 105, 106, 107, 108, 109, 110, 111, 114], "summary": {"covered_lines": 30, "num_statements": 30, "percent_covered": 100.0, "percent_covered_display": "100", "missing_lines": 0, "excluded_lines": 0, "percent_statements_covered": 100.0, "percent_statements_covered_display": "100"}, "missing_lines": [], "excluded_lines": [], "start_line": 76}, "Pcf._get_time_type": {"executed_lines": [119], "summary": {"covered_lines": 1, "num_statements": 1, "percent_covered": 100.0, "percent_covered_display": "100", "missing_lines": 0, "excluded_lines": 0, "percent_statements_covered": 100.0, "percent_statements_covered_display": "100"}, "missing_lines": [], "excluded_lines": [], "start_line": 118}, "Pcf._get_value_type": {"executed_lines": [122], "summary": {"covered_lines": 1, "num_statements": 1, "percent_covered": 100.0, "percent_covered_display": "100", "missing_lines": 0, "excluded_lines": 0, "percent_statements_covered": 100.0, "percent_statements_covered_display": "100"}, "missing_lines": [], "excluded_lines": [], "start_line": 121}, "Pcf._get_time_value_type": {"executed_lines": [125], "summary": {"covered_lines": 1, "num_statements": 1, "percent_covered": 100.0, "percent_covered_display": "100", "missing_lines": 0, "excluded_lines": 0, "percent_statements_covered": 100.0, "percent_statements_covered_display": "100"}, "missing_lines": [], "excluded_lines": [], "start_line": 124}, "Pcf.to_numpy": {"executed_lines": [129], "summary": {"covered_lines": 1, "num_statements": 1, "percent_covered": 100.0, "percent_covered_display": "100", "missing_lines": 0, "excluded_lines": 0, "percent_statements_covered": 100.0, "percent_statements_covered_display": "100"}, "missing_lines": [], "excluded_lines": [], "start_line": 127}, "Pcf._debug_print": {"executed_lines": [], "summary": {"covered_lines": 0, "num_statements": 1, "percent_covered": 0.0, "percent_covered_display": "0", "missing_lines": 1, "excluded_lines": 0, "percent_statements_covered": 0.0, "percent_statements_covered_display": "0"}, "missing_lines": [132], "excluded_lines": [], "start_line": 131}, "Pcf.astype": {"executed_lines": [136, 140, 141], "summary": {"covered_lines": 3, "num_statements": 3, "percent_covered": 100.0, "percent_covered_display": "100", "missing_lines": 0, "excluded_lines": 0, "percent_statements_covered": 100.0, "percent_statements_covered_display": "100"}, "missing_lines": [], "excluded_lines": [], "start_line": 134}, "Pcf._binop": {"executed_lines": [144, 145, 146, 147, 148], "summary": {"covered_lines": 5, "num_statements": 5, "percent_covered": 100.0, "percent_covered_display": "100", "missing_lines": 0, "excluded_lines": 0, "percent_statements_covered": 100.0, "percent_statements_covered_display": "100"}, "missing_lines": [], "excluded_lines": [], "start_line": 143}, "Pcf.__add__": {"executed_lines": [151], "summary": {"covered_lines": 1, "num_statements": 1, "percent_covered": 100.0, "percent_covered_display": "100", "missing_lines": 0, "excluded_lines": 0, "percent_statements_covered": 100.0, "percent_statements_covered_display": "100"}, "missing_lines": [], "excluded_lines": [], "start_line": 150}, "Pcf.__sub__": {"executed_lines": [154], "summary": {"covered_lines": 1, "num_statements": 1, "percent_covered": 100.0, "percent_covered_display": "100", "missing_lines": 0, "excluded_lines": 0, "percent_statements_covered": 100.0, "percent_statements_covered_display": "100"}, "missing_lines": [], "excluded_lines": [], "start_line": 153}, "Pcf.__mul__": {"executed_lines": [157], "summary": {"covered_lines": 1, "num_statements": 1, "percent_covered": 100.0, "percent_covered_display": "100", "missing_lines": 0, "excluded_lines": 0, "percent_statements_covered": 100.0, "percent_statements_covered_display": "100"}, "missing_lines": [], "excluded_lines": [], "start_line": 156}, "Pcf.__radd__": {"executed_lines": [160], "summary": {"covered_lines": 1, "num_statements": 1, "percent_covered": 100.0, "percent_covered_display": "100", "missing_lines": 0, "excluded_lines": 0, "percent_statements_covered": 100.0, "percent_statements_covered_display": "100"}, "missing_lines": [], "excluded_lines": [], "start_line": 159}, "Pcf.__rsub__": {"executed_lines": [163], "summary": {"covered_lines": 1, "num_statements": 1, "percent_covered": 100.0, "percent_covered_display": "100", "missing_lines": 0, "excluded_lines": 0, "percent_statements_covered": 100.0, "percent_statements_covered_display": "100"}, "missing_lines": [], "excluded_lines": [], "start_line": 162}, "Pcf.__rmul__": {"executed_lines": [166], "summary": {"covered_lines": 1, "num_statements": 1, "percent_covered": 100.0, "percent_covered_display": "100", "missing_lines": 0, "excluded_lines": 0, "percent_statements_covered": 100.0, "percent_statements_covered_display": "100"}, "missing_lines": [], "excluded_lines": [], "start_line": 165}, "Pcf.__truediv__": {"executed_lines": [169], "summary": {"covered_lines": 1, "num_statements": 1, "percent_covered": 100.0, "percent_covered_display": "100", "missing_lines": 0, "excluded_lines": 0, "percent_statements_covered": 100.0, "percent_statements_covered_display": "100"}, "missing_lines": [], "excluded_lines": [], "start_line": 168}, "Pcf.__rtruediv__": {"executed_lines": [172], "summary": {"covered_lines": 1, "num_statements": 1, "percent_covered": 100.0, "percent_covered_display": "100", "missing_lines": 0, "excluded_lines": 0, "percent_statements_covered": 100.0, "percent_statements_covered_display": "100"}, "missing_lines": [], "excluded_lines": [], "start_line": 171}, "Pcf.__neg__": {"executed_lines": [175], "summary": {"covered_lines": 1, "num_statements": 1, "percent_covered": 100.0, "percent_covered_display": "100", "missing_lines": 0, "excluded_lines": 0, "percent_statements_covered": 100.0, "percent_statements_covered_display": "100"}, "missing_lines": [], "excluded_lines": [], "start_line": 174}, "Pcf.__pow__": {"executed_lines": [205], "summary": {"covered_lines": 1, "num_statements": 1, "percent_covered": 100.0, "percent_covered_display": "100", "missing_lines": 0, "excluded_lines": 0, "percent_statements_covered": 100.0, "percent_statements_covered_display": "100"}, "missing_lines": [], "excluded_lines": [], "start_line": 177}, "Pcf.__ipow__": {"executed_lines": [219, 220], "summary": {"covered_lines": 2, "num_statements": 2, "percent_covered": 100.0, "percent_covered_display": "100", "missing_lines": 0, "excluded_lines": 0, "percent_statements_covered": 100.0, "percent_statements_covered_display": "100"}, "missing_lines": [], "excluded_lines": [], "start_line": 207}, "Pcf.__call__": {"executed_lines": [254, 256, 257, 259, 260, 261, 262, 263, 264, 266, 268, 269, 270], "summary": {"covered_lines": 13, "num_statements": 13, "percent_covered": 100.0, "percent_covered_display": "100", "missing_lines": 0, "excluded_lines": 0, "percent_statements_covered": 100.0, "percent_statements_covered_display": "100"}, "missing_lines": [], "excluded_lines": [], "start_line": 222}, "Pcf.size": {"executed_lines": [275], "summary": {"covered_lines": 1, "num_statements": 1, "percent_covered": 100.0, "percent_covered_display": "100", "missing_lines": 0, "excluded_lines": 0, "percent_statements_covered": 100.0, "percent_statements_covered_display": "100"}, "missing_lines": [], "excluded_lines": [], "start_line": 273}, "Pcf.__str__": {"executed_lines": [285, 286], "summary": {"covered_lines": 2, "num_statements": 2, "percent_covered": 100.0, "percent_covered_display": "100", "missing_lines": 0, "excluded_lines": 0, "percent_statements_covered": 100.0, "percent_statements_covered_display": "100"}, "missing_lines": [], "excluded_lines": [], "start_line": 284}, "Pcf.__array__": {"executed_lines": [289, 290, 291, 292], "summary": {"covered_lines": 4, "num_statements": 4, "percent_covered": 100.0, "percent_covered_display": "100", "missing_lines": 0, "excluded_lines": 0, "percent_statements_covered": 100.0, "percent_statements_covered_display": "100"}, "missing_lines": [], "excluded_lines": [], "start_line": 288}, "Pcf.__reduce__": {"executed_lines": [295, 296, 297, 298, 299, 300], "summary": {"covered_lines": 6, "num_statements": 6, "percent_covered": 100.0, "percent_covered_display": "100", "missing_lines": 0, "excluded_lines": 0, "percent_statements_covered": 100.0, "percent_statements_covered_display": "100"}, "missing_lines": [], "excluded_lines": [], "start_line": 294}, "Pcf.__eq__": {"executed_lines": [303], "summary": {"covered_lines": 1, "num_statements": 1, "percent_covered": 100.0, "percent_covered_display": "100", "missing_lines": 0, "excluded_lines": 0, "percent_statements_covered": 100.0, "percent_statements_covered_display": "100"}, "missing_lines": [], "excluded_lines": [], "start_line": 302}, "_has_matching_types": {"executed_lines": [315], "summary": {"covered_lines": 1, "num_statements": 1, "percent_covered": 100.0, "percent_covered_display": "100", "missing_lines": 0, "excluded_lines": 0, "percent_statements_covered": 100.0, "percent_statements_covered_display": "100"}, "missing_lines": [], "excluded_lines": [], "start_line": 314}, "Rectangle.__init__": {"executed_lines": [324], "summary": {"covered_lines": 1, "num_statements": 1, "percent_covered": 100.0, "percent_covered_display": "100", "missing_lines": 0, "excluded_lines": 0, "percent_statements_covered": 100.0, "percent_statements_covered_display": "100"}, "missing_lines": [], "excluded_lines": [], "start_line": 323}, "Rectangle.left": {"executed_lines": [329], "summary": {"covered_lines": 1, "num_statements": 1, "percent_covered": 100.0, "percent_covered_display": "100", "missing_lines": 0, "excluded_lines": 0, "percent_statements_covered": 100.0, "percent_statements_covered_display": "100"}, "missing_lines": [], "excluded_lines": [], "start_line": 327}, "Rectangle.right": {"executed_lines": [334], "summary": {"covered_lines": 1, "num_statements": 1, "percent_covered": 100.0, "percent_covered_display": "100", "missing_lines": 0, "excluded_lines": 0, "percent_statements_covered": 100.0, "percent_statements_covered_display": "100"}, "missing_lines": [], "excluded_lines": [], "start_line": 332}, "Rectangle.f_value": {"executed_lines": [339], "summary": {"covered_lines": 1, "num_statements": 1, "percent_covered": 100.0, "percent_covered_display": "100", "missing_lines": 0, "excluded_lines": 0, "percent_statements_covered": 100.0, "percent_statements_covered_display": "100"}, "missing_lines": [], "excluded_lines": [], "start_line": 337}, "Rectangle.g_value": {"executed_lines": [344], "summary": {"covered_lines": 1, "num_statements": 1, "percent_covered": 100.0, "percent_covered_display": "100", "missing_lines": 0, "excluded_lines": 0, "percent_statements_covered": 100.0, "percent_statements_covered_display": "100"}, "missing_lines": [], "excluded_lines": [], "start_line": 342}, "Rectangle.__eq__": {"executed_lines": [], "summary": {"covered_lines": 0, "num_statements": 5, "percent_covered": 0.0, "percent_covered_display": "0", "missing_lines": 5, "excluded_lines": 0, "percent_statements_covered": 0.0, "percent_statements_covered_display": "0"}, "missing_lines": [347, 348, 350, 351, 352], "excluded_lines": [], "start_line": 346}, "Rectangle.__repr__": {"executed_lines": [], "summary": {"covered_lines": 0, "num_statements": 1, "percent_covered": 0.0, "percent_covered_display": "0", "missing_lines": 1, "excluded_lines": 0, "percent_statements_covered": 0.0, "percent_statements_covered_display": "0"}, "missing_lines": [355], "excluded_lines": [], "start_line": 354}, "iterate_rectangles": {"executed_lines": [376, 378, 380, 381, 385, 386], "summary": {"covered_lines": 6, "num_statements": 9, "percent_covered": 66.66666666666667, "percent_covered_display": "67", "missing_lines": 3, "excluded_lines": 0, "percent_statements_covered": 66.66666666666667, "percent_statements_covered_display": "67"}, "missing_lines": [377, 379, 382], "excluded_lines": [], "start_line": 359}, "": {"executed_lines": [15, 17, 19, 20, 23, 55, 62, 69, 76, 118, 121, 124, 127, 131, 134, 143, 150, 153, 156, 159, 162, 165, 168, 171, 174, 177, 207, 222, 272, 273, 277, 284, 288, 294, 302, 306, 314, 318, 321, 323, 326, 327, 331, 332, 336, 337, 341, 342, 346, 354, 359], "summary": {"covered_lines": 51, "num_statements": 51, "percent_covered": 100.0, "percent_covered_display": "100", "missing_lines": 0, "excluded_lines": 0, "percent_statements_covered": 100.0, "percent_statements_covered_display": "100"}, "missing_lines": [], "excluded_lines": [], "start_line": 1}}, "classes": {"Pcf": {"executed_lines": [77, 78, 79, 80, 82, 83, 84, 85, 86, 88, 89, 90, 93, 94, 95, 97, 98, 99, 101, 102, 103, 104, 105, 106, 107, 108, 109, 110, 111, 114, 119, 122, 125, 129, 136, 140, 141, 144, 145, 146, 147, 148, 151, 154, 157, 160, 163, 166, 169, 172, 175, 205, 219, 220, 254, 256, 257, 259, 260, 261, 262, 263, 264, 266, 268, 269, 270, 275, 285, 286, 289, 290, 291, 292, 295, 296, 297, 298, 299, 300, 303], "summary": {"covered_lines": 81, "num_statements": 82, "percent_covered": 98.78048780487805, "percent_covered_display": "99", "missing_lines": 1, "excluded_lines": 0, "percent_statements_covered": 98.78048780487805, "percent_statements_covered_display": "99"}, "missing_lines": [132], "excluded_lines": [], "start_line": 23}, "Rectangle": {"executed_lines": [324, 329, 334, 339, 344], "summary": {"covered_lines": 5, "num_statements": 11, "percent_covered": 45.45454545454545, "percent_covered_display": "45", "missing_lines": 6, "excluded_lines": 0, "percent_statements_covered": 45.45454545454545, "percent_statements_covered_display": "45"}, "missing_lines": [347, 348, 350, 351, 352, 355], "excluded_lines": [], "start_line": 318}, "": {"executed_lines": [15, 17, 19, 20, 23, 55, 62, 69, 76, 118, 121, 124, 127, 131, 134, 143, 150, 153, 156, 159, 162, 165, 168, 171, 174, 177, 207, 222, 272, 273, 277, 284, 288, 294, 302, 306, 314, 315, 318, 321, 323, 326, 327, 331, 332, 336, 337, 341, 342, 346, 354, 359, 376, 378, 380, 381, 385, 386], "summary": {"covered_lines": 58, "num_statements": 61, "percent_covered": 95.08196721311475, "percent_covered_display": "95", "missing_lines": 3, "excluded_lines": 0, "percent_statements_covered": 95.08196721311475, "percent_statements_covered_display": "95"}, "missing_lines": [377, 379, 382], "excluded_lines": [], "start_line": 1}}}, "/opt/hostedtoolcache/Python/3.13.13/x64/lib/python3.13/site-packages/stablebear/gpu.py": {"executed_lines": [21, 22, 23, 24, 25, 26, 27, 29, 31, 32, 33, 34, 39, 41, 44, 45, 46, 47, 52, 56, 57, 58, 59, 60, 61, 62, 63, 64, 69, 71, 101, 106, 118, 119, 120, 127, 135, 137], "summary": {"covered_lines": 38, "num_statements": 71, "percent_covered": 53.521126760563384, "percent_covered_display": "54", "missing_lines": 33, "excluded_lines": 0, "percent_statements_covered": 53.521126760563384, "percent_statements_covered_display": "54"}, "missing_lines": [35, 36, 37, 48, 49, 50, 53, 65, 66, 67, 73, 75, 85, 86, 87, 88, 89, 90, 92, 93, 94, 95, 96, 97, 99, 102, 104, 121, 122, 123, 124, 125, 145], "excluded_lines": [], "functions": {"": {"executed_lines": [21, 22, 23, 24, 25, 26, 27, 29, 31, 32, 33, 34, 39, 41, 44, 45, 46, 47, 52, 56, 57, 58, 59, 60, 61, 62, 63, 64, 69, 71, 101, 106, 118, 119, 120, 127, 135, 137], "summary": {"covered_lines": 38, "num_statements": 71, "percent_covered": 53.521126760563384, "percent_covered_display": "54", "missing_lines": 33, "excluded_lines": 0, "percent_statements_covered": 53.521126760563384, "percent_statements_covered_display": "54"}, "missing_lines": [35, 36, 37, 48, 49, 50, 53, 65, 66, 67, 73, 75, 85, 86, 87, 88, 89, 90, 92, 93, 94, 95, 96, 97, 99, 102, 104, 121, 122, 123, 124, 125, 145], "excluded_lines": [], "start_line": 1}}, "classes": {"": {"executed_lines": [21, 22, 23, 24, 25, 26, 27, 29, 31, 32, 33, 34, 39, 41, 44, 45, 46, 47, 52, 56, 57, 58, 59, 60, 61, 62, 63, 64, 69, 71, 101, 106, 118, 119, 120, 127, 135, 137], "summary": {"covered_lines": 38, "num_statements": 71, "percent_covered": 53.521126760563384, "percent_covered_display": "54", "missing_lines": 33, "excluded_lines": 0, "percent_statements_covered": 53.521126760563384, "percent_statements_covered_display": "54"}, "missing_lines": [35, 36, 37, 48, 49, 50, 53, 65, 66, 67, 73, 75, 85, 86, 87, 88, 89, 90, 92, 93, 94, 95, 96, 97, 99, 102, 104, 121, 122, 123, 124, 125, 145], "excluded_lines": [], "start_line": 1}}}, "/opt/hostedtoolcache/Python/3.13.13/x64/lib/python3.13/site-packages/stablebear/inner_product.py": {"executed_lines": [15, 17, 18, 19, 20, 21, 24, 27, 54, 56, 57, 58, 59, 61, 64], "summary": {"covered_lines": 15, "num_statements": 16, "percent_covered": 93.75, "percent_covered_display": "94", "missing_lines": 1, "excluded_lines": 0, "percent_statements_covered": 93.75, "percent_statements_covered_display": "94"}, "missing_lines": [62], "excluded_lines": [], "functions": {"l2_kernel": {"executed_lines": [54, 56, 57, 58, 59, 61, 64], "summary": {"covered_lines": 7, "num_statements": 8, "percent_covered": 87.5, "percent_covered_display": "88", "missing_lines": 1, "excluded_lines": 0, "percent_statements_covered": 87.5, "percent_statements_covered_display": "88"}, "missing_lines": [62], "excluded_lines": [], "start_line": 27}, "": {"executed_lines": [15, 17, 18, 19, 20, 21, 24, 27], "summary": {"covered_lines": 8, "num_statements": 8, "percent_covered": 100.0, "percent_covered_display": "100", "missing_lines": 0, "excluded_lines": 0, "percent_statements_covered": 100.0, "percent_statements_covered_display": "100"}, "missing_lines": [], "excluded_lines": [], "start_line": 1}}, "classes": {"": {"executed_lines": [15, 17, 18, 19, 20, 21, 24, 27, 54, 56, 57, 58, 59, 61, 64], "summary": {"covered_lines": 15, "num_statements": 16, "percent_covered": 93.75, "percent_covered_display": "94", "missing_lines": 1, "excluded_lines": 0, "percent_statements_covered": 93.75, "percent_statements_covered_display": "94"}, "missing_lines": [62], "excluded_lines": [], "start_line": 1}}}, "/opt/hostedtoolcache/Python/3.13.13/x64/lib/python3.13/site-packages/stablebear/io.py": {"executed_lines": [15, 17, 18, 19, 20, 21, 22, 31, 54, 55, 77, 78, 80, 83, 84, 86, 108, 109, 110, 112, 115, 118, 120, 121, 122, 123, 137, 140, 142, 143, 144, 145, 159, 160, 161, 162, 164, 167, 168, 169, 170, 171, 173, 176, 189, 190, 191, 192, 193, 195, 198, 213, 214, 215, 217, 220, 221, 222, 225, 227, 231, 232, 233, 234, 235, 236, 237], "summary": {"covered_lines": 67, "num_statements": 71, "percent_covered": 94.36619718309859, "percent_covered_display": "94", "missing_lines": 4, "excluded_lines": 0, "percent_statements_covered": 94.36619718309859, "percent_statements_covered_display": "94"}, "missing_lines": [79, 111, 163, 172], "excluded_lines": [], "functions": {"_save": {"executed_lines": [55, 77, 78, 80], "summary": {"covered_lines": 4, "num_statements": 5, "percent_covered": 80.0, "percent_covered_display": "80", "missing_lines": 1, "excluded_lines": 0, "percent_statements_covered": 80.0, "percent_statements_covered_display": "80"}, "missing_lines": [79], "ex
[...]
"71"}, "missing_lines": [278, 280], "excluded_lines": [], "start_line": 275}, "PointCloudTensor._to_py_tensor": {"executed_lines": [285], "summary": {"covered_lines": 1, "num_statements": 1, "percent_covered": 100.0, "percent_covered_display": "100", "missing_lines": 0, "excluded_lines": 0, "percent_statements_covered": 100.0, "percent_statements_covered_display": "100"}, "missing_lines": [], "excluded_lines": [], "start_line": 284}, "PointCloudTensor._represent_element": {"executed_lines": [288], "summary": {"covered_lines": 1, "num_statements": 1, "percent_covered": 100.0, "percent_covered_display": "100", "missing_lines": 0, "excluded_lines": 0, "percent_statements_covered": 100.0, "percent_statements_covered_display": "100"}, "missing_lines": [], "excluded_lines": [], "start_line": 287}, "PointCloudTensor._decay_value": {"executed_lines": [291, 292, 293], "summary": {"covered_lines": 3, "num_statements": 3, "percent_covered": 100.0, "percent_covered_display": "100", "missing_lines": 0, "excluded_lines": 0, "percent_statements_covered": 100.0, "percent_statements_covered_display": "100"}, "missing_lines": [], "excluded_lines": [], "start_line": 290}, "PointCloudTensor._get_valid_setitem_dtypes": {"executed_lines": [296], "summary": {"covered_lines": 1, "num_statements": 1, "percent_covered": 100.0, "percent_covered_display": "100", "missing_lines": 0, "excluded_lines": 0, "percent_statements_covered": 100.0, "percent_statements_covered_display": "100"}, "missing_lines": [], "excluded_lines": [], "start_line": 295}, "BoolTensor.__init__": {"executed_lines": [303, 304, 307, 309, 310, 311, 313, 314], "summary": {"covered_lines": 8, "num_statements": 11, "percent_covered": 72.72727272727273, "percent_covered_display": "73", "missing_lines": 3, "excluded_lines": 0, "percent_statements_covered": 72.72727272727273, "percent_statements_covered_display": "73"}, "missing_lines": [305, 308, 312], "excluded_lines": [], "start_line": 302}, "BoolTensor._to_py_tensor": {"executed_lines": [317], "summary": {"covered_lines": 1, "num_statements": 1, "percent_covered": 100.0, "percent_covered_display": "100", "missing_lines": 0, "excluded_lines": 0, "percent_statements_covered": 100.0, "percent_statements_covered_display": "100"}, "missing_lines": [], "excluded_lines": [], "start_line": 316}, "BoolTensor._decay_value": {"executed_lines": [320], "summary": {"covered_lines": 1, "num_statements": 1, "percent_covered": 100.0, "percent_covered_display": "100", "missing_lines": 0, "excluded_lines": 0, "percent_statements_covered": 100.0, "percent_statements_covered_display": "100"}, "missing_lines": [], "excluded_lines": [], "start_line": 319}, "BoolTensor._represent_element": {"executed_lines": [], "summary": {"covered_lines": 0, "num_statements": 1, "percent_covered": 0.0, "percent_covered_display": "0", "missing_lines": 1, "excluded_lines": 0, "percent_statements_covered": 0.0, "percent_statements_covered_display": "0"}, "missing_lines": [323], "excluded_lines": [], "start_line": 322}, "BoolTensor._get_valid_setitem_dtypes": {"executed_lines": [326], "summary": {"covered_lines": 1, "num_statements": 1, "percent_covered": 100.0, "percent_covered_display": "100", "missing_lines": 0, "excluded_lines": 0, "percent_statements_covered": 100.0, "percent_statements_covered_display": "100"}, "missing_lines": [], "excluded_lines": [], "start_line": 325}, "BoolTensor.__bool__": {"executed_lines": [329, 330, 331, 332, 333, 334, 335], "summary": {"covered_lines": 7, "num_statements": 7, "percent_covered": 100.0, "percent_covered_display": "100", "missing_lines": 0, "excluded_lines": 0, "percent_statements_covered": 100.0, "percent_statements_covered_display": "100"}, "missing_lines": [], "excluded_lines": [], "start_line": 328}, "BoolTensor.__array__": {"executed_lines": [341, 342, 343, 345], "summary": {"covered_lines": 4, "num_statements": 5, "percent_covered": 80.0, "percent_covered_display": "80", "missing_lines": 1, "excluded_lines": 0, "percent_statements_covered": 80.0, "percent_statements_covered_display": "80"}, "missing_lines": [344], "excluded_lines": [], "start_line": 340}, "_to_tensor_pcf": {"executed_lines": [352, 355, 358, 359, 360, 361, 362, 363, 365], "summary": {"covered_lines": 9, "num_statements": 13, "percent_covered": 69.23076923076923, "percent_covered_display": "69", "missing_lines": 4, "excluded_lines": 0, "percent_statements_covered": 69.23076923076923, "percent_statements_covered_display": "69"}, "missing_lines": [353, 356, 364, 367], "excluded_lines": [], "start_line": 351}, "_get_backend": {"executed_lines": [371, 372, 374, 375, 379, 380, 382, 383, 384, 385, 386, 387, 391, 393], "summary": {"covered_lines": 14, "num_statements": 17, "percent_covered": 82.3529411764706, "percent_covered_display": "82", "missing_lines": 3, "excluded_lines": 0, "percent_statements_covered": 82.3529411764706, "percent_statements_covered_display": "82"}, "missing_lines": [376, 381, 388], "excluded_lines": [], "start_line": 370}, "_resolve_pcf_inputs": {"executed_lines": [407, 408, 409, 411, 412, 413, 414, 416], "summary": {"covered_lines": 8, "num_statements": 8, "percent_covered": 100.0, "percent_covered_display": "100", "missing_lines": 0, "excluded_lines": 0, "percent_statements_covered": 100.0, "percent_statements_covered_display": "100"}, "missing_lines": [], "excluded_lines": [], "start_line": 396}, "": {"executed_lines": [15, 17, 19, 20, 21, 22, 40, 45, 50, 55, 60, 63, 64, 67, 76, 79, 82, 85, 88, 97, 102, 107, 111, 114, 121, 122, 145, 148, 151, 155, 163, 164, 187, 190, 194, 199, 204, 210, 215, 218, 222, 223, 226, 229, 232, 236, 237, 251, 255, 256, 270, 274, 275, 284, 287, 290, 295, 299, 302, 316, 319, 322, 325, 328, 340, 348, 351, 370, 396], "summary": {"covered_lines": 69, "num_statements": 69, "percent_covered": 100.0, "percent_covered_display": "100", "missing_lines": 0, "excluded_lines": 0, "percent_statements_covered": 100.0, "percent_statements_covered_display": "100"}, "missing_lines": [], "excluded_lines": [], "start_line": 1}}, "classes": {"NumericTensor": {"executed_lines": [65, 68, 69, 73, 74, 77, 80, 83, 86, 89, 91, 93, 95, 98, 100, 103, 104, 105, 108, 109, 112, 115, 116, 117, 118], "summary": {"covered_lines": 25, "num_statements": 27, "percent_covered": 92.5925925925926, "percent_covered_display": "93", "missing_lines": 2, "excluded_lines": 0, "percent_statements_covered": 92.5925925925926, "percent_statements_covered_display": "93"}, "missing_lines": [94, 99], "excluded_lines": [], "start_line": 63}, "FloatTensor": {"executed_lines": [123, 124, 125, 127, 128, 129, 130, 131, 132, 134, 135, 136, 138, 139, 142, 143, 146], "summary": {"covered_lines": 17, "num_statements": 20, "percent_covered": 85.0, "percent_covered_display": "85", "missing_lines": 3, "excluded_lines": 0, "percent_statements_covered": 85.0, "percent_statements_covered_display": "85"}, "missing_lines": [140, 149, 152], "excluded_lines": [], "start_line": 121}, "IntTensor": {"executed_lines": [165, 166, 169, 170, 171, 172, 173, 174, 180, 181, 182, 184, 185, 188, 192, 195, 196, 197, 200, 202, 211, 212, 213, 216], "summary": {"covered_lines": 24, "num_statements": 28, "percent_covered": 85.71428571428571, "percent_covered_display": "86", "missing_lines": 4, "excluded_lines": 0, "percent_statements_covered": 85.71428571428571, "percent_statements_covered_display": "86"}, "missing_lines": [167, 201, 205, 219], "excluded_lines": [], "start_line": 163}, "_PcfTensorBase": {"executed_lines": [224, 227, 230, 233], "summary": {"covered_lines": 4, "num_statements": 4, "percent_covered": 100.0, "percent_covered_display": "100", "missing_lines": 0, "excluded_lines": 0, "percent_statements_covered": 100.0, "percent_statements_covered_display": "100"}, "missing_lines": [], "excluded_lines": [], "start_line": 222}, "PcfTensor": {"executed_lines": [238, 239, 241, 242, 246, 248, 249, 252], "summary": {"covered_lines": 8, "num_statements": 10, "percent_covered": 80.0, "percent_covered_display": "80", "missing_lines": 2, "excluded_lines": 0, "percent_statements_covered": 80.0, "percent_statements_covered_display": "80"}, "missing_lines": [240, 247], "excluded_lines": [], "start_line": 236}, "IntPcfTensor": {"executed_lines": [257, 258, 260, 261, 265, 267, 268, 271], "summary": {"covered_lines": 8, "num_statements": 10, "percent_covered": 80.0, "percent_covered_display": "80", "missing_lines": 2, "excluded_lines": 0, "percent_statements_covered": 80.0, "percent_statements_covered_display": "80"}, "missing_lines": [259, 266], "excluded_lines": [], "start_line": 255}, "PointCloudTensor": {"executed_lines": [276, 277, 279, 281, 282, 285, 288, 291, 292, 293, 296], "summary": {"covered_lines": 11, "num_statements": 13, "percent_covered": 84.61538461538461, "percent_covered_display": "85", "missing_lines": 2, "excluded_lines": 0, "percent_statements_covered": 84.61538461538461, "percent_statements_covered_display": "85"}, "missing_lines": [278, 280], "excluded_lines": [], "start_line": 274}, "BoolTensor": {"executed_lines": [303, 304, 307, 309, 310, 311, 313, 314, 317, 320, 326, 329, 330, 331, 332, 333, 334, 335, 341, 342, 343, 345], "summary": {"covered_lines": 22, "num_statements": 27, "percent_covered": 81.48148148148148, "percent_covered_display": "81", "missing_lines": 5, "excluded_lines": 0, "percent_statements_covered": 81.48148148148148, "percent_statements_covered_display": "81"}, "missing_lines": [305, 308, 312, 323, 344], "excluded_lines": [], "start_line": 299}, "": {"executed_lines": [15, 17, 19, 20, 21, 22, 40, 45, 50, 55, 60, 63, 64, 67, 76, 79, 82, 85, 88, 97, 102, 107, 111, 114, 121, 122, 145, 148, 151, 155, 163, 164, 187, 190, 194, 199, 204, 210, 215, 218, 222, 223, 226, 229, 232, 236, 237, 251, 255, 256, 270, 274, 275, 284, 287, 290, 295, 299, 302, 316, 319, 322, 325, 328, 340, 348, 351, 352, 355, 358, 359, 360, 361, 362, 363, 365, 370, 371, 372, 374, 375, 379, 380, 382, 383, 384, 385, 386, 387, 391, 393, 396, 407, 408, 409, 411, 412, 413, 414, 416], "summary": {"covered_lines": 100, "num_statements": 107, "percent_covered": 93.45794392523365, "percent_covered_display": "93", "missing_lines": 7, "excluded_lines": 0, "percent_statements_covered": 93.45794392523365, "percent_statements_covered_display": "93"}, "missing_lines": [353, 356, 364, 367, 376, 381, 388], "excluded_lines": [], "start_line": 1}}}, "/opt/hostedtoolcache/Python/3.13.13/x64/lib/python3.13/site-packages/stablebear/tensor_create.py": {"executed_lines": [15, 16, 17, 25, 49, 52, 77, 79, 80, 82, 107, 108, 109, 110, 111, 112, 113, 114, 115, 116, 117, 118, 119, 120, 121, 122, 123, 124, 125, 126, 127, 128, 129, 130, 131, 132, 133, 134, 135, 136, 137, 138, 139, 140, 141, 142, 143, 144, 145, 146, 147, 148, 153, 155, 157, 158, 159, 162, 164, 166, 167, 168, 171, 193, 194, 195, 197, 198, 201, 226, 227, 228, 231], "summary": {"covered_lines": 73, "num_statements": 77, "percent_covered": 94.8051948051948, "percent_covered_display": "95", "missing_lines": 4, "excluded_lines": 0, "percent_statements_covered": 94.8051948051948, "percent_statements_covered_display": "95"}, "missing_lines": [150, 156, 165, 230], "excluded_lines": [], "functions": {"zeros": {"executed_lines": [77, 79, 80, 82, 107, 108, 109, 110, 111, 112, 113, 114, 115, 116, 117, 118, 119, 120, 121, 122, 123, 124, 125, 126, 127, 128, 129, 130, 131, 132, 133, 134, 135, 136, 137, 138, 139, 140, 141, 142, 143, 144, 145, 146, 147, 148], "summary": {"covered_lines": 46, "num_statements": 47, "percent_covered": 97.87234042553192, "percent_covered_display": "98", "missing_lines": 1, "excluded_lines": 0, "percent_statements_covered": 97.87234042553192, "percent_statements_covered_display": "98"}, "missing_lines": [150], "excluded_lines": [], "start_line": 52}, "concatenate": {"executed_lines": [155, 157, 158, 159], "summary": {"covered_lines": 4, "num_statements": 5, "percent_covered": 80.0, "percent_covered_display": "80", "missing_lines": 1, "excluded_lines": 0, "percent_statements_covered": 80.0, "percent_statements_covered_display": "80"}, "missing_lines": [156], "excluded_lines": [], "start_line": 153}, "stack": {"executed_lines": [164, 166, 167, 168], "summary": {"covered_lines": 4, "num_statements": 5, "percent_covered": 80.0, "percent_covered_display": "80", "missing_lines": 1, "excluded_lines": 0, "percent_statements_covered": 80.0, "percent_statements_covered_display": "80"}, "missing_lines": [165], "excluded_lines": [], "start_line": 162}, "split": {"executed_lines": [193, 194, 195, 197, 198], "summary": {"covered_lines": 5, "num_statements": 5, "percent_covered": 100.0, "percent_covered_display": "100", "missing_lines": 0, "excluded_lines": 0, "percent_statements_covered": 100.0, "percent_statements_covered_display": "100"}, "missing_lines": [], "excluded_lines": [], "start_line": 171}, "array_split": {"executed_lines": [226, 227, 228, 231], "summary": {"covered_lines": 4, "num_statements": 5, "percent_covered": 80.0, "percent_covered_display": "80", "missing_lines": 1, "excluded_lines": 0, "percent_statements_covered": 80.0, "percent_statements_covered_display": "80"}, "missing_lines": [230], "excluded_lines": [], "start_line": 201}, "": {"executed_lines": [15, 16, 17, 25, 49, 52, 153, 162, 171, 201], "summary": {"covered_lines": 10, "num_statements": 10, "percent_covered": 100.0, "percent_covered_display": "100", "missing_lines": 0, "excluded_lines": 0, "percent_statements_covered": 100.0, "percent_statements_covered_display": "100"}, "missing_lines": [], "excluded_lines": [], "start_line": 1}}, "classes": {"": {"executed_lines": [15, 16, 17, 25, 49, 52, 77, 79, 80, 82, 107, 108, 109, 110, 111, 112, 113, 114, 115, 116, 117, 118, 119, 120, 121, 122, 123, 124, 125, 126, 127, 128, 129, 130, 131, 132, 133, 134, 135, 136, 137, 138, 139, 140, 141, 142, 143, 144, 145, 146, 147, 148, 153, 155, 157, 158, 159, 162, 164, 166, 167, 168, 171, 193, 194, 195, 197, 198, 201, 226, 227, 228, 231], "summary": {"covered_lines": 73, "num_statements": 77, "percent_covered": 94.8051948051948, "percent_covered_display": "95", "missing_lines": 4, "excluded_lines": 0, "percent_statements_covered": 94.8051948051948, "percent_statements_covered_display": "95"}, "missing_lines": [150, 156, 165, 230], "excluded_lines": [], "start_line": 1}}}, "/opt/hostedtoolcache/Python/3.13.13/x64/lib/python3.13/site-packages/stablebear/typing.py": {"executed_lines": [15, 18, 26, 27, 28, 30, 31, 35, 38, 39, 42, 43, 44, 46, 47, 49, 55, 56, 57, 58, 59, 60, 63, 64, 65, 66, 69, 70, 73, 74, 77, 78, 79, 80, 83, 86, 89, 98, 108, 109, 110, 117, 118, 119, 124, 135, 138, 139, 140, 141, 142], "summary": {"covered_lines": 51, "num_statements": 54, "percent_covered": 94.44444444444444, "percent_covered_display": "94", "missing_lines": 3, "excluded_lines": 0, "percent_statements_covered": 94.44444444444444, "percent_statements_covered_display": "94"}, "missing_lines": [33, 36, 51], "excluded_lines": [], "functions": {"dtype.__init__": {"executed_lines": [27, 28], "summary": {"covered_lines": 2, "num_statements": 2, "percent_covered": 100.0, "percent_covered_display": "100", "missing_lines": 0, "excluded_lines": 0, "percent_statements_covered": 100.0, "percent_statements_covered_display": "100"}, "missing_lines": [], "excluded_lines": [], "start_line": 26}, "dtype.name": {"executed_lines": [], "summary": {"covered_lines": 0, "num_statements": 1, "percent_covered": 0.0, "percent_covered_display": "0", "missing_lines": 1, "excluded_lines": 0, "percent_statements_covered": 0.0, "percent_statements_covered_display": "0"}, "missing_lines": [33], "excluded_lines": [], "start_line": 31}, "dtype.__repr__": {"executed_lines": [], "summary": {"covered_lines": 0, "num_statements": 1, "percent_covered": 0.0, "percent_covered_display": "0", "missing_lines": 1, "excluded_lines": 0, "percent_statements_covered": 0.0, "percent_statements_covered_display": "0"}, "missing_lines": [36], "excluded_lines": [], "start_line": 35}, "dtype.__str__": {"executed_lines": [39], "summary": {"covered_lines": 1, "num_statements": 1, "percent_covered": 100.0, "percent_covered_display": "100", "missing_lines": 0, "excluded_lines": 0, "percent_statements_covered": 100.0, "percent_statements_covered_display": "100"}, "missing_lines": [], "excluded_lines": [], "start_line": 38}, "dtype.__name__": {"executed_lines": [44], "summary": {"covered_lines": 1, "num_statements": 1, "percent_covered": 100.0, "percent_covered_display": "100", "missing_lines": 0, "excluded_lines": 0, "percent_statements_covered": 100.0, "percent_statements_covered_display": "100"}, "missing_lines": [], "excluded_lines": [], "start_line": 43}, "dtype.__hash__": {"executed_lines": [47], "summary": {"covered_lines": 1, "num_statements": 1, "percent_covered": 100.0, "percent_covered_display": "100", "missing_lines": 0, "excluded_lines": 0, "percent_statements_covered": 100.0, "percent_statements_covered_display": "100"}, "missing_lines": [], "excluded_lines": [], "start_line": 46}, "dtype.__reduce__": {"executed_lines": [], "summary": {"covered_lines": 0, "num_statements": 1, "percent_covered": 0.0, "percent_covered_display": "0", "missing_lines": 1, "excluded_lines": 0, "percent_statements_covered": 0.0, "percent_statements_covered_display": "0"}, "missing_lines": [51], "excluded_lines": [], "start_line": 49}, "_assert_valid_dtype": {"executed_lines": [109, 110], "summary": {"covered_lines": 2, "num_statements": 2, "percent_covered": 100.0, "percent_covered_display": "100", "missing_lines": 0, "excluded_lines": 0, "percent_statements_covered": 100.0, "percent_statements_covered_display": "100"}, "missing_lines": [], "excluded_lines": [], "start_line": 108}, "_validate_dtype": {"executed_lines": [118, 119], "summary": {"covered_lines": 2, "num_statements": 2, "percent_covered": 100.0, "percent_covered_display": "100", "missing_lines": 0, "excluded_lines": 0, "percent_statements_covered": 100.0, "percent_statements_covered_display": "100"}, "missing_lines": [], "excluded_lines": [], "start_line": 117}, "_init_dtype_wrappers": {"executed_lines": [139, 140, 141, 142], "summary": {"covered_lines": 4, "num_statements": 4, "percent_covered": 100.0, "percent_covered_display": "100", "missing_lines": 0, "excluded_lines": 0, "percent_statements_covered": 100.0, "percent_statements_covered_display": "100"}, "missing_lines": [], "excluded_lines": [], "start_line": 138}, "": {"executed_lines": [15, 18, 26, 30, 31, 35, 38, 42, 43, 46, 49, 55, 56, 57, 58, 59, 60, 63, 64, 65, 66, 69, 70, 73, 74, 77, 78, 79, 80, 83, 86, 89, 98, 108, 117, 124, 135, 138], "summary": {"covered_lines": 38, "num_statements": 38, "percent_covered": 100.0, "percent_covered_display": "100", "missing_lines": 0, "excluded_lines": 0, "percent_statements_covered": 100.0, "percent_statements_covered_display": "100"}, "missing_lines": [], "excluded_lines": [], "start_line": 1}}, "classes": {"dtype": {"executed_lines": [27, 28, 39, 44, 47], "summary": {"covered_lines": 5, "num_statements": 8, "percent_covered": 62.5, "percent_covered_display": "62", "missing_lines": 3, "excluded_lines": 0, "percent_statements_covered": 62.5, "percent_statements_covered_display": "62"}, "missing_lines": [33, 36, 51], "excluded_lines": [], "start_line": 18}, "": {"executed_lines": [15, 18, 26, 30, 31, 35, 38, 42, 43, 46, 49, 55, 56, 57, 58, 59, 60, 63, 64, 65, 66, 69, 70, 73, 74, 77, 78, 79, 80, 83, 86, 89, 98, 108, 109, 110, 117, 118, 119, 124, 135, 138, 139, 140, 141, 142], "summary": {"covered_lines": 46, "num_statements": 46, "percent_covered": 100.0, "percent_covered_display": "100", "missing_lines": 0, "excluded_lines": 0, "percent_statements_covered": 100.0, "percent_statements_covered_display": "100"}, "missing_lines": [], "excluded_lines": [], "start_line": 1}}}}, "totals": {"covered_lines": 1685, "num_statements": 1961, "percent_covered": 85.92554818969913, "percent_covered_display": "86", "missing_lines": 276, "excluded_lines": 4, "percent_statements_covered": 85.92554818969913, "percent_statements_covered_display": "86"}}